ARM GAS  C:\Users\acer\AppData\Local\Temp\ccBtpibW.s 			page 1


   1              		.syntax unified
   2              		.cpu cortex-m3
   3              		.fpu softvfp
   4              		.eabi_attribute 20, 1
   5              		.eabi_attribute 21, 1
   6              		.eabi_attribute 23, 3
   7              		.eabi_attribute 24, 1
   8              		.eabi_attribute 25, 1
   9              		.eabi_attribute 26, 1
  10              		.eabi_attribute 30, 1
  11              		.eabi_attribute 34, 1
  12              		.eabi_attribute 18, 4
  13              		.thumb
  14              		.syntax unified
  15              		.file	"ErikaOS_1_eecfg.c"
  16              		.text
  17              	.Ltext0:
  18              		.cfi_sections	.debug_frame
  19              		.global	EE_oo_autostart_task_data
  20              		.comm	EE_ApplicationMode,4,4
  21              		.global	EE_oo_action_ROM
  22              		.comm	EE_oo_counter_object_RAM,32,4
  23              		.global	EE_oo_counter_object_ROM
  24              		.global	EE_ALARM_ID
  25              		.global	EE_ALARM_NAME
  26              		.global	EE_alarm_ROM
  27              		.global	EE_counter_RAM
  28              		.global	EE_counter_ROM
  29              		.global	EE_th_is_extended
  30              		.global	EE_th_waswaiting
  31              		.global	EE_th_event_waitmask
  32              		.global	EE_th_event_active
  33              		.global	EE_th_terminate_nextask
  34              		.global	EE_rq_free
  35              		.comm	EE_rq_pairs_tid,24,4
  36              		.global	EE_rq_pairs_next
  37              		.global	EE_rq_link
  38              		.global	EE_th_rnact_max
  39              		.global	EE_th_rnact
  40              		.global	EE_rq_bitmask
  41              		.global	EE_rq_queues_tail
  42              		.global	EE_rq_queues_head
  43              		.global	EE_sys_ceiling
  44              		.global	EE_stkfirst
  45              		.global	EE_th_next
  46              		.global	EE_th_status
  47              		.global	EE_th_dispatch_prio
  48              		.global	EE_EVENT_ID
  49              		.global	EE_EVENT_NAME
  50              		.global	EE_TASK_NAME
  51              		.global	EE_th_ready_prio
  52              		.global	EE_terminate_real_th_body
  53              		.comm	EE_terminate_data,24,4
  54              		.global	EE_hal_thread_body
  55              		.global	EE_cortex_mx_IRQ_tos
  56              		.global	EE_cortex_mx_active_tos
  57              		.global	EE_cortex_mx_system_tos
ARM GAS  C:\Users\acer\AppData\Local\Temp\ccBtpibW.s 			page 2


  58              		.global	EE_std_thread_tos
  59              		.comm	EE_cortex_mx_stack_9,512,4
  60              		.comm	EE_cortex_mx_stack_4,1000,4
  61              		.comm	EE_cortex_mx_stack_3,1000,4
  62              		.section	.rodata
  63              		.align	2
  64              		.type	EE_oo_autostart_task_data, %object
  65              		.size	EE_oo_autostart_task_data, 8
  66              	EE_oo_autostart_task_data:
  67 0000 01000000 		.word	1
  68 0004 08000000 		.word	EE_oo_autostart_task_mode_OSDEFAULTAPPMODE
  69              		.type	EE_oo_autostart_task_mode_OSDEFAULTAPPMODE, %object
  70              		.size	EE_oo_autostart_task_mode_OSDEFAULTAPPMODE, 4
  71              	EE_oo_autostart_task_mode_OSDEFAULTAPPMODE:
  72 0008 00000000 		.space	4
  73              		.type	EE_oo_action_ROM, %object
  74              		.size	EE_oo_action_ROM, 40
  75              	EE_oo_action_ROM:
  76 000c 00       		.byte	0
  77 000d 000000   		.space	3
  78 0010 04000000 		.word	4
  79 0014 00000000 		.word	0
  80 0018 00000000 		.word	0
  81 001c FFFFFFFF 		.word	-1
  82 0020 00       		.byte	0
  83 0021 000000   		.space	3
  84 0024 05000000 		.word	5
  85 0028 00000000 		.word	0
  86 002c 00000000 		.word	0
  87 0030 FFFFFFFF 		.word	-1
  88              		.type	EE_oo_counter_object_ROM, %object
  89              		.size	EE_oo_counter_object_ROM, 24
  90              	EE_oo_counter_object_ROM:
  91 0034 00000000 		.word	0
  92 0038 00000000 		.word	0
  93 003c 00       		.byte	0
  94 003d 000000   		.space	3
  95 0040 00000000 		.word	0
  96 0044 01000000 		.word	1
  97 0048 00       		.byte	0
  98 0049 000000   		.space	3
  99              		.type	EE_ALARM_ID, %object
 100              		.size	EE_ALARM_ID, 8
 101              	EE_ALARM_ID:
 102 004c 00000000 		.word	0
 103 0050 01000000 		.word	1
 104              		.type	EE_alarm_ROM, %object
 105              		.size	EE_alarm_ROM, 8
 106              	EE_alarm_ROM:
 107 0054 00000000 		.word	0
 108 0058 01000000 		.word	1
 109              		.type	EE_counter_ROM, %object
 110              		.size	EE_counter_ROM, 12
 111              	EE_counter_ROM:
 112 005c 10270000 		.word	10000
 113 0060 01000000 		.word	1
 114 0064 00000000 		.word	0
ARM GAS  C:\Users\acer\AppData\Local\Temp\ccBtpibW.s 			page 3


 115              		.type	EE_th_is_extended, %object
 116              		.size	EE_th_is_extended, 24
 117              	EE_th_is_extended:
 118 0068 00000000 		.word	0
 119 006c 00000000 		.word	0
 120 0070 01000000 		.word	1
 121 0074 01000000 		.word	1
 122 0078 00000000 		.word	0
 123 007c 00000000 		.word	0
 124              		.type	EE_th_rnact_max, %object
 125              		.size	EE_th_rnact_max, 24
 126              	EE_th_rnact_max:
 127 0080 01000000 		.word	1
 128 0084 01000000 		.word	1
 129 0088 01000000 		.word	1
 130 008c 01000000 		.word	1
 131 0090 01000000 		.word	1
 132 0094 01000000 		.word	1
 133              		.type	EE_th_dispatch_prio, %object
 134              		.size	EE_th_dispatch_prio, 24
 135              	EE_th_dispatch_prio:
 136 0098 80000000 		.word	128
 137 009c 01000000 		.word	1
 138 00a0 10000000 		.word	16
 139 00a4 08000000 		.word	8
 140 00a8 40000000 		.word	64
 141 00ac 04000000 		.word	4
 142              		.type	EE_EVENT_ID, %object
 143              		.size	EE_EVENT_ID, 16
 144              	EE_EVENT_ID:
 145 00b0 01000000 		.word	1
 146 00b4 02000000 		.word	2
 147 00b8 04000000 		.word	4
 148 00bc 08000000 		.word	8
 149              		.type	EE_th_ready_prio, %object
 150              		.size	EE_th_ready_prio, 24
 151              	EE_th_ready_prio:
 152 00c0 01000000 		.word	1
 153 00c4 01000000 		.word	1
 154 00c8 10000000 		.word	16
 155 00cc 08000000 		.word	8
 156 00d0 40000000 		.word	64
 157 00d4 04000000 		.word	4
 158              		.type	EE_terminate_real_th_body, %object
 159              		.size	EE_terminate_real_th_body, 24
 160              	EE_terminate_real_th_body:
 161 00d8 00000000 		.word	Functsk_init
 162 00dc 00000000 		.word	Functsk_background
 163 00e0 00000000 		.word	Functsk_event
 164 00e4 00000000 		.word	Functsk_button
 165 00e8 00000000 		.word	Functsk_timer
 166 00ec 00000000 		.word	Functsk_arcadian
 167              		.type	EE_hal_thread_body, %object
 168              		.size	EE_hal_thread_body, 24
 169              	EE_hal_thread_body:
 170 00f0 00000000 		.word	EE_oo_thread_stub
 171 00f4 00000000 		.word	EE_oo_thread_stub
ARM GAS  C:\Users\acer\AppData\Local\Temp\ccBtpibW.s 			page 4


 172 00f8 00000000 		.word	EE_oo_thread_stub
 173 00fc 00000000 		.word	EE_oo_thread_stub
 174 0100 00000000 		.word	EE_oo_thread_stub
 175 0104 00000000 		.word	EE_oo_thread_stub
 176              		.type	EE_std_thread_tos, %object
 177              		.size	EE_std_thread_tos, 28
 178              	EE_std_thread_tos:
 179 0108 00000000 		.word	0
 180 010c 00000000 		.word	0
 181 0110 00000000 		.word	0
 182 0114 01000000 		.word	1
 183 0118 02000000 		.word	2
 184 011c 00000000 		.word	0
 185 0120 00000000 		.word	0
 186              		.data
 187              		.align	2
 188              		.type	EE_ALARM_NAME, %object
 189              		.size	EE_ALARM_NAME, 8
 190              	EE_ALARM_NAME:
 191 0000 00000000 		.word	.LC0
 192 0004 10000000 		.word	.LC1
 193              		.type	EE_counter_RAM, %object
 194              		.size	EE_counter_RAM, 8
 195              	EE_counter_RAM:
 196 0008 00000000 		.word	0
 197 000c FFFFFFFF 		.word	-1
 198              		.type	EE_th_terminate_nextask, %object
 199              		.size	EE_th_terminate_nextask, 24
 200              	EE_th_terminate_nextask:
 201 0010 FFFFFFFF 		.word	-1
 202 0014 FFFFFFFF 		.word	-1
 203 0018 FFFFFFFF 		.word	-1
 204 001c FFFFFFFF 		.word	-1
 205 0020 FFFFFFFF 		.word	-1
 206 0024 FFFFFFFF 		.word	-1
 207              		.type	EE_rq_pairs_next, %object
 208              		.size	EE_rq_pairs_next, 24
 209              	EE_rq_pairs_next:
 210 0028 01000000 		.word	1
 211 002c 02000000 		.word	2
 212 0030 03000000 		.word	3
 213 0034 04000000 		.word	4
 214 0038 05000000 		.word	5
 215 003c FFFFFFFF 		.word	-1
 216              		.type	EE_rq_link, %object
 217              		.size	EE_rq_link, 24
 218              	EE_rq_link:
 219 0040 00000000 		.word	0
 220 0044 00000000 		.word	0
 221 0048 04000000 		.word	4
 222 004c 03000000 		.word	3
 223 0050 06000000 		.word	6
 224 0054 02000000 		.word	2
 225              		.type	EE_th_rnact, %object
 226              		.size	EE_th_rnact, 24
 227              	EE_th_rnact:
 228 0058 01000000 		.word	1
ARM GAS  C:\Users\acer\AppData\Local\Temp\ccBtpibW.s 			page 5


 229 005c 01000000 		.word	1
 230 0060 01000000 		.word	1
 231 0064 01000000 		.word	1
 232 0068 01000000 		.word	1
 233 006c 01000000 		.word	1
 234              		.type	EE_rq_queues_tail, %object
 235              		.size	EE_rq_queues_tail, 64
 236              	EE_rq_queues_tail:
 237 0070 FFFFFFFF 		.word	-1
 238 0074 FFFFFFFF 		.word	-1
 239 0078 FFFFFFFF 		.word	-1
 240 007c FFFFFFFF 		.word	-1
 241 0080 FFFFFFFF 		.word	-1
 242 0084 FFFFFFFF 		.word	-1
 243 0088 FFFFFFFF 		.word	-1
 244 008c FFFFFFFF 		.word	-1
 245 0090 FFFFFFFF 		.word	-1
 246 0094 FFFFFFFF 		.word	-1
 247 0098 FFFFFFFF 		.word	-1
 248 009c FFFFFFFF 		.word	-1
 249 00a0 FFFFFFFF 		.word	-1
 250 00a4 FFFFFFFF 		.word	-1
 251 00a8 FFFFFFFF 		.word	-1
 252 00ac FFFFFFFF 		.word	-1
 253              		.type	EE_rq_queues_head, %object
 254              		.size	EE_rq_queues_head, 64
 255              	EE_rq_queues_head:
 256 00b0 FFFFFFFF 		.word	-1
 257 00b4 FFFFFFFF 		.word	-1
 258 00b8 FFFFFFFF 		.word	-1
 259 00bc FFFFFFFF 		.word	-1
 260 00c0 FFFFFFFF 		.word	-1
 261 00c4 FFFFFFFF 		.word	-1
 262 00c8 FFFFFFFF 		.word	-1
 263 00cc FFFFFFFF 		.word	-1
 264 00d0 FFFFFFFF 		.word	-1
 265 00d4 FFFFFFFF 		.word	-1
 266 00d8 FFFFFFFF 		.word	-1
 267 00dc FFFFFFFF 		.word	-1
 268 00e0 FFFFFFFF 		.word	-1
 269 00e4 FFFFFFFF 		.word	-1
 270 00e8 FFFFFFFF 		.word	-1
 271 00ec FFFFFFFF 		.word	-1
 272              		.type	EE_stkfirst, %object
 273              		.size	EE_stkfirst, 4
 274              	EE_stkfirst:
 275 00f0 FFFFFFFF 		.word	-1
 276              		.type	EE_th_next, %object
 277              		.size	EE_th_next, 24
 278              	EE_th_next:
 279 00f4 FFFFFFFF 		.word	-1
 280 00f8 FFFFFFFF 		.word	-1
 281 00fc FFFFFFFF 		.word	-1
 282 0100 FFFFFFFF 		.word	-1
 283 0104 FFFFFFFF 		.word	-1
 284 0108 FFFFFFFF 		.word	-1
 285              		.type	EE_th_status, %object
ARM GAS  C:\Users\acer\AppData\Local\Temp\ccBtpibW.s 			page 6


 286              		.size	EE_th_status, 24
 287              	EE_th_status:
 288 010c 03000000 		.word	3
 289 0110 03000000 		.word	3
 290 0114 03000000 		.word	3
 291 0118 03000000 		.word	3
 292 011c 03000000 		.word	3
 293 0120 03000000 		.word	3
 294              		.type	EE_EVENT_NAME, %object
 295              		.size	EE_EVENT_NAME, 16
 296              	EE_EVENT_NAME:
 297 0124 20000000 		.word	.LC2
 298 0128 2C000000 		.word	.LC3
 299 012c 38000000 		.word	.LC4
 300 0130 44000000 		.word	.LC5
 301              		.type	EE_TASK_NAME, %object
 302              		.size	EE_TASK_NAME, 24
 303              	EE_TASK_NAME:
 304 0134 50000000 		.word	.LC6
 305 0138 5C000000 		.word	.LC7
 306 013c 6C000000 		.word	.LC8
 307 0140 78000000 		.word	.LC9
 308 0144 84000000 		.word	.LC10
 309 0148 90000000 		.word	.LC11
 310              		.type	EE_cortex_mx_IRQ_tos, %object
 311              		.size	EE_cortex_mx_IRQ_tos, 4
 312              	EE_cortex_mx_IRQ_tos:
 313 014c 00020000 		.word	EE_cortex_mx_stack_9+512
 314              		.type	EE_cortex_mx_system_tos, %object
 315              		.size	EE_cortex_mx_system_tos, 12
 316              	EE_cortex_mx_system_tos:
 317 0150 00000000 		.word	0
 318 0154 C0030000 		.word	EE_cortex_mx_stack_3+960
 319 0158 C0030000 		.word	EE_cortex_mx_stack_4+960
 320              		.section	.rodata.str1.4,"aMS",%progbits,1
 321              		.align	2
 322              	.LC0:
 323 0000 616C726D 		.ascii	"alrm_Tick1ms\000"
 323      5F546963 
 323      6B316D73 
 323      00
 324 000d 000000   		.space	3
 325              	.LC1:
 326 0010 616C726D 		.ascii	"alrm_arcadian\000"
 326      5F617263 
 326      61646961 
 326      6E00
 327 001e 0000     		.space	2
 328              	.LC2:
 329 0020 65765F42 		.ascii	"ev_Button_1\000"
 329      7574746F 
 329      6E5F3100 
 330              	.LC3:
 331 002c 65765F42 		.ascii	"ev_Button_2\000"
 331      7574746F 
 331      6E5F3200 
 332              	.LC4:
ARM GAS  C:\Users\acer\AppData\Local\Temp\ccBtpibW.s 			page 7


 333 0038 65765F42 		.ascii	"ev_Button_3\000"
 333      7574746F 
 333      6E5F3300 
 334              	.LC5:
 335 0044 65765F42 		.ascii	"ev_Button_4\000"
 335      7574746F 
 335      6E5F3400 
 336              	.LC6:
 337 0050 74736B5F 		.ascii	"tsk_init\000"
 337      696E6974 
 337      00
 338 0059 000000   		.space	3
 339              	.LC7:
 340 005c 74736B5F 		.ascii	"tsk_background\000"
 340      6261636B 
 340      67726F75 
 340      6E6400
 341 006b 00       		.space	1
 342              	.LC8:
 343 006c 74736B5F 		.ascii	"tsk_event\000"
 343      6576656E 
 343      7400
 344 0076 0000     		.space	2
 345              	.LC9:
 346 0078 74736B5F 		.ascii	"tsk_button\000"
 346      62757474 
 346      6F6E00
 347 0083 00       		.space	1
 348              	.LC10:
 349 0084 74736B5F 		.ascii	"tsk_timer\000"
 349      74696D65 
 349      7200
 350 008e 0000     		.space	2
 351              	.LC11:
 352 0090 74736B5F 		.ascii	"tsk_arcadian\000"
 352      61726361 
 352      6469616E 
 352      00
 353              		.bss
 354              		.align	2
 355              		.type	EE_th_waswaiting, %object
 356              		.size	EE_th_waswaiting, 24
 357              	EE_th_waswaiting:
 358 0000 00000000 		.space	24
 358      00000000 
 358      00000000 
 358      00000000 
 358      00000000 
 359              		.type	EE_th_event_waitmask, %object
 360              		.size	EE_th_event_waitmask, 24
 361              	EE_th_event_waitmask:
 362 0018 00000000 		.space	24
 362      00000000 
 362      00000000 
 362      00000000 
 362      00000000 
 363              		.type	EE_th_event_active, %object
ARM GAS  C:\Users\acer\AppData\Local\Temp\ccBtpibW.s 			page 8


 364              		.size	EE_th_event_active, 24
 365              	EE_th_event_active:
 366 0030 00000000 		.space	24
 366      00000000 
 366      00000000 
 366      00000000 
 366      00000000 
 367              		.type	EE_rq_free, %object
 368              		.size	EE_rq_free, 4
 369              	EE_rq_free:
 370 0048 00000000 		.space	4
 371              		.type	EE_rq_bitmask, %object
 372              		.size	EE_rq_bitmask, 2
 373              	EE_rq_bitmask:
 374 004c 0000     		.space	2
 375 004e 0000     		.space	2
 376              		.type	EE_sys_ceiling, %object
 377              		.size	EE_sys_ceiling, 4
 378              	EE_sys_ceiling:
 379 0050 00000000 		.space	4
 380              		.type	EE_cortex_mx_active_tos, %object
 381              		.size	EE_cortex_mx_active_tos, 4
 382              	EE_cortex_mx_active_tos:
 383 0054 00000000 		.space	4
 384              		.text
 385              	.Letext0:
 386              		.file 1 "Generated_Source\\PSoC5\\ErikaOS_1_common_ee_types.inc"
 387              		.file 2 "Generated_Source\\PSoC5\\ErikaOS_1_cortex_mx_ee_cpu.inc"
 388              		.file 3 "Generated_Source\\PSoC5\\ErikaOS_1_ee_oo_common.inc"
 389              		.file 4 "Generated_Source\\PSoC5\\ErikaOS_1_common_ee_hal_structs.inc"
 390              		.file 5 "Generated_Source\\PSoC5\\ErikaOS_1_eecfg.c"
 391              		.file 6 "Generated_Source\\PSoC5\\ErikaOS_1_ee_oo_intfunc.inc"
 392              		.file 7 "Generated_Source\\PSoC5\\ErikaOS_1_cortex_mx_ee_context.inc"
 393              		.file 8 "Generated_Source\\PSoC5\\ErikaOS_1_common_ee_primitives.inc"
 394              		.section	.debug_info,"",%progbits
 395              	.Ldebug_info0:
 396 0000 C3080000 		.4byte	0x8c3
 397 0004 0400     		.2byte	0x4
 398 0006 00000000 		.4byte	.Ldebug_abbrev0
 399 000a 04       		.byte	0x4
 400 000b 01       		.uleb128 0x1
 401 000c 25050000 		.4byte	.LASF113
 402 0010 0C       		.byte	0xc
 403 0011 49070000 		.4byte	.LASF114
 404 0015 00000000 		.4byte	.LASF115
 405 0019 00000000 		.4byte	.Ldebug_line0
 406 001d 02       		.uleb128 0x2
 407 001e 01       		.byte	0x1
 408 001f 06       		.byte	0x6
 409 0020 4A010000 		.4byte	.LASF0
 410 0024 02       		.uleb128 0x2
 411 0025 01       		.byte	0x1
 412 0026 08       		.byte	0x8
 413 0027 88040000 		.4byte	.LASF1
 414 002b 02       		.uleb128 0x2
 415 002c 02       		.byte	0x2
 416 002d 05       		.byte	0x5
ARM GAS  C:\Users\acer\AppData\Local\Temp\ccBtpibW.s 			page 9


 417 002e CD040000 		.4byte	.LASF2
 418 0032 02       		.uleb128 0x2
 419 0033 02       		.byte	0x2
 420 0034 07       		.byte	0x7
 421 0035 AE020000 		.4byte	.LASF3
 422 0039 02       		.uleb128 0x2
 423 003a 04       		.byte	0x4
 424 003b 05       		.byte	0x5
 425 003c D1010000 		.4byte	.LASF4
 426 0040 02       		.uleb128 0x2
 427 0041 04       		.byte	0x4
 428 0042 07       		.byte	0x7
 429 0043 6C020000 		.4byte	.LASF5
 430 0047 02       		.uleb128 0x2
 431 0048 08       		.byte	0x8
 432 0049 05       		.byte	0x5
 433 004a 3C010000 		.4byte	.LASF6
 434 004e 02       		.uleb128 0x2
 435 004f 08       		.byte	0x8
 436 0050 07       		.byte	0x7
 437 0051 99000000 		.4byte	.LASF7
 438 0055 03       		.uleb128 0x3
 439 0056 04       		.byte	0x4
 440 0057 05       		.byte	0x5
 441 0058 696E7400 		.ascii	"int\000"
 442 005c 02       		.uleb128 0x2
 443 005d 04       		.byte	0x4
 444 005e 07       		.byte	0x7
 445 005f 34020000 		.4byte	.LASF8
 446 0063 02       		.uleb128 0x2
 447 0064 08       		.byte	0x8
 448 0065 04       		.byte	0x4
 449 0066 D6030000 		.4byte	.LASF9
 450 006a 04       		.uleb128 0x4
 451 006b 55040000 		.4byte	.LASF10
 452 006f 01       		.byte	0x1
 453 0070 52       		.byte	0x52
 454 0071 32000000 		.4byte	0x32
 455 0075 04       		.uleb128 0x4
 456 0076 2E070000 		.4byte	.LASF11
 457 007a 01       		.byte	0x1
 458 007b 53       		.byte	0x53
 459 007c 55000000 		.4byte	0x55
 460 0080 04       		.uleb128 0x4
 461 0081 24070000 		.4byte	.LASF12
 462 0085 01       		.byte	0x1
 463 0086 54       		.byte	0x54
 464 0087 5C000000 		.4byte	0x5c
 465 008b 04       		.uleb128 0x4
 466 008c A2070000 		.4byte	.LASF13
 467 0090 01       		.byte	0x1
 468 0091 64       		.byte	0x64
 469 0092 96000000 		.4byte	0x96
 470 0096 05       		.uleb128 0x5
 471 0097 04       		.byte	0x4
 472 0098 06       		.uleb128 0x6
 473 0099 04       		.byte	0x4
ARM GAS  C:\Users\acer\AppData\Local\Temp\ccBtpibW.s 			page 10


 474 009a 9E000000 		.4byte	0x9e
 475 009e 07       		.uleb128 0x7
 476 009f 04       		.uleb128 0x4
 477 00a0 59030000 		.4byte	.LASF14
 478 00a4 01       		.byte	0x1
 479 00a5 70       		.byte	0x70
 480 00a6 98000000 		.4byte	0x98
 481 00aa 04       		.uleb128 0x4
 482 00ab BF050000 		.4byte	.LASF15
 483 00af 01       		.byte	0x1
 484 00b0 73       		.byte	0x73
 485 00b1 98000000 		.4byte	0x98
 486 00b5 04       		.uleb128 0x4
 487 00b6 41020000 		.4byte	.LASF16
 488 00ba 02       		.byte	0x2
 489 00bb 4D       		.byte	0x4d
 490 00bc 80000000 		.4byte	0x80
 491 00c0 04       		.uleb128 0x4
 492 00c1 F8030000 		.4byte	.LASF17
 493 00c5 02       		.byte	0x2
 494 00c6 4E       		.byte	0x4e
 495 00c7 75000000 		.4byte	0x75
 496 00cb 04       		.uleb128 0x4
 497 00cc BC070000 		.4byte	.LASF18
 498 00d0 02       		.byte	0x2
 499 00d1 4F       		.byte	0x4f
 500 00d2 80000000 		.4byte	0x80
 501 00d6 04       		.uleb128 0x4
 502 00d7 78000000 		.4byte	.LASF19
 503 00db 02       		.byte	0x2
 504 00dc 54       		.byte	0x54
 505 00dd B5000000 		.4byte	0xb5
 506 00e1 04       		.uleb128 0x4
 507 00e2 27020000 		.4byte	.LASF20
 508 00e6 02       		.byte	0x2
 509 00e7 78       		.byte	0x78
 510 00e8 75000000 		.4byte	0x75
 511 00ec 08       		.uleb128 0x8
 512 00ed EE000000 		.4byte	.LASF61
 513 00f1 04       		.byte	0x4
 514 00f2 04       		.byte	0x4
 515 00f3 4D       		.byte	0x4d
 516 00f4 05010000 		.4byte	0x105
 517 00f8 09       		.uleb128 0x9
 518 00f9 8E070000 		.4byte	.LASF28
 519 00fd 04       		.byte	0x4
 520 00fe 4E       		.byte	0x4e
 521 00ff 8B000000 		.4byte	0x8b
 522 0103 00       		.byte	0
 523 0104 00       		.byte	0
 524 0105 0A       		.uleb128 0xa
 525 0106 BD030000 		.4byte	.LASF21
 526 010a 03       		.byte	0x3
 527 010b 1101     		.2byte	0x111
 528 010d 6A000000 		.4byte	0x6a
 529 0111 0A       		.uleb128 0xa
 530 0112 E5000000 		.4byte	.LASF22
ARM GAS  C:\Users\acer\AppData\Local\Temp\ccBtpibW.s 			page 11


 531 0116 03       		.byte	0x3
 532 0117 F701     		.2byte	0x1f7
 533 0119 E1000000 		.4byte	0xe1
 534 011d 0A       		.uleb128 0xa
 535 011e 6D010000 		.4byte	.LASF23
 536 0122 03       		.byte	0x3
 537 0123 2C02     		.2byte	0x22c
 538 0125 B5000000 		.4byte	0xb5
 539 0129 0A       		.uleb128 0xa
 540 012a 58000000 		.4byte	.LASF24
 541 012e 03       		.byte	0x3
 542 012f 3502     		.2byte	0x235
 543 0131 B5000000 		.4byte	0xb5
 544 0135 0A       		.uleb128 0xa
 545 0136 18060000 		.4byte	.LASF25
 546 013a 03       		.byte	0x3
 547 013b 5D02     		.2byte	0x25d
 548 013d B5000000 		.4byte	0xb5
 549 0141 0A       		.uleb128 0xa
 550 0142 6D000000 		.4byte	.LASF26
 551 0146 03       		.byte	0x3
 552 0147 6302     		.2byte	0x263
 553 0149 B5000000 		.4byte	0xb5
 554 014d 0A       		.uleb128 0xa
 555 014e 6A030000 		.4byte	.LASF27
 556 0152 03       		.byte	0x3
 557 0153 6C02     		.2byte	0x26c
 558 0155 B5000000 		.4byte	0xb5
 559 0159 0B       		.uleb128 0xb
 560 015a 0C       		.byte	0xc
 561 015b 03       		.byte	0x3
 562 015c 7202     		.2byte	0x272
 563 015e 8A010000 		.4byte	0x18a
 564 0162 0C       		.uleb128 0xc
 565 0163 F5000000 		.4byte	.LASF29
 566 0167 03       		.byte	0x3
 567 0168 7302     		.2byte	0x273
 568 016a 29010000 		.4byte	0x129
 569 016e 00       		.byte	0
 570 016f 0C       		.uleb128 0xc
 571 0170 00040000 		.4byte	.LASF30
 572 0174 03       		.byte	0x3
 573 0175 7402     		.2byte	0x274
 574 0177 29010000 		.4byte	0x129
 575 017b 04       		.byte	0x4
 576 017c 0C       		.uleb128 0xc
 577 017d 1E020000 		.4byte	.LASF31
 578 0181 03       		.byte	0x3
 579 0182 7502     		.2byte	0x275
 580 0184 29010000 		.4byte	0x129
 581 0188 08       		.byte	0x8
 582 0189 00       		.byte	0
 583 018a 0A       		.uleb128 0xa
 584 018b 0E050000 		.4byte	.LASF32
 585 018f 03       		.byte	0x3
 586 0190 7A02     		.2byte	0x27a
 587 0192 59010000 		.4byte	0x159
ARM GAS  C:\Users\acer\AppData\Local\Temp\ccBtpibW.s 			page 12


 588 0196 0B       		.uleb128 0xb
 589 0197 08       		.byte	0x8
 590 0198 03       		.byte	0x3
 591 0199 7D02     		.2byte	0x27d
 592 019b BA010000 		.4byte	0x1ba
 593 019f 0C       		.uleb128 0xc
 594 01a0 2E020000 		.4byte	.LASF33
 595 01a4 03       		.byte	0x3
 596 01a5 7E02     		.2byte	0x27e
 597 01a7 29010000 		.4byte	0x129
 598 01ab 00       		.byte	0
 599 01ac 0C       		.uleb128 0xc
 600 01ad 12060000 		.4byte	.LASF34
 601 01b1 03       		.byte	0x3
 602 01b2 7F02     		.2byte	0x27f
 603 01b4 35010000 		.4byte	0x135
 604 01b8 04       		.byte	0x4
 605 01b9 00       		.byte	0
 606 01ba 0A       		.uleb128 0xa
 607 01bb AE010000 		.4byte	.LASF35
 608 01bf 03       		.byte	0x3
 609 01c0 8002     		.2byte	0x280
 610 01c2 96010000 		.4byte	0x196
 611 01c6 0D       		.uleb128 0xd
 612 01c7 01       		.byte	0x1
 613 01c8 24000000 		.4byte	0x24
 614 01cc 03       		.byte	0x3
 615 01cd 8A02     		.2byte	0x28a
 616 01cf E0010000 		.4byte	0x1e0
 617 01d3 0E       		.uleb128 0xe
 618 01d4 96040000 		.4byte	.LASF36
 619 01d8 00       		.byte	0
 620 01d9 0E       		.uleb128 0xe
 621 01da 5F040000 		.4byte	.LASF37
 622 01de 01       		.byte	0x1
 623 01df 00       		.byte	0
 624 01e0 0A       		.uleb128 0xa
 625 01e1 D9020000 		.4byte	.LASF38
 626 01e5 03       		.byte	0x3
 627 01e6 8D02     		.2byte	0x28d
 628 01e8 C6010000 		.4byte	0x1c6
 629 01ec 0A       		.uleb128 0xa
 630 01ed 05030000 		.4byte	.LASF39
 631 01f1 03       		.byte	0x3
 632 01f2 9002     		.2byte	0x290
 633 01f4 E0010000 		.4byte	0x1e0
 634 01f8 0B       		.uleb128 0xb
 635 01f9 0C       		.byte	0xc
 636 01fa 03       		.byte	0x3
 637 01fb 9402     		.2byte	0x294
 638 01fd 27020000 		.4byte	0x227
 639 0201 0F       		.uleb128 0xf
 640 0202 6300     		.ascii	"c\000"
 641 0204 03       		.byte	0x3
 642 0205 9602     		.2byte	0x296
 643 0207 4D010000 		.4byte	0x14d
 644 020b 00       		.byte	0
ARM GAS  C:\Users\acer\AppData\Local\Temp\ccBtpibW.s 			page 13


 645 020c 0C       		.uleb128 0xc
 646 020d 6F060000 		.4byte	.LASF40
 647 0211 03       		.byte	0x3
 648 0212 9802     		.2byte	0x298
 649 0214 35010000 		.4byte	0x135
 650 0218 04       		.byte	0x4
 651 0219 0C       		.uleb128 0xc
 652 021a A9020000 		.4byte	.LASF41
 653 021e 03       		.byte	0x3
 654 021f 9A02     		.2byte	0x29a
 655 0221 EC010000 		.4byte	0x1ec
 656 0225 08       		.byte	0x8
 657 0226 00       		.byte	0
 658 0227 0A       		.uleb128 0xa
 659 0228 B6000000 		.4byte	.LASF42
 660 022c 03       		.byte	0x3
 661 022d 9B02     		.2byte	0x29b
 662 022f F8010000 		.4byte	0x1f8
 663 0233 0B       		.uleb128 0xb
 664 0234 10       		.byte	0x10
 665 0235 03       		.byte	0x3
 666 0236 9F02     		.2byte	0x29f
 667 0238 71020000 		.4byte	0x271
 668 023c 0C       		.uleb128 0xc
 669 023d 0D040000 		.4byte	.LASF43
 670 0241 03       		.byte	0x3
 671 0242 A002     		.2byte	0x2a0
 672 0244 D6000000 		.4byte	0xd6
 673 0248 00       		.byte	0
 674 0249 0C       		.uleb128 0xc
 675 024a 85070000 		.4byte	.LASF44
 676 024e 03       		.byte	0x3
 677 024f A102     		.2byte	0x2a1
 678 0251 29010000 		.4byte	0x129
 679 0255 04       		.byte	0x4
 680 0256 0C       		.uleb128 0xc
 681 0257 B0000000 		.4byte	.LASF45
 682 025b 03       		.byte	0x3
 683 025c A202     		.2byte	0x2a2
 684 025e 29010000 		.4byte	0x129
 685 0262 08       		.byte	0x8
 686 0263 0C       		.uleb128 0xc
 687 0264 3B000000 		.4byte	.LASF46
 688 0268 03       		.byte	0x3
 689 0269 A302     		.2byte	0x2a3
 690 026b 35010000 		.4byte	0x135
 691 026f 0C       		.byte	0xc
 692 0270 00       		.byte	0
 693 0271 0A       		.uleb128 0xa
 694 0272 12040000 		.4byte	.LASF47
 695 0276 03       		.byte	0x3
 696 0277 A402     		.2byte	0x2a4
 697 0279 33020000 		.4byte	0x233
 698 027d 0D       		.uleb128 0xd
 699 027e 01       		.byte	0x1
 700 027f 24000000 		.4byte	0x24
 701 0283 03       		.byte	0x3
ARM GAS  C:\Users\acer\AppData\Local\Temp\ccBtpibW.s 			page 14


 702 0284 A702     		.2byte	0x2a7
 703 0286 A3020000 		.4byte	0x2a3
 704 028a 0E       		.uleb128 0xe
 705 028b 2F060000 		.4byte	.LASF48
 706 028f 00       		.byte	0
 707 0290 0E       		.uleb128 0xe
 708 0291 77060000 		.4byte	.LASF49
 709 0295 01       		.byte	0x1
 710 0296 0E       		.uleb128 0xe
 711 0297 4E060000 		.4byte	.LASF50
 712 029b 02       		.byte	0x2
 713 029c 0E       		.uleb128 0xe
 714 029d F1050000 		.4byte	.LASF51
 715 02a1 03       		.byte	0x3
 716 02a2 00       		.byte	0
 717 02a3 0A       		.uleb128 0xa
 718 02a4 56010000 		.4byte	.LASF52
 719 02a8 03       		.byte	0x3
 720 02a9 AC02     		.2byte	0x2ac
 721 02ab 7D020000 		.4byte	0x27d
 722 02af 0A       		.uleb128 0xa
 723 02b0 D3060000 		.4byte	.LASF53
 724 02b4 03       		.byte	0x3
 725 02b5 AF02     		.2byte	0x2af
 726 02b7 A3020000 		.4byte	0x2a3
 727 02bb 0B       		.uleb128 0xb
 728 02bc 14       		.byte	0x14
 729 02bd 03       		.byte	0x3
 730 02be B202     		.2byte	0x2b2
 731 02c0 04030000 		.4byte	0x304
 732 02c4 0C       		.uleb128 0xc
 733 02c5 A9060000 		.4byte	.LASF54
 734 02c9 03       		.byte	0x3
 735 02ca B302     		.2byte	0x2b3
 736 02cc AF020000 		.4byte	0x2af
 737 02d0 00       		.byte	0
 738 02d1 0C       		.uleb128 0xc
 739 02d2 96070000 		.4byte	.LASF55
 740 02d6 03       		.byte	0x3
 741 02d7 B402     		.2byte	0x2b4
 742 02d9 11010000 		.4byte	0x111
 743 02dd 04       		.byte	0x4
 744 02de 0C       		.uleb128 0xc
 745 02df B3050000 		.4byte	.LASF56
 746 02e3 03       		.byte	0x3
 747 02e4 B602     		.2byte	0x2b6
 748 02e6 1D010000 		.4byte	0x11d
 749 02ea 08       		.byte	0x8
 750 02eb 0F       		.uleb128 0xf
 751 02ec 6600     		.ascii	"f\000"
 752 02ee 03       		.byte	0x3
 753 02ef B802     		.2byte	0x2b8
 754 02f1 9F000000 		.4byte	0x9f
 755 02f5 0C       		.byte	0xc
 756 02f6 0C       		.uleb128 0xc
 757 02f7 C4040000 		.4byte	.LASF57
 758 02fb 03       		.byte	0x3
ARM GAS  C:\Users\acer\AppData\Local\Temp\ccBtpibW.s 			page 15


 759 02fc BA02     		.2byte	0x2ba
 760 02fe 4D010000 		.4byte	0x14d
 761 0302 10       		.byte	0x10
 762 0303 00       		.byte	0
 763 0304 0A       		.uleb128 0xa
 764 0305 3F040000 		.4byte	.LASF58
 765 0309 03       		.byte	0x3
 766 030a BB02     		.2byte	0x2bb
 767 030c BB020000 		.4byte	0x2bb
 768 0310 0B       		.uleb128 0xb
 769 0311 04       		.byte	0x4
 770 0312 03       		.byte	0x3
 771 0313 BD02     		.2byte	0x2bd
 772 0315 27030000 		.4byte	0x327
 773 0319 0C       		.uleb128 0xc
 774 031a 8F030000 		.4byte	.LASF59
 775 031e 03       		.byte	0x3
 776 031f BF02     		.2byte	0x2bf
 777 0321 41010000 		.4byte	0x141
 778 0325 00       		.byte	0
 779 0326 00       		.byte	0
 780 0327 0A       		.uleb128 0xa
 781 0328 49020000 		.4byte	.LASF60
 782 032c 03       		.byte	0x3
 783 032d C402     		.2byte	0x2c4
 784 032f 10030000 		.4byte	0x310
 785 0333 10       		.uleb128 0x10
 786 0334 8F020000 		.4byte	.LASF62
 787 0338 08       		.byte	0x8
 788 0339 03       		.byte	0x3
 789 033a 0E04     		.2byte	0x40e
 790 033c 5A030000 		.4byte	0x35a
 791 0340 0F       		.uleb128 0xf
 792 0341 6E7400   		.ascii	"nt\000"
 793 0344 03       		.byte	0x3
 794 0345 0F04     		.2byte	0x40f
 795 0347 B5000000 		.4byte	0xb5
 796 034b 00       		.byte	0
 797 034c 0C       		.uleb128 0xc
 798 034d B5060000 		.4byte	.LASF63
 799 0351 03       		.byte	0x3
 800 0352 1004     		.2byte	0x410
 801 0354 6A030000 		.4byte	0x36a
 802 0358 04       		.byte	0x4
 803 0359 00       		.byte	0
 804 035a 11       		.uleb128 0x11
 805 035b 65030000 		.4byte	0x365
 806 035f 65030000 		.4byte	0x365
 807 0363 12       		.uleb128 0x12
 808 0364 00       		.byte	0
 809 0365 13       		.uleb128 0x13
 810 0366 E1000000 		.4byte	0xe1
 811 036a 06       		.uleb128 0x6
 812 036b 04       		.byte	0x4
 813 036c 5A030000 		.4byte	0x35a
 814 0370 11       		.uleb128 0x11
 815 0371 65030000 		.4byte	0x365
ARM GAS  C:\Users\acer\AppData\Local\Temp\ccBtpibW.s 			page 16


 816 0375 80030000 		.4byte	0x380
 817 0379 14       		.uleb128 0x14
 818 037a 80030000 		.4byte	0x380
 819 037e 00       		.byte	0
 820 037f 00       		.byte	0
 821 0380 02       		.uleb128 0x2
 822 0381 04       		.byte	0x4
 823 0382 07       		.byte	0x7
 824 0383 CD030000 		.4byte	.LASF64
 825 0387 15       		.uleb128 0x15
 826 0388 05010000 		.4byte	.LASF116
 827 038c 05       		.byte	0x5
 828 038d 6507     		.2byte	0x765
 829 038f 99030000 		.4byte	0x399
 830 0393 05       		.uleb128 0x5
 831 0394 03       		.byte	0x3
 832 0395 08000000 		.4byte	EE_oo_autostart_task_mode_OSDEFAULTAPPMODE
 833 0399 13       		.uleb128 0x13
 834 039a 70030000 		.4byte	0x370
 835 039e 11       		.uleb128 0x11
 836 039f AE030000 		.4byte	0x3ae
 837 03a3 AE030000 		.4byte	0x3ae
 838 03a7 14       		.uleb128 0x14
 839 03a8 80030000 		.4byte	0x380
 840 03ac 05       		.byte	0x5
 841 03ad 00       		.byte	0
 842 03ae 13       		.uleb128 0x13
 843 03af AA000000 		.4byte	0xaa
 844 03b3 16       		.uleb128 0x16
 845 03b4 87060000 		.4byte	.LASF65
 846 03b8 05       		.byte	0x5
 847 03b9 D2       		.byte	0xd2
 848 03ba C4030000 		.4byte	0x3c4
 849 03be 05       		.uleb128 0x5
 850 03bf 03       		.byte	0x3
 851 03c0 00000000 		.4byte	EE_hal_thread_body
 852 03c4 13       		.uleb128 0x13
 853 03c5 9E030000 		.4byte	0x39e
 854 03c9 11       		.uleb128 0x11
 855 03ca D9030000 		.4byte	0x3d9
 856 03ce D9030000 		.4byte	0x3d9
 857 03d2 14       		.uleb128 0x14
 858 03d3 80030000 		.4byte	0x380
 859 03d7 06       		.byte	0x6
 860 03d8 00       		.byte	0
 861 03d9 13       		.uleb128 0x13
 862 03da B5000000 		.4byte	0xb5
 863 03de 16       		.uleb128 0x16
 864 03df DF050000 		.4byte	.LASF66
 865 03e3 05       		.byte	0x5
 866 03e4 71       		.byte	0x71
 867 03e5 EF030000 		.4byte	0x3ef
 868 03e9 05       		.uleb128 0x5
 869 03ea 03       		.byte	0x3
 870 03eb 00000000 		.4byte	EE_std_thread_tos
 871 03ef 13       		.uleb128 0x13
 872 03f0 C9030000 		.4byte	0x3c9
ARM GAS  C:\Users\acer\AppData\Local\Temp\ccBtpibW.s 			page 17


 873 03f4 11       		.uleb128 0x11
 874 03f5 80000000 		.4byte	0x80
 875 03f9 04040000 		.4byte	0x404
 876 03fd 14       		.uleb128 0x14
 877 03fe 80030000 		.4byte	0x380
 878 0402 05       		.byte	0x5
 879 0403 00       		.byte	0
 880 0404 16       		.uleb128 0x16
 881 0405 37070000 		.4byte	.LASF67
 882 0409 05       		.byte	0x5
 883 040a ED       		.byte	0xed
 884 040b F4030000 		.4byte	0x3f4
 885 040f 05       		.uleb128 0x5
 886 0410 03       		.byte	0x3
 887 0411 00000000 		.4byte	EE_terminate_data
 888 0415 16       		.uleb128 0x16
 889 0416 AA040000 		.4byte	.LASF68
 890 041a 05       		.byte	0x5
 891 041b F0       		.byte	0xf0
 892 041c 26040000 		.4byte	0x426
 893 0420 05       		.uleb128 0x5
 894 0421 03       		.byte	0x3
 895 0422 00000000 		.4byte	EE_terminate_real_th_body
 896 0426 13       		.uleb128 0x13
 897 0427 9E030000 		.4byte	0x39e
 898 042b 11       		.uleb128 0x11
 899 042c EC000000 		.4byte	0xec
 900 0430 3B040000 		.4byte	0x43b
 901 0434 14       		.uleb128 0x14
 902 0435 80030000 		.4byte	0x380
 903 0439 02       		.byte	0x2
 904 043a 00       		.byte	0
 905 043b 16       		.uleb128 0x16
 906 043c 70040000 		.4byte	.LASF69
 907 0440 05       		.byte	0x5
 908 0441 8D       		.byte	0x8d
 909 0442 2B040000 		.4byte	0x42b
 910 0446 05       		.uleb128 0x5
 911 0447 03       		.byte	0x3
 912 0448 00000000 		.4byte	EE_cortex_mx_system_tos
 913 044c 16       		.uleb128 0x16
 914 044d 96010000 		.4byte	.LASF70
 915 0451 05       		.byte	0x5
 916 0452 A9       		.byte	0xa9
 917 0453 B5000000 		.4byte	0xb5
 918 0457 05       		.uleb128 0x5
 919 0458 03       		.byte	0x3
 920 0459 00000000 		.4byte	EE_cortex_mx_active_tos
 921 045d 11       		.uleb128 0x11
 922 045e D9030000 		.4byte	0x3d9
 923 0462 6D040000 		.4byte	0x46d
 924 0466 14       		.uleb128 0x14
 925 0467 80030000 		.4byte	0x380
 926 046b 05       		.byte	0x5
 927 046c 00       		.byte	0
 928 046d 17       		.uleb128 0x17
 929 046e 3E060000 		.4byte	.LASF71
ARM GAS  C:\Users\acer\AppData\Local\Temp\ccBtpibW.s 			page 18


 930 0472 05       		.byte	0x5
 931 0473 E202     		.2byte	0x2e2
 932 0475 7F040000 		.4byte	0x47f
 933 0479 05       		.uleb128 0x5
 934 047a 03       		.byte	0x3
 935 047b 00000000 		.4byte	EE_th_rnact_max
 936 047f 13       		.uleb128 0x13
 937 0480 5D040000 		.4byte	0x45d
 938 0484 17       		.uleb128 0x17
 939 0485 E2060000 		.4byte	.LASF72
 940 0489 05       		.byte	0x5
 941 048a 0C01     		.2byte	0x10c
 942 048c 96040000 		.4byte	0x496
 943 0490 05       		.uleb128 0x5
 944 0491 03       		.byte	0x3
 945 0492 00000000 		.4byte	EE_th_ready_prio
 946 0496 13       		.uleb128 0x13
 947 0497 5D040000 		.4byte	0x45d
 948 049b 17       		.uleb128 0x17
 949 049c 1B030000 		.4byte	.LASF73
 950 04a0 05       		.byte	0x5
 951 04a1 4502     		.2byte	0x245
 952 04a3 AD040000 		.4byte	0x4ad
 953 04a7 05       		.uleb128 0x5
 954 04a8 03       		.byte	0x3
 955 04a9 00000000 		.4byte	EE_th_dispatch_prio
 956 04ad 13       		.uleb128 0x13
 957 04ae 5D040000 		.4byte	0x45d
 958 04b2 11       		.uleb128 0x11
 959 04b3 C2040000 		.4byte	0x4c2
 960 04b7 C2040000 		.4byte	0x4c2
 961 04bb 14       		.uleb128 0x14
 962 04bc 80030000 		.4byte	0x380
 963 04c0 05       		.byte	0x5
 964 04c1 00       		.byte	0
 965 04c2 06       		.uleb128 0x6
 966 04c3 04       		.byte	0x4
 967 04c4 CF040000 		.4byte	0x4cf
 968 04c8 02       		.uleb128 0x2
 969 04c9 01       		.byte	0x1
 970 04ca 08       		.byte	0x8
 971 04cb 2A060000 		.4byte	.LASF74
 972 04cf 13       		.uleb128 0x13
 973 04d0 C8040000 		.4byte	0x4c8
 974 04d4 17       		.uleb128 0x17
 975 04d5 01050000 		.4byte	.LASF75
 976 04d9 05       		.byte	0x5
 977 04da 2801     		.2byte	0x128
 978 04dc B2040000 		.4byte	0x4b2
 979 04e0 05       		.uleb128 0x5
 980 04e1 03       		.byte	0x3
 981 04e2 00000000 		.4byte	EE_TASK_NAME
 982 04e6 11       		.uleb128 0x11
 983 04e7 C2040000 		.4byte	0x4c2
 984 04eb F6040000 		.4byte	0x4f6
 985 04ef 14       		.uleb128 0x14
 986 04f0 80030000 		.4byte	0x380
ARM GAS  C:\Users\acer\AppData\Local\Temp\ccBtpibW.s 			page 19


 987 04f4 03       		.byte	0x3
 988 04f5 00       		.byte	0
 989 04f6 17       		.uleb128 0x17
 990 04f7 7B010000 		.4byte	.LASF76
 991 04fb 05       		.byte	0x5
 992 04fc 8101     		.2byte	0x181
 993 04fe E6040000 		.4byte	0x4e6
 994 0502 05       		.uleb128 0x5
 995 0503 03       		.byte	0x3
 996 0504 00000000 		.4byte	EE_EVENT_NAME
 997 0508 11       		.uleb128 0x11
 998 0509 C2040000 		.4byte	0x4c2
 999 050d 18050000 		.4byte	0x518
 1000 0511 14       		.uleb128 0x14
 1001 0512 80030000 		.4byte	0x380
 1002 0516 01       		.byte	0x1
 1003 0517 00       		.byte	0
 1004 0518 17       		.uleb128 0x17
 1005 0519 5E020000 		.4byte	.LASF77
 1006 051d 05       		.byte	0x5
 1007 051e 3D06     		.2byte	0x63d
 1008 0520 08050000 		.4byte	0x508
 1009 0524 05       		.uleb128 0x5
 1010 0525 03       		.byte	0x3
 1011 0526 00000000 		.4byte	EE_ALARM_NAME
 1012 052a 11       		.uleb128 0x11
 1013 052b 3A050000 		.4byte	0x53a
 1014 052f 3A050000 		.4byte	0x53a
 1015 0533 14       		.uleb128 0x14
 1016 0534 80030000 		.4byte	0x380
 1017 0538 03       		.byte	0x3
 1018 0539 00       		.byte	0
 1019 053a 13       		.uleb128 0x13
 1020 053b 40000000 		.4byte	0x40
 1021 053f 17       		.uleb128 0x17
 1022 0540 C5010000 		.4byte	.LASF78
 1023 0544 05       		.byte	0x5
 1024 0545 E201     		.2byte	0x1e2
 1025 0547 51050000 		.4byte	0x551
 1026 054b 05       		.uleb128 0x5
 1027 054c 03       		.byte	0x3
 1028 054d 00000000 		.4byte	EE_EVENT_ID
 1029 0551 13       		.uleb128 0x13
 1030 0552 2A050000 		.4byte	0x52a
 1031 0556 11       		.uleb128 0x11
 1032 0557 3A050000 		.4byte	0x53a
 1033 055b 66050000 		.4byte	0x566
 1034 055f 14       		.uleb128 0x14
 1035 0560 80030000 		.4byte	0x380
 1036 0564 01       		.byte	0x1
 1037 0565 00       		.byte	0
 1038 0566 17       		.uleb128 0x17
 1039 0567 30010000 		.4byte	.LASF79
 1040 056b 05       		.byte	0x5
 1041 056c 5906     		.2byte	0x659
 1042 056e 78050000 		.4byte	0x578
 1043 0572 05       		.uleb128 0x5
ARM GAS  C:\Users\acer\AppData\Local\Temp\ccBtpibW.s 			page 20


 1044 0573 03       		.byte	0x3
 1045 0574 00000000 		.4byte	EE_ALARM_ID
 1046 0578 13       		.uleb128 0x13
 1047 0579 56050000 		.4byte	0x556
 1048 057d 11       		.uleb128 0x11
 1049 057e B5000000 		.4byte	0xb5
 1050 0582 8D050000 		.4byte	0x58d
 1051 0586 14       		.uleb128 0x14
 1052 0587 80030000 		.4byte	0x380
 1053 058b 05       		.byte	0x5
 1054 058c 00       		.byte	0
 1055 058d 17       		.uleb128 0x17
 1056 058e F8020000 		.4byte	.LASF80
 1057 0592 05       		.byte	0x5
 1058 0593 8102     		.2byte	0x281
 1059 0595 7D050000 		.4byte	0x57d
 1060 0599 05       		.uleb128 0x5
 1061 059a 03       		.byte	0x3
 1062 059b 00000000 		.4byte	EE_th_status
 1063 059f 11       		.uleb128 0x11
 1064 05a0 E1000000 		.4byte	0xe1
 1065 05a4 AF050000 		.4byte	0x5af
 1066 05a8 14       		.uleb128 0x14
 1067 05a9 80030000 		.4byte	0x380
 1068 05ad 05       		.byte	0x5
 1069 05ae 00       		.byte	0
 1070 05af 17       		.uleb128 0x17
 1071 05b0 9F040000 		.4byte	.LASF81
 1072 05b4 05       		.byte	0x5
 1073 05b5 9D02     		.2byte	0x29d
 1074 05b7 9F050000 		.4byte	0x59f
 1075 05bb 05       		.uleb128 0x5
 1076 05bc 03       		.byte	0x3
 1077 05bd 00000000 		.4byte	EE_th_next
 1078 05c1 17       		.uleb128 0x17
 1079 05c2 F3060000 		.4byte	.LASF82
 1080 05c6 05       		.byte	0x5
 1081 05c7 C702     		.2byte	0x2c7
 1082 05c9 7D050000 		.4byte	0x57d
 1083 05cd 05       		.uleb128 0x5
 1084 05ce 03       		.byte	0x3
 1085 05cf 00000000 		.4byte	EE_th_rnact
 1086 05d3 17       		.uleb128 0x17
 1087 05d4 40000000 		.4byte	.LASF83
 1088 05d8 05       		.byte	0x5
 1089 05d9 7703     		.2byte	0x377
 1090 05db 9F050000 		.4byte	0x59f
 1091 05df 05       		.uleb128 0x5
 1092 05e0 03       		.byte	0x3
 1093 05e1 00000000 		.4byte	EE_th_terminate_nextask
 1094 05e5 17       		.uleb128 0x17
 1095 05e6 61000000 		.4byte	.LASF84
 1096 05ea 05       		.byte	0x5
 1097 05eb B902     		.2byte	0x2b9
 1098 05ed E1000000 		.4byte	0xe1
 1099 05f1 05       		.uleb128 0x5
 1100 05f2 03       		.byte	0x3
ARM GAS  C:\Users\acer\AppData\Local\Temp\ccBtpibW.s 			page 21


 1101 05f3 00000000 		.4byte	EE_stkfirst
 1102 05f7 17       		.uleb128 0x17
 1103 05f8 9A060000 		.4byte	.LASF85
 1104 05fc 05       		.byte	0x5
 1105 05fd BC02     		.2byte	0x2bc
 1106 05ff B5000000 		.4byte	0xb5
 1107 0603 05       		.uleb128 0x5
 1108 0604 03       		.byte	0x3
 1109 0605 00000000 		.4byte	EE_sys_ceiling
 1110 0609 17       		.uleb128 0x17
 1111 060a ED030000 		.4byte	.LASF86
 1112 060e 05       		.byte	0x5
 1113 060f FD02     		.2byte	0x2fd
 1114 0611 7D050000 		.4byte	0x57d
 1115 0615 05       		.uleb128 0x5
 1116 0616 03       		.byte	0x3
 1117 0617 00000000 		.4byte	EE_rq_link
 1118 061b 11       		.uleb128 0x11
 1119 061c C0000000 		.4byte	0xc0
 1120 0620 2B060000 		.4byte	0x62b
 1121 0624 14       		.uleb128 0x14
 1122 0625 80030000 		.4byte	0x380
 1123 0629 0F       		.byte	0xf
 1124 062a 00       		.byte	0
 1125 062b 17       		.uleb128 0x17
 1126 062c DA010000 		.4byte	.LASF87
 1127 0630 05       		.byte	0x5
 1128 0631 BF02     		.2byte	0x2bf
 1129 0633 1B060000 		.4byte	0x61b
 1130 0637 05       		.uleb128 0x5
 1131 0638 03       		.byte	0x3
 1132 0639 00000000 		.4byte	EE_rq_queues_head
 1133 063d 17       		.uleb128 0x17
 1134 063e CD050000 		.4byte	.LASF88
 1135 0642 05       		.byte	0x5
 1136 0643 C102     		.2byte	0x2c1
 1137 0645 1B060000 		.4byte	0x61b
 1138 0649 05       		.uleb128 0x5
 1139 064a 03       		.byte	0x3
 1140 064b 00000000 		.4byte	EE_rq_queues_tail
 1141 064f 11       		.uleb128 0x11
 1142 0650 C0000000 		.4byte	0xc0
 1143 0654 5F060000 		.4byte	0x65f
 1144 0658 14       		.uleb128 0x14
 1145 0659 80030000 		.4byte	0x380
 1146 065d 05       		.byte	0x5
 1147 065e 00       		.byte	0
 1148 065f 17       		.uleb128 0x17
 1149 0660 D4000000 		.4byte	.LASF89
 1150 0664 05       		.byte	0x5
 1151 0665 1B03     		.2byte	0x31b
 1152 0667 4F060000 		.4byte	0x64f
 1153 066b 05       		.uleb128 0x5
 1154 066c 03       		.byte	0x3
 1155 066d 00000000 		.4byte	EE_rq_pairs_next
 1156 0671 17       		.uleb128 0x17
 1157 0672 FF060000 		.4byte	.LASF90
ARM GAS  C:\Users\acer\AppData\Local\Temp\ccBtpibW.s 			page 22


 1158 0676 05       		.byte	0x5
 1159 0677 7003     		.2byte	0x370
 1160 0679 9F050000 		.4byte	0x59f
 1161 067d 05       		.uleb128 0x5
 1162 067e 03       		.byte	0x3
 1163 067f 00000000 		.4byte	EE_rq_pairs_tid
 1164 0683 17       		.uleb128 0x17
 1165 0684 04060000 		.4byte	.LASF91
 1166 0688 05       		.byte	0x5
 1167 0689 C402     		.2byte	0x2c4
 1168 068b 05010000 		.4byte	0x105
 1169 068f 05       		.uleb128 0x5
 1170 0690 03       		.byte	0x3
 1171 0691 00000000 		.4byte	EE_rq_bitmask
 1172 0695 17       		.uleb128 0x17
 1173 0696 E2030000 		.4byte	.LASF92
 1174 069a 05       		.byte	0x5
 1175 069b 7303     		.2byte	0x373
 1176 069d C0000000 		.4byte	0xc0
 1177 06a1 05       		.uleb128 0x5
 1178 06a2 03       		.byte	0x3
 1179 06a3 00000000 		.4byte	EE_rq_free
 1180 06a7 17       		.uleb128 0x17
 1181 06a8 72070000 		.4byte	.LASF93
 1182 06ac 05       		.byte	0x5
 1183 06ad 9A03     		.2byte	0x39a
 1184 06af 7D050000 		.4byte	0x57d
 1185 06b3 05       		.uleb128 0x5
 1186 06b4 03       		.byte	0x3
 1187 06b5 00000000 		.4byte	EE_th_event_active
 1188 06b9 17       		.uleb128 0x17
 1189 06ba D7040000 		.4byte	.LASF94
 1190 06be 05       		.byte	0x5
 1191 06bf B603     		.2byte	0x3b6
 1192 06c1 7D050000 		.4byte	0x57d
 1193 06c5 05       		.uleb128 0x5
 1194 06c6 03       		.byte	0x3
 1195 06c7 00000000 		.4byte	EE_th_event_waitmask
 1196 06cb 11       		.uleb128 0x11
 1197 06cc D6000000 		.4byte	0xd6
 1198 06d0 DB060000 		.4byte	0x6db
 1199 06d4 14       		.uleb128 0x14
 1200 06d5 80030000 		.4byte	0x380
 1201 06d9 05       		.byte	0x5
 1202 06da 00       		.byte	0
 1203 06db 17       		.uleb128 0x17
 1204 06dc 7E020000 		.4byte	.LASF95
 1205 06e0 05       		.byte	0x5
 1206 06e1 D203     		.2byte	0x3d2
 1207 06e3 CB060000 		.4byte	0x6cb
 1208 06e7 05       		.uleb128 0x5
 1209 06e8 03       		.byte	0x3
 1210 06e9 00000000 		.4byte	EE_th_waswaiting
 1211 06ed 17       		.uleb128 0x17
 1212 06ee AA070000 		.4byte	.LASF96
 1213 06f2 05       		.byte	0x5
 1214 06f3 EE03     		.2byte	0x3ee
ARM GAS  C:\Users\acer\AppData\Local\Temp\ccBtpibW.s 			page 23


 1215 06f5 FF060000 		.4byte	0x6ff
 1216 06f9 05       		.uleb128 0x5
 1217 06fa 03       		.byte	0x3
 1218 06fb 00000000 		.4byte	EE_th_is_extended
 1219 06ff 13       		.uleb128 0x13
 1220 0700 5D040000 		.4byte	0x45d
 1221 0704 11       		.uleb128 0x11
 1222 0705 14070000 		.4byte	0x714
 1223 0709 14070000 		.4byte	0x714
 1224 070d 14       		.uleb128 0x14
 1225 070e 80030000 		.4byte	0x380
 1226 0712 00       		.byte	0
 1227 0713 00       		.byte	0
 1228 0714 13       		.uleb128 0x13
 1229 0715 8A010000 		.4byte	0x18a
 1230 0719 17       		.uleb128 0x17
 1231 071a 30040000 		.4byte	.LASF97
 1232 071e 05       		.byte	0x5
 1233 071f FF05     		.2byte	0x5ff
 1234 0721 2B070000 		.4byte	0x72b
 1235 0725 05       		.uleb128 0x5
 1236 0726 03       		.byte	0x3
 1237 0727 00000000 		.4byte	EE_counter_ROM
 1238 072b 13       		.uleb128 0x13
 1239 072c 04070000 		.4byte	0x704
 1240 0730 11       		.uleb128 0x11
 1241 0731 40070000 		.4byte	0x740
 1242 0735 40070000 		.4byte	0x740
 1243 0739 14       		.uleb128 0x14
 1244 073a 80030000 		.4byte	0x380
 1245 073e 01       		.byte	0x1
 1246 073f 00       		.byte	0
 1247 0740 13       		.uleb128 0x13
 1248 0741 27020000 		.4byte	0x227
 1249 0745 17       		.uleb128 0x17
 1250 0746 76030000 		.4byte	.LASF98
 1251 074a 05       		.byte	0x5
 1252 074b 9606     		.2byte	0x696
 1253 074d 57070000 		.4byte	0x757
 1254 0751 05       		.uleb128 0x5
 1255 0752 03       		.byte	0x3
 1256 0753 00000000 		.4byte	EE_oo_counter_object_ROM
 1257 0757 13       		.uleb128 0x13
 1258 0758 30070000 		.4byte	0x730
 1259 075c 11       		.uleb128 0x11
 1260 075d 6C070000 		.4byte	0x76c
 1261 0761 6C070000 		.4byte	0x76c
 1262 0765 14       		.uleb128 0x14
 1263 0766 80030000 		.4byte	0x380
 1264 076a 01       		.byte	0x1
 1265 076b 00       		.byte	0
 1266 076c 13       		.uleb128 0x13
 1267 076d 04030000 		.4byte	0x304
 1268 0771 17       		.uleb128 0x17
 1269 0772 AC030000 		.4byte	.LASF99
 1270 0776 05       		.byte	0x5
 1271 0777 BA06     		.2byte	0x6ba
ARM GAS  C:\Users\acer\AppData\Local\Temp\ccBtpibW.s 			page 24


 1272 0779 83070000 		.4byte	0x783
 1273 077d 05       		.uleb128 0x5
 1274 077e 03       		.byte	0x3
 1275 077f 00000000 		.4byte	EE_oo_action_ROM
 1276 0783 13       		.uleb128 0x13
 1277 0784 5C070000 		.4byte	0x75c
 1278 0788 11       		.uleb128 0x11
 1279 0789 98070000 		.4byte	0x798
 1280 078d 98070000 		.4byte	0x798
 1281 0791 14       		.uleb128 0x14
 1282 0792 80030000 		.4byte	0x380
 1283 0796 01       		.byte	0x1
 1284 0797 00       		.byte	0
 1285 0798 13       		.uleb128 0x13
 1286 0799 27030000 		.4byte	0x327
 1287 079d 17       		.uleb128 0x17
 1288 079e 89010000 		.4byte	.LASF100
 1289 07a2 05       		.byte	0x5
 1290 07a3 2006     		.2byte	0x620
 1291 07a5 AF070000 		.4byte	0x7af
 1292 07a9 05       		.uleb128 0x5
 1293 07aa 03       		.byte	0x3
 1294 07ab 00000000 		.4byte	EE_alarm_ROM
 1295 07af 13       		.uleb128 0x13
 1296 07b0 88070000 		.4byte	0x788
 1297 07b4 11       		.uleb128 0x11
 1298 07b5 BA010000 		.4byte	0x1ba
 1299 07b9 C4070000 		.4byte	0x7c4
 1300 07bd 14       		.uleb128 0x14
 1301 07be 80030000 		.4byte	0x380
 1302 07c2 00       		.byte	0
 1303 07c3 00       		.byte	0
 1304 07c4 17       		.uleb128 0x17
 1305 07c5 60060000 		.4byte	.LASF101
 1306 07c9 05       		.byte	0x5
 1307 07ca 0C06     		.2byte	0x60c
 1308 07cc B4070000 		.4byte	0x7b4
 1309 07d0 05       		.uleb128 0x5
 1310 07d1 03       		.byte	0x3
 1311 07d2 00000000 		.4byte	EE_counter_RAM
 1312 07d6 11       		.uleb128 0x11
 1313 07d7 71020000 		.4byte	0x271
 1314 07db E6070000 		.4byte	0x7e6
 1315 07df 14       		.uleb128 0x14
 1316 07e0 80030000 		.4byte	0x380
 1317 07e4 01       		.byte	0x1
 1318 07e5 00       		.byte	0
 1319 07e6 17       		.uleb128 0x17
 1320 07e7 BA060000 		.4byte	.LASF102
 1321 07eb 05       		.byte	0x5
 1322 07ec B106     		.2byte	0x6b1
 1323 07ee D6070000 		.4byte	0x7d6
 1324 07f2 05       		.uleb128 0x5
 1325 07f3 03       		.byte	0x3
 1326 07f4 00000000 		.4byte	EE_oo_counter_object_RAM
 1327 07f8 11       		.uleb128 0x11
 1328 07f9 08080000 		.4byte	0x808
ARM GAS  C:\Users\acer\AppData\Local\Temp\ccBtpibW.s 			page 25


 1329 07fd 08080000 		.4byte	0x808
 1330 0801 14       		.uleb128 0x14
 1331 0802 80030000 		.4byte	0x380
 1332 0806 00       		.byte	0
 1333 0807 00       		.byte	0
 1334 0808 13       		.uleb128 0x13
 1335 0809 33030000 		.4byte	0x333
 1336 080d 17       		.uleb128 0x17
 1337 080e C4070000 		.4byte	.LASF103
 1338 0812 05       		.byte	0x5
 1339 0813 9607     		.2byte	0x796
 1340 0815 1F080000 		.4byte	0x81f
 1341 0819 05       		.uleb128 0x5
 1342 081a 03       		.byte	0x3
 1343 081b 00000000 		.4byte	EE_oo_autostart_task_data
 1344 081f 13       		.uleb128 0x13
 1345 0820 F8070000 		.4byte	0x7f8
 1346 0824 18       		.uleb128 0x18
 1347 0825 C1020000 		.4byte	.LASF104
 1348 0829 06       		.byte	0x6
 1349 082a 40       		.byte	0x40
 1350 082b B5000000 		.4byte	0xb5
 1351 082f 18       		.uleb128 0x18
 1352 0830 EC010000 		.4byte	.LASF105
 1353 0834 06       		.byte	0x6
 1354 0835 47       		.byte	0x47
 1355 0836 CB000000 		.4byte	0xcb
 1356 083a 17       		.uleb128 0x17
 1357 083b 99030000 		.4byte	.LASF106
 1358 083f 05       		.byte	0x5
 1359 0840 5C07     		.2byte	0x75c
 1360 0842 B5000000 		.4byte	0xb5
 1361 0846 05       		.uleb128 0x5
 1362 0847 03       		.byte	0x3
 1363 0848 00000000 		.4byte	EE_ApplicationMode
 1364 084c 18       		.uleb128 0x18
 1365 084d 05020000 		.4byte	.LASF107
 1366 0851 07       		.byte	0x7
 1367 0852 48       		.byte	0x48
 1368 0853 E1000000 		.4byte	0xe1
 1369 0857 18       		.uleb128 0x18
 1370 0858 0F070000 		.4byte	.LASF108
 1371 085c 08       		.byte	0x8
 1372 085d 44       		.byte	0x44
 1373 085e B5000000 		.4byte	0xb5
 1374 0862 16       		.uleb128 0x16
 1375 0863 84000000 		.4byte	.LASF109
 1376 0867 05       		.byte	0x5
 1377 0868 AD       		.byte	0xad
 1378 0869 EC000000 		.4byte	0xec
 1379 086d 05       		.uleb128 0x5
 1380 086e 03       		.byte	0x3
 1381 086f 00000000 		.4byte	EE_cortex_mx_IRQ_tos
 1382 0873 11       		.uleb128 0x11
 1383 0874 55000000 		.4byte	0x55
 1384 0878 83080000 		.4byte	0x883
 1385 087c 14       		.uleb128 0x14
ARM GAS  C:\Users\acer\AppData\Local\Temp\ccBtpibW.s 			page 26


 1386 087d 80030000 		.4byte	0x380
 1387 0881 F9       		.byte	0xf9
 1388 0882 00       		.byte	0
 1389 0883 16       		.uleb128 0x16
 1390 0884 EC040000 		.4byte	.LASF110
 1391 0888 05       		.byte	0x5
 1392 0889 19       		.byte	0x19
 1393 088a 73080000 		.4byte	0x873
 1394 088e 05       		.uleb128 0x5
 1395 088f 03       		.byte	0x3
 1396 0890 00000000 		.4byte	EE_cortex_mx_stack_3
 1397 0894 16       		.uleb128 0x16
 1398 0895 2F030000 		.4byte	.LASF111
 1399 0899 05       		.byte	0x5
 1400 089a 1D       		.byte	0x1d
 1401 089b 73080000 		.4byte	0x873
 1402 089f 05       		.uleb128 0x5
 1403 08a0 03       		.byte	0x3
 1404 08a1 00000000 		.4byte	EE_cortex_mx_stack_4
 1405 08a5 11       		.uleb128 0x11
 1406 08a6 55000000 		.4byte	0x55
 1407 08aa B5080000 		.4byte	0x8b5
 1408 08ae 14       		.uleb128 0x14
 1409 08af 80030000 		.4byte	0x380
 1410 08b3 7F       		.byte	0x7f
 1411 08b4 00       		.byte	0
 1412 08b5 16       		.uleb128 0x16
 1413 08b6 44030000 		.4byte	.LASF112
 1414 08ba 05       		.byte	0x5
 1415 08bb 32       		.byte	0x32
 1416 08bc A5080000 		.4byte	0x8a5
 1417 08c0 05       		.uleb128 0x5
 1418 08c1 03       		.byte	0x3
 1419 08c2 00000000 		.4byte	EE_cortex_mx_stack_9
 1420 08c6 00       		.byte	0
 1421              		.section	.debug_abbrev,"",%progbits
 1422              	.Ldebug_abbrev0:
 1423 0000 01       		.uleb128 0x1
 1424 0001 11       		.uleb128 0x11
 1425 0002 01       		.byte	0x1
 1426 0003 25       		.uleb128 0x25
 1427 0004 0E       		.uleb128 0xe
 1428 0005 13       		.uleb128 0x13
 1429 0006 0B       		.uleb128 0xb
 1430 0007 03       		.uleb128 0x3
 1431 0008 0E       		.uleb128 0xe
 1432 0009 1B       		.uleb128 0x1b
 1433 000a 0E       		.uleb128 0xe
 1434 000b 10       		.uleb128 0x10
 1435 000c 17       		.uleb128 0x17
 1436 000d 00       		.byte	0
 1437 000e 00       		.byte	0
 1438 000f 02       		.uleb128 0x2
 1439 0010 24       		.uleb128 0x24
 1440 0011 00       		.byte	0
 1441 0012 0B       		.uleb128 0xb
 1442 0013 0B       		.uleb128 0xb
ARM GAS  C:\Users\acer\AppData\Local\Temp\ccBtpibW.s 			page 27


 1443 0014 3E       		.uleb128 0x3e
 1444 0015 0B       		.uleb128 0xb
 1445 0016 03       		.uleb128 0x3
 1446 0017 0E       		.uleb128 0xe
 1447 0018 00       		.byte	0
 1448 0019 00       		.byte	0
 1449 001a 03       		.uleb128 0x3
 1450 001b 24       		.uleb128 0x24
 1451 001c 00       		.byte	0
 1452 001d 0B       		.uleb128 0xb
 1453 001e 0B       		.uleb128 0xb
 1454 001f 3E       		.uleb128 0x3e
 1455 0020 0B       		.uleb128 0xb
 1456 0021 03       		.uleb128 0x3
 1457 0022 08       		.uleb128 0x8
 1458 0023 00       		.byte	0
 1459 0024 00       		.byte	0
 1460 0025 04       		.uleb128 0x4
 1461 0026 16       		.uleb128 0x16
 1462 0027 00       		.byte	0
 1463 0028 03       		.uleb128 0x3
 1464 0029 0E       		.uleb128 0xe
 1465 002a 3A       		.uleb128 0x3a
 1466 002b 0B       		.uleb128 0xb
 1467 002c 3B       		.uleb128 0x3b
 1468 002d 0B       		.uleb128 0xb
 1469 002e 49       		.uleb128 0x49
 1470 002f 13       		.uleb128 0x13
 1471 0030 00       		.byte	0
 1472 0031 00       		.byte	0
 1473 0032 05       		.uleb128 0x5
 1474 0033 0F       		.uleb128 0xf
 1475 0034 00       		.byte	0
 1476 0035 0B       		.uleb128 0xb
 1477 0036 0B       		.uleb128 0xb
 1478 0037 00       		.byte	0
 1479 0038 00       		.byte	0
 1480 0039 06       		.uleb128 0x6
 1481 003a 0F       		.uleb128 0xf
 1482 003b 00       		.byte	0
 1483 003c 0B       		.uleb128 0xb
 1484 003d 0B       		.uleb128 0xb
 1485 003e 49       		.uleb128 0x49
 1486 003f 13       		.uleb128 0x13
 1487 0040 00       		.byte	0
 1488 0041 00       		.byte	0
 1489 0042 07       		.uleb128 0x7
 1490 0043 15       		.uleb128 0x15
 1491 0044 00       		.byte	0
 1492 0045 27       		.uleb128 0x27
 1493 0046 19       		.uleb128 0x19
 1494 0047 00       		.byte	0
 1495 0048 00       		.byte	0
 1496 0049 08       		.uleb128 0x8
 1497 004a 13       		.uleb128 0x13
 1498 004b 01       		.byte	0x1
 1499 004c 03       		.uleb128 0x3
ARM GAS  C:\Users\acer\AppData\Local\Temp\ccBtpibW.s 			page 28


 1500 004d 0E       		.uleb128 0xe
 1501 004e 0B       		.uleb128 0xb
 1502 004f 0B       		.uleb128 0xb
 1503 0050 3A       		.uleb128 0x3a
 1504 0051 0B       		.uleb128 0xb
 1505 0052 3B       		.uleb128 0x3b
 1506 0053 0B       		.uleb128 0xb
 1507 0054 01       		.uleb128 0x1
 1508 0055 13       		.uleb128 0x13
 1509 0056 00       		.byte	0
 1510 0057 00       		.byte	0
 1511 0058 09       		.uleb128 0x9
 1512 0059 0D       		.uleb128 0xd
 1513 005a 00       		.byte	0
 1514 005b 03       		.uleb128 0x3
 1515 005c 0E       		.uleb128 0xe
 1516 005d 3A       		.uleb128 0x3a
 1517 005e 0B       		.uleb128 0xb
 1518 005f 3B       		.uleb128 0x3b
 1519 0060 0B       		.uleb128 0xb
 1520 0061 49       		.uleb128 0x49
 1521 0062 13       		.uleb128 0x13
 1522 0063 38       		.uleb128 0x38
 1523 0064 0B       		.uleb128 0xb
 1524 0065 00       		.byte	0
 1525 0066 00       		.byte	0
 1526 0067 0A       		.uleb128 0xa
 1527 0068 16       		.uleb128 0x16
 1528 0069 00       		.byte	0
 1529 006a 03       		.uleb128 0x3
 1530 006b 0E       		.uleb128 0xe
 1531 006c 3A       		.uleb128 0x3a
 1532 006d 0B       		.uleb128 0xb
 1533 006e 3B       		.uleb128 0x3b
 1534 006f 05       		.uleb128 0x5
 1535 0070 49       		.uleb128 0x49
 1536 0071 13       		.uleb128 0x13
 1537 0072 00       		.byte	0
 1538 0073 00       		.byte	0
 1539 0074 0B       		.uleb128 0xb
 1540 0075 13       		.uleb128 0x13
 1541 0076 01       		.byte	0x1
 1542 0077 0B       		.uleb128 0xb
 1543 0078 0B       		.uleb128 0xb
 1544 0079 3A       		.uleb128 0x3a
 1545 007a 0B       		.uleb128 0xb
 1546 007b 3B       		.uleb128 0x3b
 1547 007c 05       		.uleb128 0x5
 1548 007d 01       		.uleb128 0x1
 1549 007e 13       		.uleb128 0x13
 1550 007f 00       		.byte	0
 1551 0080 00       		.byte	0
 1552 0081 0C       		.uleb128 0xc
 1553 0082 0D       		.uleb128 0xd
 1554 0083 00       		.byte	0
 1555 0084 03       		.uleb128 0x3
 1556 0085 0E       		.uleb128 0xe
ARM GAS  C:\Users\acer\AppData\Local\Temp\ccBtpibW.s 			page 29


 1557 0086 3A       		.uleb128 0x3a
 1558 0087 0B       		.uleb128 0xb
 1559 0088 3B       		.uleb128 0x3b
 1560 0089 05       		.uleb128 0x5
 1561 008a 49       		.uleb128 0x49
 1562 008b 13       		.uleb128 0x13
 1563 008c 38       		.uleb128 0x38
 1564 008d 0B       		.uleb128 0xb
 1565 008e 00       		.byte	0
 1566 008f 00       		.byte	0
 1567 0090 0D       		.uleb128 0xd
 1568 0091 04       		.uleb128 0x4
 1569 0092 01       		.byte	0x1
 1570 0093 0B       		.uleb128 0xb
 1571 0094 0B       		.uleb128 0xb
 1572 0095 49       		.uleb128 0x49
 1573 0096 13       		.uleb128 0x13
 1574 0097 3A       		.uleb128 0x3a
 1575 0098 0B       		.uleb128 0xb
 1576 0099 3B       		.uleb128 0x3b
 1577 009a 05       		.uleb128 0x5
 1578 009b 01       		.uleb128 0x1
 1579 009c 13       		.uleb128 0x13
 1580 009d 00       		.byte	0
 1581 009e 00       		.byte	0
 1582 009f 0E       		.uleb128 0xe
 1583 00a0 28       		.uleb128 0x28
 1584 00a1 00       		.byte	0
 1585 00a2 03       		.uleb128 0x3
 1586 00a3 0E       		.uleb128 0xe
 1587 00a4 1C       		.uleb128 0x1c
 1588 00a5 0B       		.uleb128 0xb
 1589 00a6 00       		.byte	0
 1590 00a7 00       		.byte	0
 1591 00a8 0F       		.uleb128 0xf
 1592 00a9 0D       		.uleb128 0xd
 1593 00aa 00       		.byte	0
 1594 00ab 03       		.uleb128 0x3
 1595 00ac 08       		.uleb128 0x8
 1596 00ad 3A       		.uleb128 0x3a
 1597 00ae 0B       		.uleb128 0xb
 1598 00af 3B       		.uleb128 0x3b
 1599 00b0 05       		.uleb128 0x5
 1600 00b1 49       		.uleb128 0x49
 1601 00b2 13       		.uleb128 0x13
 1602 00b3 38       		.uleb128 0x38
 1603 00b4 0B       		.uleb128 0xb
 1604 00b5 00       		.byte	0
 1605 00b6 00       		.byte	0
 1606 00b7 10       		.uleb128 0x10
 1607 00b8 13       		.uleb128 0x13
 1608 00b9 01       		.byte	0x1
 1609 00ba 03       		.uleb128 0x3
 1610 00bb 0E       		.uleb128 0xe
 1611 00bc 0B       		.uleb128 0xb
 1612 00bd 0B       		.uleb128 0xb
 1613 00be 3A       		.uleb128 0x3a
ARM GAS  C:\Users\acer\AppData\Local\Temp\ccBtpibW.s 			page 30


 1614 00bf 0B       		.uleb128 0xb
 1615 00c0 3B       		.uleb128 0x3b
 1616 00c1 05       		.uleb128 0x5
 1617 00c2 01       		.uleb128 0x1
 1618 00c3 13       		.uleb128 0x13
 1619 00c4 00       		.byte	0
 1620 00c5 00       		.byte	0
 1621 00c6 11       		.uleb128 0x11
 1622 00c7 01       		.uleb128 0x1
 1623 00c8 01       		.byte	0x1
 1624 00c9 49       		.uleb128 0x49
 1625 00ca 13       		.uleb128 0x13
 1626 00cb 01       		.uleb128 0x1
 1627 00cc 13       		.uleb128 0x13
 1628 00cd 00       		.byte	0
 1629 00ce 00       		.byte	0
 1630 00cf 12       		.uleb128 0x12
 1631 00d0 21       		.uleb128 0x21
 1632 00d1 00       		.byte	0
 1633 00d2 00       		.byte	0
 1634 00d3 00       		.byte	0
 1635 00d4 13       		.uleb128 0x13
 1636 00d5 26       		.uleb128 0x26
 1637 00d6 00       		.byte	0
 1638 00d7 49       		.uleb128 0x49
 1639 00d8 13       		.uleb128 0x13
 1640 00d9 00       		.byte	0
 1641 00da 00       		.byte	0
 1642 00db 14       		.uleb128 0x14
 1643 00dc 21       		.uleb128 0x21
 1644 00dd 00       		.byte	0
 1645 00de 49       		.uleb128 0x49
 1646 00df 13       		.uleb128 0x13
 1647 00e0 2F       		.uleb128 0x2f
 1648 00e1 0B       		.uleb128 0xb
 1649 00e2 00       		.byte	0
 1650 00e3 00       		.byte	0
 1651 00e4 15       		.uleb128 0x15
 1652 00e5 34       		.uleb128 0x34
 1653 00e6 00       		.byte	0
 1654 00e7 03       		.uleb128 0x3
 1655 00e8 0E       		.uleb128 0xe
 1656 00e9 3A       		.uleb128 0x3a
 1657 00ea 0B       		.uleb128 0xb
 1658 00eb 3B       		.uleb128 0x3b
 1659 00ec 05       		.uleb128 0x5
 1660 00ed 49       		.uleb128 0x49
 1661 00ee 13       		.uleb128 0x13
 1662 00ef 02       		.uleb128 0x2
 1663 00f0 18       		.uleb128 0x18
 1664 00f1 00       		.byte	0
 1665 00f2 00       		.byte	0
 1666 00f3 16       		.uleb128 0x16
 1667 00f4 34       		.uleb128 0x34
 1668 00f5 00       		.byte	0
 1669 00f6 03       		.uleb128 0x3
 1670 00f7 0E       		.uleb128 0xe
ARM GAS  C:\Users\acer\AppData\Local\Temp\ccBtpibW.s 			page 31


 1671 00f8 3A       		.uleb128 0x3a
 1672 00f9 0B       		.uleb128 0xb
 1673 00fa 3B       		.uleb128 0x3b
 1674 00fb 0B       		.uleb128 0xb
 1675 00fc 49       		.uleb128 0x49
 1676 00fd 13       		.uleb128 0x13
 1677 00fe 3F       		.uleb128 0x3f
 1678 00ff 19       		.uleb128 0x19
 1679 0100 02       		.uleb128 0x2
 1680 0101 18       		.uleb128 0x18
 1681 0102 00       		.byte	0
 1682 0103 00       		.byte	0
 1683 0104 17       		.uleb128 0x17
 1684 0105 34       		.uleb128 0x34
 1685 0106 00       		.byte	0
 1686 0107 03       		.uleb128 0x3
 1687 0108 0E       		.uleb128 0xe
 1688 0109 3A       		.uleb128 0x3a
 1689 010a 0B       		.uleb128 0xb
 1690 010b 3B       		.uleb128 0x3b
 1691 010c 05       		.uleb128 0x5
 1692 010d 49       		.uleb128 0x49
 1693 010e 13       		.uleb128 0x13
 1694 010f 3F       		.uleb128 0x3f
 1695 0110 19       		.uleb128 0x19
 1696 0111 02       		.uleb128 0x2
 1697 0112 18       		.uleb128 0x18
 1698 0113 00       		.byte	0
 1699 0114 00       		.byte	0
 1700 0115 18       		.uleb128 0x18
 1701 0116 34       		.uleb128 0x34
 1702 0117 00       		.byte	0
 1703 0118 03       		.uleb128 0x3
 1704 0119 0E       		.uleb128 0xe
 1705 011a 3A       		.uleb128 0x3a
 1706 011b 0B       		.uleb128 0xb
 1707 011c 3B       		.uleb128 0x3b
 1708 011d 0B       		.uleb128 0xb
 1709 011e 49       		.uleb128 0x49
 1710 011f 13       		.uleb128 0x13
 1711 0120 3F       		.uleb128 0x3f
 1712 0121 19       		.uleb128 0x19
 1713 0122 3C       		.uleb128 0x3c
 1714 0123 19       		.uleb128 0x19
 1715 0124 00       		.byte	0
 1716 0125 00       		.byte	0
 1717 0126 00       		.byte	0
 1718              		.section	.debug_aranges,"",%progbits
 1719 0000 14000000 		.4byte	0x14
 1720 0004 0200     		.2byte	0x2
 1721 0006 00000000 		.4byte	.Ldebug_info0
 1722 000a 04       		.byte	0x4
 1723 000b 00       		.byte	0
 1724 000c 0000     		.2byte	0
 1725 000e 0000     		.2byte	0
 1726 0010 00000000 		.4byte	0
 1727 0014 00000000 		.4byte	0
ARM GAS  C:\Users\acer\AppData\Local\Temp\ccBtpibW.s 			page 32


 1728              		.section	.debug_line,"",%progbits
 1729              	.Ldebug_line0:
 1730 0000 38010000 		.section	.debug_str,"MS",%progbits,1
 1730      02003201 
 1730      00000201 
 1730      FB0E0D00 
 1730      01010101 
 1731              	.LASF115:
 1732 0000 433A5C53 		.ascii	"C:\\Sandbox\\AMA_EOS\\Lab1\\Lab1_Final\\Lab1\\React"
 1732      616E6462 
 1732      6F785C41 
 1732      4D415F45 
 1732      4F535C4C 
 1733 002d 696F6E47 		.ascii	"ionGame.cydsn\000"
 1733      616D652E 
 1733      63796473 
 1733      6E00
 1734              	.LASF46:
 1735 003b 6E657874 		.ascii	"next\000"
 1735      00
 1736              	.LASF83:
 1737 0040 45455F74 		.ascii	"EE_th_terminate_nextask\000"
 1737      685F7465 
 1737      726D696E 
 1737      6174655F 
 1737      6E657874 
 1738              	.LASF24:
 1739 0058 5469636B 		.ascii	"TickType\000"
 1739      54797065 
 1739      00
 1740              	.LASF84:
 1741 0061 45455F73 		.ascii	"EE_stkfirst\000"
 1741      746B6669 
 1741      72737400 
 1742              	.LASF26:
 1743 006d 41637469 		.ascii	"ActionType\000"
 1743      6F6E5479 
 1743      706500
 1744              	.LASF19:
 1745 0078 45455F54 		.ascii	"EE_TYPEBOOL\000"
 1745      59504542 
 1745      4F4F4C00 
 1746              	.LASF109:
 1747 0084 45455F63 		.ascii	"EE_cortex_mx_IRQ_tos\000"
 1747      6F727465 
 1747      785F6D78 
 1747      5F495251 
 1747      5F746F73 
 1748              	.LASF7:
 1749 0099 6C6F6E67 		.ascii	"long long unsigned int\000"
 1749      206C6F6E 
 1749      6720756E 
 1749      7369676E 
 1749      65642069 
 1750              	.LASF45:
 1751 00b0 64656C74 		.ascii	"delta\000"
 1751      6100
ARM GAS  C:\Users\acer\AppData\Local\Temp\ccBtpibW.s 			page 33


 1752              	.LASF42:
 1753 00b6 45455F6F 		.ascii	"EE_oo_counter_object_ROM_type\000"
 1753      6F5F636F 
 1753      756E7465 
 1753      725F6F62 
 1753      6A656374 
 1754              	.LASF89:
 1755 00d4 45455F72 		.ascii	"EE_rq_pairs_next\000"
 1755      715F7061 
 1755      6972735F 
 1755      6E657874 
 1755      00
 1756              	.LASF22:
 1757 00e5 5461736B 		.ascii	"TaskType\000"
 1757      54797065 
 1757      00
 1758              	.LASF61:
 1759 00ee 45455F54 		.ascii	"EE_TOS\000"
 1759      4F5300
 1760              	.LASF29:
 1761 00f5 6D617861 		.ascii	"maxallowedvalue\000"
 1761      6C6C6F77 
 1761      65647661 
 1761      6C756500 
 1762              	.LASF116:
 1763 0105 45455F6F 		.ascii	"EE_oo_autostart_task_mode_OSDEFAULTAPPMODE\000"
 1763      6F5F6175 
 1763      746F7374 
 1763      6172745F 
 1763      7461736B 
 1764              	.LASF79:
 1765 0130 45455F41 		.ascii	"EE_ALARM_ID\000"
 1765      4C41524D 
 1765      5F494400 
 1766              	.LASF6:
 1767 013c 6C6F6E67 		.ascii	"long long int\000"
 1767      206C6F6E 
 1767      6720696E 
 1767      7400
 1768              	.LASF0:
 1769 014a 7369676E 		.ascii	"signed char\000"
 1769      65642063 
 1769      68617200 
 1770              	.LASF52:
 1771 0156 45455F6F 		.ascii	"EE_oo_action_kind_type\000"
 1771      6F5F6163 
 1771      74696F6E 
 1771      5F6B696E 
 1771      645F7479 
 1772              	.LASF23:
 1773 016d 4576656E 		.ascii	"EventMaskType\000"
 1773      744D6173 
 1773      6B547970 
 1773      6500
 1774              	.LASF76:
 1775 017b 45455F45 		.ascii	"EE_EVENT_NAME\000"
 1775      56454E54 
ARM GAS  C:\Users\acer\AppData\Local\Temp\ccBtpibW.s 			page 34


 1775      5F4E414D 
 1775      4500
 1776              	.LASF100:
 1777 0189 45455F61 		.ascii	"EE_alarm_ROM\000"
 1777      6C61726D 
 1777      5F524F4D 
 1777      00
 1778              	.LASF70:
 1779 0196 45455F63 		.ascii	"EE_cortex_mx_active_tos\000"
 1779      6F727465 
 1779      785F6D78 
 1779      5F616374 
 1779      6976655F 
 1780              	.LASF35:
 1781 01ae 45455F6F 		.ascii	"EE_oo_counter_RAM_type\000"
 1781      6F5F636F 
 1781      756E7465 
 1781      725F5241 
 1781      4D5F7479 
 1782              	.LASF78:
 1783 01c5 45455F45 		.ascii	"EE_EVENT_ID\000"
 1783      56454E54 
 1783      5F494400 
 1784              	.LASF4:
 1785 01d1 6C6F6E67 		.ascii	"long int\000"
 1785      20696E74 
 1785      00
 1786              	.LASF87:
 1787 01da 45455F72 		.ascii	"EE_rq_queues_head\000"
 1787      715F7175 
 1787      65756573 
 1787      5F686561 
 1787      6400
 1788              	.LASF105:
 1789 01ec 45455F6F 		.ascii	"EE_oo_IRQ_suspend_status\000"
 1789      6F5F4952 
 1789      515F7375 
 1789      7370656E 
 1789      645F7374 
 1790              	.LASF107:
 1791 0205 45455F73 		.ascii	"EE_std_endcycle_next_tid\000"
 1791      74645F65 
 1791      6E646379 
 1791      636C655F 
 1791      6E657874 
 1792              	.LASF31:
 1793 021e 6D696E63 		.ascii	"mincycle\000"
 1793      79636C65 
 1793      00
 1794              	.LASF20:
 1795 0227 45455F54 		.ascii	"EE_TID\000"
 1795      494400
 1796              	.LASF33:
 1797 022e 76616C75 		.ascii	"value\000"
 1797      6500
 1798              	.LASF8:
 1799 0234 756E7369 		.ascii	"unsigned int\000"
ARM GAS  C:\Users\acer\AppData\Local\Temp\ccBtpibW.s 			page 35


 1799      676E6564 
 1799      20696E74 
 1799      00
 1800              	.LASF16:
 1801 0241 45455F55 		.ascii	"EE_UREG\000"
 1801      52454700 
 1802              	.LASF60:
 1803 0249 45455F6F 		.ascii	"EE_oo_alarm_ROM_type\000"
 1803      6F5F616C 
 1803      61726D5F 
 1803      524F4D5F 
 1803      74797065 
 1804              	.LASF77:
 1805 025e 45455F41 		.ascii	"EE_ALARM_NAME\000"
 1805      4C41524D 
 1805      5F4E414D 
 1805      4500
 1806              	.LASF5:
 1807 026c 6C6F6E67 		.ascii	"long unsigned int\000"
 1807      20756E73 
 1807      69676E65 
 1807      6420696E 
 1807      7400
 1808              	.LASF95:
 1809 027e 45455F74 		.ascii	"EE_th_waswaiting\000"
 1809      685F7761 
 1809      73776169 
 1809      74696E67 
 1809      00
 1810              	.LASF62:
 1811 028f 45455F6F 		.ascii	"EE_oo_autostart_task_type\000"
 1811      6F5F6175 
 1811      746F7374 
 1811      6172745F 
 1811      7461736B 
 1812              	.LASF41:
 1813 02a9 6B696E64 		.ascii	"kind\000"
 1813      00
 1814              	.LASF3:
 1815 02ae 73686F72 		.ascii	"short unsigned int\000"
 1815      7420756E 
 1815      7369676E 
 1815      65642069 
 1815      6E7400
 1816              	.LASF104:
 1817 02c1 45455F6F 		.ascii	"EE_oo_IRQ_disable_count\000"
 1817      6F5F4952 
 1817      515F6469 
 1817      7361626C 
 1817      655F636F 
 1818              	.LASF38:
 1819 02d9 45455F6F 		.ascii	"EE_oo_counter_object_kind_type\000"
 1819      6F5F636F 
 1819      756E7465 
 1819      725F6F62 
 1819      6A656374 
 1820              	.LASF80:
ARM GAS  C:\Users\acer\AppData\Local\Temp\ccBtpibW.s 			page 36


 1821 02f8 45455F74 		.ascii	"EE_th_status\000"
 1821      685F7374 
 1821      61747573 
 1821      00
 1822              	.LASF39:
 1823 0305 436F756E 		.ascii	"CounterObjectKindType\000"
 1823      7465724F 
 1823      626A6563 
 1823      744B696E 
 1823      64547970 
 1824              	.LASF73:
 1825 031b 45455F74 		.ascii	"EE_th_dispatch_prio\000"
 1825      685F6469 
 1825      73706174 
 1825      63685F70 
 1825      72696F00 
 1826              	.LASF111:
 1827 032f 45455F63 		.ascii	"EE_cortex_mx_stack_4\000"
 1827      6F727465 
 1827      785F6D78 
 1827      5F737461 
 1827      636B5F34 
 1828              	.LASF112:
 1829 0344 45455F63 		.ascii	"EE_cortex_mx_stack_9\000"
 1829      6F727465 
 1829      785F6D78 
 1829      5F737461 
 1829      636B5F39 
 1830              	.LASF14:
 1831 0359 45455F56 		.ascii	"EE_VOID_CALLBACK\000"
 1831      4F49445F 
 1831      43414C4C 
 1831      4241434B 
 1831      00
 1832              	.LASF27:
 1833 036a 436F756E 		.ascii	"CounterType\000"
 1833      74657254 
 1833      79706500 
 1834              	.LASF98:
 1835 0376 45455F6F 		.ascii	"EE_oo_counter_object_ROM\000"
 1835      6F5F636F 
 1835      756E7465 
 1835      725F6F62 
 1835      6A656374 
 1836              	.LASF59:
 1837 038f 61637469 		.ascii	"action_id\000"
 1837      6F6E5F69 
 1837      6400
 1838              	.LASF106:
 1839 0399 45455F41 		.ascii	"EE_ApplicationMode\000"
 1839      70706C69 
 1839      63617469 
 1839      6F6E4D6F 
 1839      646500
 1840              	.LASF99:
 1841 03ac 45455F6F 		.ascii	"EE_oo_action_ROM\000"
 1841      6F5F6163 
ARM GAS  C:\Users\acer\AppData\Local\Temp\ccBtpibW.s 			page 37


 1841      74696F6E 
 1841      5F524F4D 
 1841      00
 1842              	.LASF21:
 1843 03bd 45455F54 		.ascii	"EE_TYPE_RQ_MASK\000"
 1843      5950455F 
 1843      52515F4D 
 1843      41534B00 
 1844              	.LASF64:
 1845 03cd 73697A65 		.ascii	"sizetype\000"
 1845      74797065 
 1845      00
 1846              	.LASF9:
 1847 03d6 6C6F6E67 		.ascii	"long double\000"
 1847      20646F75 
 1847      626C6500 
 1848              	.LASF92:
 1849 03e2 45455F72 		.ascii	"EE_rq_free\000"
 1849      715F6672 
 1849      656500
 1850              	.LASF86:
 1851 03ed 45455F72 		.ascii	"EE_rq_link\000"
 1851      715F6C69 
 1851      6E6B00
 1852              	.LASF17:
 1853 03f8 45455F53 		.ascii	"EE_SREG\000"
 1853      52454700 
 1854              	.LASF30:
 1855 0400 7469636B 		.ascii	"ticksperbase\000"
 1855      73706572 
 1855      62617365 
 1855      00
 1856              	.LASF43:
 1857 040d 75736564 		.ascii	"used\000"
 1857      00
 1858              	.LASF47:
 1859 0412 45455F6F 		.ascii	"EE_oo_counter_object_RAM_type\000"
 1859      6F5F636F 
 1859      756E7465 
 1859      725F6F62 
 1859      6A656374 
 1860              	.LASF97:
 1861 0430 45455F63 		.ascii	"EE_counter_ROM\000"
 1861      6F756E74 
 1861      65725F52 
 1861      4F4D00
 1862              	.LASF58:
 1863 043f 45455F6F 		.ascii	"EE_oo_action_ROM_type\000"
 1863      6F5F6163 
 1863      74696F6E 
 1863      5F524F4D 
 1863      5F747970 
 1864              	.LASF10:
 1865 0455 45455F55 		.ascii	"EE_UINT16\000"
 1865      494E5431 
 1865      3600
 1866              	.LASF37:
ARM GAS  C:\Users\acer\AppData\Local\Temp\ccBtpibW.s 			page 38


 1867 045f 45455F53 		.ascii	"EE_SCHEDULETABLE\000"
 1867      43484544 
 1867      554C4554 
 1867      41424C45 
 1867      00
 1868              	.LASF69:
 1869 0470 45455F63 		.ascii	"EE_cortex_mx_system_tos\000"
 1869      6F727465 
 1869      785F6D78 
 1869      5F737973 
 1869      74656D5F 
 1870              	.LASF1:
 1871 0488 756E7369 		.ascii	"unsigned char\000"
 1871      676E6564 
 1871      20636861 
 1871      7200
 1872              	.LASF36:
 1873 0496 45455F41 		.ascii	"EE_ALARM\000"
 1873      4C41524D 
 1873      00
 1874              	.LASF81:
 1875 049f 45455F74 		.ascii	"EE_th_next\000"
 1875      685F6E65 
 1875      787400
 1876              	.LASF68:
 1877 04aa 45455F74 		.ascii	"EE_terminate_real_th_body\000"
 1877      65726D69 
 1877      6E617465 
 1877      5F726561 
 1877      6C5F7468 
 1878              	.LASF57:
 1879 04c4 696E6363 		.ascii	"inccount\000"
 1879      6F756E74 
 1879      00
 1880              	.LASF2:
 1881 04cd 73686F72 		.ascii	"short int\000"
 1881      7420696E 
 1881      7400
 1882              	.LASF94:
 1883 04d7 45455F74 		.ascii	"EE_th_event_waitmask\000"
 1883      685F6576 
 1883      656E745F 
 1883      77616974 
 1883      6D61736B 
 1884              	.LASF110:
 1885 04ec 45455F63 		.ascii	"EE_cortex_mx_stack_3\000"
 1885      6F727465 
 1885      785F6D78 
 1885      5F737461 
 1885      636B5F33 
 1886              	.LASF75:
 1887 0501 45455F54 		.ascii	"EE_TASK_NAME\000"
 1887      41534B5F 
 1887      4E414D45 
 1887      00
 1888              	.LASF32:
 1889 050e 45455F6F 		.ascii	"EE_oo_counter_ROM_type\000"
ARM GAS  C:\Users\acer\AppData\Local\Temp\ccBtpibW.s 			page 39


 1889      6F5F636F 
 1889      756E7465 
 1889      725F524F 
 1889      4D5F7479 
 1890              	.LASF113:
 1891 0525 474E5520 		.ascii	"GNU C11 5.4.1 20160609 (release) [ARM/embedded-5-br"
 1891      43313120 
 1891      352E342E 
 1891      31203230 
 1891      31363036 
 1892 0558 616E6368 		.ascii	"anch revision 237715] -mcpu=cortex-m3 -mthumb -g -O"
 1892      20726576 
 1892      6973696F 
 1892      6E203233 
 1892      37373135 
 1893 058b 67202D66 		.ascii	"g -ffunction-sections -ffat-lto-objects\000"
 1893      66756E63 
 1893      74696F6E 
 1893      2D736563 
 1893      74696F6E 
 1894              	.LASF56:
 1895 05b3 61637469 		.ascii	"action_mask\000"
 1895      6F6E5F6D 
 1895      61736B00 
 1896              	.LASF15:
 1897 05bf 45455F54 		.ascii	"EE_THREAD_PTR\000"
 1897      48524541 
 1897      445F5054 
 1897      5200
 1898              	.LASF88:
 1899 05cd 45455F72 		.ascii	"EE_rq_queues_tail\000"
 1899      715F7175 
 1899      65756573 
 1899      5F746169 
 1899      6C00
 1900              	.LASF66:
 1901 05df 45455F73 		.ascii	"EE_std_thread_tos\000"
 1901      74645F74 
 1901      68726561 
 1901      645F746F 
 1901      7300
 1902              	.LASF51:
 1903 05f1 45455F41 		.ascii	"EE_ACTION_CALLBACK\000"
 1903      4354494F 
 1903      4E5F4341 
 1903      4C4C4241 
 1903      434B00
 1904              	.LASF91:
 1905 0604 45455F72 		.ascii	"EE_rq_bitmask\000"
 1905      715F6269 
 1905      746D6173 
 1905      6B00
 1906              	.LASF34:
 1907 0612 66697273 		.ascii	"first\000"
 1907      7400
 1908              	.LASF25:
 1909 0618 436F756E 		.ascii	"CounterObjectType\000"
ARM GAS  C:\Users\acer\AppData\Local\Temp\ccBtpibW.s 			page 40


 1909      7465724F 
 1909      626A6563 
 1909      74547970 
 1909      6500
 1910              	.LASF74:
 1911 062a 63686172 		.ascii	"char\000"
 1911      00
 1912              	.LASF48:
 1913 062f 45455F41 		.ascii	"EE_ACTION_TASK\000"
 1913      4354494F 
 1913      4E5F5441 
 1913      534B00
 1914              	.LASF71:
 1915 063e 45455F74 		.ascii	"EE_th_rnact_max\000"
 1915      685F726E 
 1915      6163745F 
 1915      6D617800 
 1916              	.LASF50:
 1917 064e 45455F41 		.ascii	"EE_ACTION_COUNTER\000"
 1917      4354494F 
 1917      4E5F434F 
 1917      554E5445 
 1917      5200
 1918              	.LASF101:
 1919 0660 45455F63 		.ascii	"EE_counter_RAM\000"
 1919      6F756E74 
 1919      65725F52 
 1919      414D00
 1920              	.LASF40:
 1921 066f 73706563 		.ascii	"spec_id\000"
 1921      5F696400 
 1922              	.LASF49:
 1923 0677 45455F41 		.ascii	"EE_ACTION_EVENT\000"
 1923      4354494F 
 1923      4E5F4556 
 1923      454E5400 
 1924              	.LASF65:
 1925 0687 45455F68 		.ascii	"EE_hal_thread_body\000"
 1925      616C5F74 
 1925      68726561 
 1925      645F626F 
 1925      647900
 1926              	.LASF85:
 1927 069a 45455F73 		.ascii	"EE_sys_ceiling\000"
 1927      79735F63 
 1927      65696C69 
 1927      6E6700
 1928              	.LASF54:
 1929 06a9 61637469 		.ascii	"action_kind\000"
 1929      6F6E5F6B 
 1929      696E6400 
 1930              	.LASF63:
 1931 06b5 7461736B 		.ascii	"task\000"
 1931      00
 1932              	.LASF102:
 1933 06ba 45455F6F 		.ascii	"EE_oo_counter_object_RAM\000"
 1933      6F5F636F 
ARM GAS  C:\Users\acer\AppData\Local\Temp\ccBtpibW.s 			page 41


 1933      756E7465 
 1933      725F6F62 
 1933      6A656374 
 1934              	.LASF53:
 1935 06d3 41637469 		.ascii	"ActionKindType\000"
 1935      6F6E4B69 
 1935      6E645479 
 1935      706500
 1936              	.LASF72:
 1937 06e2 45455F74 		.ascii	"EE_th_ready_prio\000"
 1937      685F7265 
 1937      6164795F 
 1937      7072696F 
 1937      00
 1938              	.LASF82:
 1939 06f3 45455F74 		.ascii	"EE_th_rnact\000"
 1939      685F726E 
 1939      61637400 
 1940              	.LASF90:
 1941 06ff 45455F72 		.ascii	"EE_rq_pairs_tid\000"
 1941      715F7061 
 1941      6972735F 
 1941      74696400 
 1942              	.LASF108:
 1943 070f 45455F49 		.ascii	"EE_IRQ_nesting_level\000"
 1943      52515F6E 
 1943      65737469 
 1943      6E675F6C 
 1943      6576656C 
 1944              	.LASF12:
 1945 0724 45455F55 		.ascii	"EE_UINT32\000"
 1945      494E5433 
 1945      3200
 1946              	.LASF11:
 1947 072e 45455F49 		.ascii	"EE_INT32\000"
 1947      4E543332 
 1947      00
 1948              	.LASF67:
 1949 0737 45455F74 		.ascii	"EE_terminate_data\000"
 1949      65726D69 
 1949      6E617465 
 1949      5F646174 
 1949      6100
 1950              	.LASF114:
 1951 0749 47656E65 		.ascii	"Generated_Source\\PSoC5\\ErikaOS_1_eecfg.c\000"
 1951      72617465 
 1951      645F536F 
 1951      75726365 
 1951      5C50536F 
 1952              	.LASF93:
 1953 0772 45455F74 		.ascii	"EE_th_event_active\000"
 1953      685F6576 
 1953      656E745F 
 1953      61637469 
 1953      766500
 1954              	.LASF44:
 1955 0785 636E7463 		.ascii	"cntcycle\000"
ARM GAS  C:\Users\acer\AppData\Local\Temp\ccBtpibW.s 			page 42


 1955      79636C65 
 1955      00
 1956              	.LASF28:
 1957 078e 5359535F 		.ascii	"SYS_tos\000"
 1957      746F7300 
 1958              	.LASF55:
 1959 0796 61637469 		.ascii	"action_task\000"
 1959      6F6E5F74 
 1959      61736B00 
 1960              	.LASF13:
 1961 07a2 45455F41 		.ascii	"EE_ADDR\000"
 1961      44445200 
 1962              	.LASF96:
 1963 07aa 45455F74 		.ascii	"EE_th_is_extended\000"
 1963      685F6973 
 1963      5F657874 
 1963      656E6465 
 1963      6400
 1964              	.LASF18:
 1965 07bc 45455F46 		.ascii	"EE_FREG\000"
 1965      52454700 
 1966              	.LASF103:
 1967 07c4 45455F6F 		.ascii	"EE_oo_autostart_task_data\000"
 1967      6F5F6175 
 1967      746F7374 
 1967      6172745F 
 1967      7461736B 
 1968              		.ident	"GCC: (GNU Tools for ARM Embedded Processors) 5.4.1 20160609 (release) [ARM/embedded-5-bran
