ARM GAS  C:\Users\acer\AppData\Local\Temp\ccxwd8Nf.s 			page 1


   1              		.syntax unified
   2              		.cpu cortex-m3
   3              		.fpu softvfp
   4              		.eabi_attribute 20, 1
   5              		.eabi_attribute 21, 1
   6              		.eabi_attribute 23, 3
   7              		.eabi_attribute 24, 1
   8              		.eabi_attribute 25, 1
   9              		.eabi_attribute 26, 1
  10              		.eabi_attribute 30, 1
  11              		.eabi_attribute 34, 1
  12              		.eabi_attribute 18, 4
  13              		.thumb
  14              		.syntax unified
  15              		.file	"seven.c"
  16              		.text
  17              	.Ltext0:
  18              		.cfi_sections	.debug_frame
  19              		.section	.text.SEVEN_Set,"ax",%progbits
  20              		.align	2
  21              		.global	SEVEN_Set
  22              		.thumb
  23              		.thumb_func
  24              		.type	SEVEN_Set, %function
  25              	SEVEN_Set:
  26              	.LFB111:
  27              		.file 1 "source\\bsw\\LabBoard\\seven.c"
   1:source\bsw\LabBoard/seven.c **** /**
   2:source\bsw\LabBoard/seven.c **** * \file seven.c
   3:source\bsw\LabBoard/seven.c **** * \author P. Fromm
   4:source\bsw\LabBoard/seven.c **** * \date 28.8.17
   5:source\bsw\LabBoard/seven.c **** *
   6:source\bsw\LabBoard/seven.c **** * \brief Driver for 7 segment displays
   7:source\bsw\LabBoard/seven.c **** *
   8:source\bsw\LabBoard/seven.c **** * \copyright Copyright ©2016
   9:source\bsw\LabBoard/seven.c **** * Department of electrical engineering and information technology, Hochschule Darmstadt - Universit
  10:source\bsw\LabBoard/seven.c **** * Permission to use, copy, modify, and distribute this software and its documentation for education
  11:source\bsw\LabBoard/seven.c **** * (unless permitted by h_da) and official h_da projects, is hereby granted for enrolled students of
  12:source\bsw\LabBoard/seven.c **** * this paragraph and the following paragraph appear in all copies, modifications, and distributions
  13:source\bsw\LabBoard/seven.c **** * Contact Prof.Dr.-Ing. Peter Fromm, peter.fromm@h-da.de, Birkenweg 8 64295 Darmstadt - GERMANY for
  14:source\bsw\LabBoard/seven.c **** *
  15:source\bsw\LabBoard/seven.c **** * \warning This software is a PROTOTYPE version and is not designed or intended for use in producti
  16:source\bsw\LabBoard/seven.c **** * The user represents and warrants that it will NOT use or redistribute the Software for such purpo
  17:source\bsw\LabBoard/seven.c **** * This prototype is for research purposes only. This software is provided "AS IS," without a warran
  18:source\bsw\LabBoard/seven.c **** */
  19:source\bsw\LabBoard/seven.c **** 
  20:source\bsw\LabBoard/seven.c **** /*****************************************************************************/
  21:source\bsw\LabBoard/seven.c **** /* Include files                                                             */
  22:source\bsw\LabBoard/seven.c **** /*****************************************************************************/
  23:source\bsw\LabBoard/seven.c **** #include "project.h"
  24:source\bsw\LabBoard/seven.c **** #include "seven.h"
  25:source\bsw\LabBoard/seven.c **** 
  26:source\bsw\LabBoard/seven.c **** 
  27:source\bsw\LabBoard/seven.c **** 
  28:source\bsw\LabBoard/seven.c **** 
  29:source\bsw\LabBoard/seven.c **** /*****************************************************************************/
  30:source\bsw\LabBoard/seven.c **** /* Local pre-processor symbols/macros ('#define')                            */
ARM GAS  C:\Users\acer\AppData\Local\Temp\ccxwd8Nf.s 			page 2


  31:source\bsw\LabBoard/seven.c **** /*****************************************************************************/
  32:source\bsw\LabBoard/seven.c **** 
  33:source\bsw\LabBoard/seven.c **** #define SEVEN__A  0b10000000
  34:source\bsw\LabBoard/seven.c **** #define SEVEN__B  0b01000000
  35:source\bsw\LabBoard/seven.c **** #define SEVEN__C  0b00100000
  36:source\bsw\LabBoard/seven.c **** #define SEVEN__D  0b00010000
  37:source\bsw\LabBoard/seven.c **** #define SEVEN__E  0b00001000
  38:source\bsw\LabBoard/seven.c **** #define SEVEN__F  0b00000100
  39:source\bsw\LabBoard/seven.c **** #define SEVEN__G  0b00000010
  40:source\bsw\LabBoard/seven.c **** #define SEVEN__DP 0b00000001
  41:source\bsw\LabBoard/seven.c **** 
  42:source\bsw\LabBoard/seven.c **** 
  43:source\bsw\LabBoard/seven.c **** /*****************************************************************************/
  44:source\bsw\LabBoard/seven.c **** /* Global variable definitions (declared in header file with 'extern')       */
  45:source\bsw\LabBoard/seven.c **** /*****************************************************************************/
  46:source\bsw\LabBoard/seven.c **** 
  47:source\bsw\LabBoard/seven.c **** /*****************************************************************************/
  48:source\bsw\LabBoard/seven.c **** /* Local type definitions ('typedef')                                        */
  49:source\bsw\LabBoard/seven.c **** /*****************************************************************************/
  50:source\bsw\LabBoard/seven.c **** 
  51:source\bsw\LabBoard/seven.c **** /*****************************************************************************/
  52:source\bsw\LabBoard/seven.c **** /* Local variable definitions ('static')                                     */
  53:source\bsw\LabBoard/seven.c **** /*****************************************************************************/
  54:source\bsw\LabBoard/seven.c **** 
  55:source\bsw\LabBoard/seven.c **** //    ABCDEFG
  56:source\bsw\LabBoard/seven.c **** const static uint8_t SEVEN__BitPattern[] = 
  57:source\bsw\LabBoard/seven.c **** {
  58:source\bsw\LabBoard/seven.c ****     0b11111100,     //0
  59:source\bsw\LabBoard/seven.c ****     0b01100000,     //1
  60:source\bsw\LabBoard/seven.c ****     0b11011010,     //2
  61:source\bsw\LabBoard/seven.c ****     0b11110010,     //3
  62:source\bsw\LabBoard/seven.c ****     0b01100110,     //4
  63:source\bsw\LabBoard/seven.c ****     0b10110110,     //5
  64:source\bsw\LabBoard/seven.c ****     0b10111110,     //6
  65:source\bsw\LabBoard/seven.c ****     0b11100000,     //7
  66:source\bsw\LabBoard/seven.c ****     0b11111110,     //8
  67:source\bsw\LabBoard/seven.c ****     0b11110110,     //9
  68:source\bsw\LabBoard/seven.c ****     0b11101110,     //a
  69:source\bsw\LabBoard/seven.c ****     0b00111110,     //b
  70:source\bsw\LabBoard/seven.c ****     0b10011100,     //c
  71:source\bsw\LabBoard/seven.c ****     0b01111010,     //d
  72:source\bsw\LabBoard/seven.c ****     0b10011110,     //e
  73:source\bsw\LabBoard/seven.c ****     0b10001110,     //f
  74:source\bsw\LabBoard/seven.c ****     0b00000001      //decimal point
  75:source\bsw\LabBoard/seven.c **** };
  76:source\bsw\LabBoard/seven.c ****     
  77:source\bsw\LabBoard/seven.c **** //We need to store the last latch value per display
  78:source\bsw\LabBoard/seven.c **** //-1 means empty
  79:source\bsw\LabBoard/seven.c **** static sint8_t SEVEN__latch_value[2] = {-1,-1};
  80:source\bsw\LabBoard/seven.c **** static uint8_t SEVEN__latch_pattern[2] = {0,0};
  81:source\bsw\LabBoard/seven.c **** 
  82:source\bsw\LabBoard/seven.c **** /*****************************************************************************/
  83:source\bsw\LabBoard/seven.c **** /* Local function prototypes ('static')                                      */
  84:source\bsw\LabBoard/seven.c **** /*****************************************************************************/
  85:source\bsw\LabBoard/seven.c **** 
  86:source\bsw\LabBoard/seven.c **** 
  87:source\bsw\LabBoard/seven.c **** /*****************************************************************************/
ARM GAS  C:\Users\acer\AppData\Local\Temp\ccxwd8Nf.s 			page 3


  88:source\bsw\LabBoard/seven.c **** /* Function implementation - global ('extern') and local ('static')          */
  89:source\bsw\LabBoard/seven.c **** /*****************************************************************************/
  90:source\bsw\LabBoard/seven.c **** 
  91:source\bsw\LabBoard/seven.c **** 
  92:source\bsw\LabBoard/seven.c **** 
  93:source\bsw\LabBoard/seven.c **** /**
  94:source\bsw\LabBoard/seven.c ****  * Initilasation of the seven segment display
  95:source\bsw\LabBoard/seven.c ****  * @return RC_SUCCESS if function was executed correctly, other value in case of error
  96:source\bsw\LabBoard/seven.c ****  */
  97:source\bsw\LabBoard/seven.c **** RC_t SEVEN_Init()
  98:source\bsw\LabBoard/seven.c **** {
  99:source\bsw\LabBoard/seven.c ****     
 100:source\bsw\LabBoard/seven.c ****     SEVEN_Clear(SEVEN_0);
 101:source\bsw\LabBoard/seven.c ****     SEVEN_Clear(SEVEN_1);
 102:source\bsw\LabBoard/seven.c ****     
 103:source\bsw\LabBoard/seven.c ****     return RC_SUCCESS;
 104:source\bsw\LabBoard/seven.c **** }
 105:source\bsw\LabBoard/seven.c **** 
 106:source\bsw\LabBoard/seven.c **** 
 107:source\bsw\LabBoard/seven.c **** /**
 108:source\bsw\LabBoard/seven.c ****  * Sets value for one display
 109:source\bsw\LabBoard/seven.c ****  * @param SEVEN_id_t sevenId - identifier for the segment to be set
 110:source\bsw\LabBoard/seven.c ****  * @param uint8_t value - value to be set, valid range 0...15
 111:source\bsw\LabBoard/seven.c ****  * @return RC_SUCCESS if function was executed correctly, other value in case of error
 112:source\bsw\LabBoard/seven.c ****  */
 113:source\bsw\LabBoard/seven.c **** RC_t SEVEN_Set(SEVEN_id_t sevenId, uint8_t value)
 114:source\bsw\LabBoard/seven.c **** {
  28              		.loc 1 114 0
  29              		.cfi_startproc
  30              		@ args = 0, pretend = 0, frame = 0
  31              		@ frame_needed = 0, uses_anonymous_args = 0
  32              	.LVL0:
 115:source\bsw\LabBoard/seven.c ****     if (value > 0x0F)
  33              		.loc 1 115 0
  34 0000 0F29     		cmp	r1, #15
  35 0002 0ED8     		bhi	.L3
 114:source\bsw\LabBoard/seven.c ****     if (value > 0x0F)
  36              		.loc 1 114 0
  37 0004 38B5     		push	{r3, r4, r5, lr}
  38              		.cfi_def_cfa_offset 16
  39              		.cfi_offset 3, -16
  40              		.cfi_offset 4, -12
  41              		.cfi_offset 5, -8
  42              		.cfi_offset 14, -4
  43 0006 0C46     		mov	r4, r1
  44 0008 0546     		mov	r5, r0
 116:source\bsw\LabBoard/seven.c ****     {
 117:source\bsw\LabBoard/seven.c ****         return RC_ERROR_BAD_PARAM;
 118:source\bsw\LabBoard/seven.c ****     }
 119:source\bsw\LabBoard/seven.c ****     
 120:source\bsw\LabBoard/seven.c ****     //Set the selection bit for the display
 121:source\bsw\LabBoard/seven.c ****     SEVEN_SELECT_Write((uint8_t)sevenId);
  45              		.loc 1 121 0
  46 000a FFF7FEFF 		bl	SEVEN_SELECT_Write
  47              	.LVL1:
 122:source\bsw\LabBoard/seven.c ****     
 123:source\bsw\LabBoard/seven.c ****     //Set the bitpattern
ARM GAS  C:\Users\acer\AppData\Local\Temp\ccxwd8Nf.s 			page 4


 124:source\bsw\LabBoard/seven.c ****     //As we do not have a single port, we have to do it bit by bit
 125:source\bsw\LabBoard/seven.c ****     
 126:source\bsw\LabBoard/seven.c ****     uint8_t pattern = SEVEN__BitPattern[value];
  48              		.loc 1 126 0
  49 000e 064B     		ldr	r3, .L6
  50 0010 185D     		ldrb	r0, [r3, r4]	@ zero_extendqisi2
  51              	.LVL2:
 127:source\bsw\LabBoard/seven.c ****     
 128:source\bsw\LabBoard/seven.c ****     //Store the current pattern in the software latch (needed for the DP function)
 129:source\bsw\LabBoard/seven.c ****     SEVEN__latch_value[(uint8_t)sevenId] = value;
  52              		.loc 1 129 0
  53 0012 064B     		ldr	r3, .L6+4
  54 0014 5C55     		strb	r4, [r3, r5]
 130:source\bsw\LabBoard/seven.c ****     SEVEN__latch_pattern[(uint8_t)sevenId] = pattern;
  55              		.loc 1 130 0
  56 0016 064B     		ldr	r3, .L6+8
  57 0018 5855     		strb	r0, [r3, r5]
 131:source\bsw\LabBoard/seven.c ****     
 132:source\bsw\LabBoard/seven.c ****     SEVEN_reg_Write(pattern);
  58              		.loc 1 132 0
  59 001a FFF7FEFF 		bl	SEVEN_reg_Write
  60              	.LVL3:
 133:source\bsw\LabBoard/seven.c ****     return RC_SUCCESS;
  61              		.loc 1 133 0
  62 001e 0020     		movs	r0, #0
  63 0020 38BD     		pop	{r3, r4, r5, pc}
  64              	.LVL4:
  65              	.L3:
  66              		.cfi_def_cfa_offset 0
  67              		.cfi_restore 3
  68              		.cfi_restore 4
  69              		.cfi_restore 5
  70              		.cfi_restore 14
 117:source\bsw\LabBoard/seven.c ****     }
  71              		.loc 1 117 0
  72 0022 6FF01300 		mvn	r0, #19
  73              	.LVL5:
  74 0026 7047     		bx	lr
  75              	.L7:
  76              		.align	2
  77              	.L6:
  78 0028 00000000 		.word	.LANCHOR0
  79 002c 00000000 		.word	.LANCHOR1
  80 0030 00000000 		.word	.LANCHOR2
  81              		.cfi_endproc
  82              	.LFE111:
  83              		.size	SEVEN_Set, .-SEVEN_Set
  84              		.section	.text.SEVEN_Get,"ax",%progbits
  85              		.align	2
  86              		.global	SEVEN_Get
  87              		.thumb
  88              		.thumb_func
  89              		.type	SEVEN_Get, %function
  90              	SEVEN_Get:
  91              	.LFB112:
 134:source\bsw\LabBoard/seven.c ****     
 135:source\bsw\LabBoard/seven.c **** }
ARM GAS  C:\Users\acer\AppData\Local\Temp\ccxwd8Nf.s 			page 5


 136:source\bsw\LabBoard/seven.c **** 
 137:source\bsw\LabBoard/seven.c **** /**
 138:source\bsw\LabBoard/seven.c ****  * Get value for one display
 139:source\bsw\LabBoard/seven.c ****  * @param SEVEN_id_t sevenId - identifier for the segment to be set
 140:source\bsw\LabBoard/seven.c ****  * @param uint8_t value - current value, valid range 0...15
 141:source\bsw\LabBoard/seven.c ****  * @return RC_SUCCESS if function was executed correctly, other value in case of error
 142:source\bsw\LabBoard/seven.c ****  */
 143:source\bsw\LabBoard/seven.c **** RC_t SEVEN_Get(SEVEN_id_t sevenId, sint8_t* value)
 144:source\bsw\LabBoard/seven.c **** {
  92              		.loc 1 144 0
  93              		.cfi_startproc
  94              		@ args = 0, pretend = 0, frame = 0
  95              		@ frame_needed = 0, uses_anonymous_args = 0
  96              		@ link register save eliminated.
  97              	.LVL6:
 145:source\bsw\LabBoard/seven.c ****     *value = SEVEN__latch_value[(uint8_t)sevenId];
  98              		.loc 1 145 0
  99 0000 024B     		ldr	r3, .L9
 100 0002 1B56     		ldrsb	r3, [r3, r0]
 101 0004 0B70     		strb	r3, [r1]
 146:source\bsw\LabBoard/seven.c ****     return RC_SUCCESS;
 147:source\bsw\LabBoard/seven.c **** }
 102              		.loc 1 147 0
 103 0006 0020     		movs	r0, #0
 104              	.LVL7:
 105 0008 7047     		bx	lr
 106              	.L10:
 107 000a 00BF     		.align	2
 108              	.L9:
 109 000c 00000000 		.word	.LANCHOR1
 110              		.cfi_endproc
 111              	.LFE112:
 112              		.size	SEVEN_Get, .-SEVEN_Get
 113              		.section	.text.SEVEN_Ret,"ax",%progbits
 114              		.align	2
 115              		.global	SEVEN_Ret
 116              		.thumb
 117              		.thumb_func
 118              		.type	SEVEN_Ret, %function
 119              	SEVEN_Ret:
 120              	.LFB113:
 148:source\bsw\LabBoard/seven.c **** 
 149:source\bsw\LabBoard/seven.c **** /**
 150:source\bsw\LabBoard/seven.c ****  * Get value for one display
 151:source\bsw\LabBoard/seven.c ****  * @param SEVEN_id_t sevenId - identifier for the segment to be set
 152:source\bsw\LabBoard/seven.c ****  * @param uint8_t value - current value, valid range 0...15
 153:source\bsw\LabBoard/seven.c ****  * @return RC_SUCCESS if function was executed correctly, other value in case of error
 154:source\bsw\LabBoard/seven.c ****  */
 155:source\bsw\LabBoard/seven.c **** uint8_t SEVEN_Ret(SEVEN_id_t sevenId)
 156:source\bsw\LabBoard/seven.c **** {
 121              		.loc 1 156 0
 122              		.cfi_startproc
 123              		@ args = 0, pretend = 0, frame = 0
 124              		@ frame_needed = 0, uses_anonymous_args = 0
 125              		@ link register save eliminated.
 126              	.LVL8:
 157:source\bsw\LabBoard/seven.c ****     uint8_t value = SEVEN__latch_value[(uint8_t)sevenId];
ARM GAS  C:\Users\acer\AppData\Local\Temp\ccxwd8Nf.s 			page 6


 158:source\bsw\LabBoard/seven.c ****     return value;
 159:source\bsw\LabBoard/seven.c **** }
 127              		.loc 1 159 0
 128 0000 014B     		ldr	r3, .L12
 129 0002 185C     		ldrb	r0, [r3, r0]	@ zero_extendqisi2
 130              	.LVL9:
 131 0004 7047     		bx	lr
 132              	.L13:
 133 0006 00BF     		.align	2
 134              	.L12:
 135 0008 00000000 		.word	.LANCHOR1
 136              		.cfi_endproc
 137              	.LFE113:
 138              		.size	SEVEN_Ret, .-SEVEN_Ret
 139              		.section	.text.SEVEN_SetHex,"ax",%progbits
 140              		.align	2
 141              		.global	SEVEN_SetHex
 142              		.thumb
 143              		.thumb_func
 144              		.type	SEVEN_SetHex, %function
 145              	SEVEN_SetHex:
 146              	.LFB114:
 160:source\bsw\LabBoard/seven.c **** 
 161:source\bsw\LabBoard/seven.c **** 
 162:source\bsw\LabBoard/seven.c **** /**
 163:source\bsw\LabBoard/seven.c ****  * Sets both displays
 164:source\bsw\LabBoard/seven.c ****  * @param uint8_t value - value to be set, valid range 0...255
 165:source\bsw\LabBoard/seven.c ****  * @return RC_SUCCESS if function was executed correctly, other value in case of error
 166:source\bsw\LabBoard/seven.c ****  */
 167:source\bsw\LabBoard/seven.c **** RC_t SEVEN_SetHex(uint8_t value)
 168:source\bsw\LabBoard/seven.c **** {
 147              		.loc 1 168 0
 148              		.cfi_startproc
 149              		@ args = 0, pretend = 0, frame = 0
 150              		@ frame_needed = 0, uses_anonymous_args = 0
 151              	.LVL10:
 152 0000 10B5     		push	{r4, lr}
 153              		.cfi_def_cfa_offset 8
 154              		.cfi_offset 4, -8
 155              		.cfi_offset 14, -4
 156 0002 0446     		mov	r4, r0
 169:source\bsw\LabBoard/seven.c ****     SEVEN_Set(SEVEN_1, value / 16);
 157              		.loc 1 169 0
 158 0004 0109     		lsrs	r1, r0, #4
 159 0006 0120     		movs	r0, #1
 160              	.LVL11:
 161 0008 FFF7FEFF 		bl	SEVEN_Set
 162              	.LVL12:
 170:source\bsw\LabBoard/seven.c ****     SEVEN_Set(SEVEN_0, value % 16);
 163              		.loc 1 170 0
 164 000c 04F00F01 		and	r1, r4, #15
 165 0010 0020     		movs	r0, #0
 166 0012 FFF7FEFF 		bl	SEVEN_Set
 167              	.LVL13:
 171:source\bsw\LabBoard/seven.c ****     
 172:source\bsw\LabBoard/seven.c ****     return RC_SUCCESS;
 173:source\bsw\LabBoard/seven.c **** }
ARM GAS  C:\Users\acer\AppData\Local\Temp\ccxwd8Nf.s 			page 7


 168              		.loc 1 173 0
 169 0016 0020     		movs	r0, #0
 170 0018 10BD     		pop	{r4, pc}
 171              		.cfi_endproc
 172              	.LFE114:
 173              		.size	SEVEN_SetHex, .-SEVEN_SetHex
 174 001a 00BF     		.section	.text.SEVEN_SetDP,"ax",%progbits
 175              		.align	2
 176              		.global	SEVEN_SetDP
 177              		.thumb
 178              		.thumb_func
 179              		.type	SEVEN_SetDP, %function
 180              	SEVEN_SetDP:
 181              	.LFB115:
 174:source\bsw\LabBoard/seven.c **** 
 175:source\bsw\LabBoard/seven.c **** /**
 176:source\bsw\LabBoard/seven.c ****  * Sets decimal point for one display
 177:source\bsw\LabBoard/seven.c ****  * @param SEVEN_id_t sevenId - identifier for the segment to be set
 178:source\bsw\LabBoard/seven.c ****  * @param uint8_t value - value to be set, valid range 0 (OFF)...1(ON)
 179:source\bsw\LabBoard/seven.c ****  * @return RC_SUCCESS if function was executed correctly, other value in case of error
 180:source\bsw\LabBoard/seven.c ****  */
 181:source\bsw\LabBoard/seven.c **** RC_t SEVEN_SetDP(SEVEN_id_t sevenId, uint8_t value)
 182:source\bsw\LabBoard/seven.c **** {
 182              		.loc 1 182 0
 183              		.cfi_startproc
 184              		@ args = 0, pretend = 0, frame = 0
 185              		@ frame_needed = 0, uses_anonymous_args = 0
 186              	.LVL14:
 183:source\bsw\LabBoard/seven.c ****     
 184:source\bsw\LabBoard/seven.c ****     if (value > 1)
 187              		.loc 1 184 0
 188 0000 0129     		cmp	r1, #1
 189 0002 14D8     		bhi	.L19
 182:source\bsw\LabBoard/seven.c ****     
 190              		.loc 1 182 0
 191 0004 38B5     		push	{r3, r4, r5, lr}
 192              		.cfi_def_cfa_offset 16
 193              		.cfi_offset 3, -16
 194              		.cfi_offset 4, -12
 195              		.cfi_offset 5, -8
 196              		.cfi_offset 14, -4
 197              	.LVL15:
 185:source\bsw\LabBoard/seven.c ****     {
 186:source\bsw\LabBoard/seven.c ****         return RC_ERROR_BAD_PARAM;
 187:source\bsw\LabBoard/seven.c ****     }
 188:source\bsw\LabBoard/seven.c ****     
 189:source\bsw\LabBoard/seven.c ****     //Restore the last display pattern
 190:source\bsw\LabBoard/seven.c ****     uint8_t pattern = 0;
 191:source\bsw\LabBoard/seven.c ****     if (SEVEN__latch_value[(uint8_t)sevenId] != -1)
 198              		.loc 1 191 0
 199 0006 0B4B     		ldr	r3, .L23
 200 0008 1B56     		ldrsb	r3, [r3, r0]
 201 000a B3F1FF3F 		cmp	r3, #-1
 202 000e 02D0     		beq	.L20
 192:source\bsw\LabBoard/seven.c ****     {
 193:source\bsw\LabBoard/seven.c ****         pattern = SEVEN__latch_pattern[(uint8_t)sevenId];
 203              		.loc 1 193 0
ARM GAS  C:\Users\acer\AppData\Local\Temp\ccxwd8Nf.s 			page 8


 204 0010 094B     		ldr	r3, .L23+4
 205 0012 1D5C     		ldrb	r5, [r3, r0]	@ zero_extendqisi2
 206              	.LVL16:
 207 0014 00E0     		b	.L18
 208              	.LVL17:
 209              	.L20:
 190:source\bsw\LabBoard/seven.c ****     if (SEVEN__latch_value[(uint8_t)sevenId] != -1)
 210              		.loc 1 190 0
 211 0016 0025     		movs	r5, #0
 212              	.LVL18:
 213              	.L18:
 214 0018 0C46     		mov	r4, r1
 215              	.LVL19:
 194:source\bsw\LabBoard/seven.c ****     }
 195:source\bsw\LabBoard/seven.c ****     
 196:source\bsw\LabBoard/seven.c ****     //Set the selection bit for the display
 197:source\bsw\LabBoard/seven.c ****     SEVEN_SELECT_Write((uint8_t)sevenId);
 216              		.loc 1 197 0
 217 001a FFF7FEFF 		bl	SEVEN_SELECT_Write
 218              	.LVL20:
 198:source\bsw\LabBoard/seven.c ****     
 199:source\bsw\LabBoard/seven.c ****     //Set the port to the pattern currently active
 200:source\bsw\LabBoard/seven.c ****     SEVEN_reg_Write(pattern);
 219              		.loc 1 200 0
 220 001e 2846     		mov	r0, r5
 221 0020 FFF7FEFF 		bl	SEVEN_reg_Write
 222              	.LVL21:
 201:source\bsw\LabBoard/seven.c ****     
 202:source\bsw\LabBoard/seven.c ****     //Set the decimal point
 203:source\bsw\LabBoard/seven.c ****     SEVEN_DP_Write(value);
 223              		.loc 1 203 0
 224 0024 2046     		mov	r0, r4
 225 0026 FFF7FEFF 		bl	SEVEN_DP_Write
 226              	.LVL22:
 204:source\bsw\LabBoard/seven.c **** 
 205:source\bsw\LabBoard/seven.c ****     return RC_SUCCESS;
 227              		.loc 1 205 0
 228 002a 0020     		movs	r0, #0
 229 002c 38BD     		pop	{r3, r4, r5, pc}
 230              	.LVL23:
 231              	.L19:
 232              		.cfi_def_cfa_offset 0
 233              		.cfi_restore 3
 234              		.cfi_restore 4
 235              		.cfi_restore 5
 236              		.cfi_restore 14
 186:source\bsw\LabBoard/seven.c ****     }
 237              		.loc 1 186 0
 238 002e 6FF01300 		mvn	r0, #19
 239              	.LVL24:
 240 0032 7047     		bx	lr
 241              	.L24:
 242              		.align	2
 243              	.L23:
 244 0034 00000000 		.word	.LANCHOR1
 245 0038 00000000 		.word	.LANCHOR2
 246              		.cfi_endproc
ARM GAS  C:\Users\acer\AppData\Local\Temp\ccxwd8Nf.s 			page 9


 247              	.LFE115:
 248              		.size	SEVEN_SetDP, .-SEVEN_SetDP
 249              		.section	.text.SEVEN_Clear,"ax",%progbits
 250              		.align	2
 251              		.global	SEVEN_Clear
 252              		.thumb
 253              		.thumb_func
 254              		.type	SEVEN_Clear, %function
 255              	SEVEN_Clear:
 256              	.LFB116:
 206:source\bsw\LabBoard/seven.c **** }
 207:source\bsw\LabBoard/seven.c **** 
 208:source\bsw\LabBoard/seven.c **** /**
 209:source\bsw\LabBoard/seven.c ****  * Clears one display
 210:source\bsw\LabBoard/seven.c ****  * @param SEVEN_id_t sevenId - identifier for the segment to be set
 211:source\bsw\LabBoard/seven.c ****  * @return RC_SUCCESS if function was executed correctly, other value in case of error
 212:source\bsw\LabBoard/seven.c ****  */
 213:source\bsw\LabBoard/seven.c **** RC_t SEVEN_Clear(SEVEN_id_t sevenId)
 214:source\bsw\LabBoard/seven.c **** {
 257              		.loc 1 214 0
 258              		.cfi_startproc
 259              		@ args = 0, pretend = 0, frame = 0
 260              		@ frame_needed = 0, uses_anonymous_args = 0
 261              	.LVL25:
 262 0000 08B5     		push	{r3, lr}
 263              		.cfi_def_cfa_offset 8
 264              		.cfi_offset 3, -8
 265              		.cfi_offset 14, -4
 215:source\bsw\LabBoard/seven.c ****     //Set software latch to cleared
 216:source\bsw\LabBoard/seven.c ****     SEVEN__latch_value[(uint8_t)sevenId] = -1;
 266              		.loc 1 216 0
 267 0002 FF22     		movs	r2, #255
 268 0004 044B     		ldr	r3, .L27
 269 0006 1A54     		strb	r2, [r3, r0]
 217:source\bsw\LabBoard/seven.c ****     
 218:source\bsw\LabBoard/seven.c ****     //Set the selection bit for the display
 219:source\bsw\LabBoard/seven.c ****     SEVEN_SELECT_Write((uint8_t)sevenId);
 270              		.loc 1 219 0
 271 0008 FFF7FEFF 		bl	SEVEN_SELECT_Write
 272              	.LVL26:
 220:source\bsw\LabBoard/seven.c ****     
 221:source\bsw\LabBoard/seven.c ****     //Clear every bit
 222:source\bsw\LabBoard/seven.c ****     SEVEN_reg_Write(0);
 273              		.loc 1 222 0
 274 000c 0020     		movs	r0, #0
 275 000e FFF7FEFF 		bl	SEVEN_reg_Write
 276              	.LVL27:
 223:source\bsw\LabBoard/seven.c ****     
 224:source\bsw\LabBoard/seven.c ****     return RC_SUCCESS;
 225:source\bsw\LabBoard/seven.c **** }...
 277              		.loc 1 225 0
 278 0012 0020     		movs	r0, #0
 279 0014 08BD     		pop	{r3, pc}
 280              	.L28:
 281 0016 00BF     		.align	2
 282              	.L27:
 283 0018 00000000 		.word	.LANCHOR1
ARM GAS  C:\Users\acer\AppData\Local\Temp\ccxwd8Nf.s 			page 10


 284              		.cfi_endproc
 285              	.LFE116:
 286              		.size	SEVEN_Clear, .-SEVEN_Clear
 287              		.section	.text.SEVEN_Init,"ax",%progbits
 288              		.align	2
 289              		.global	SEVEN_Init
 290              		.thumb
 291              		.thumb_func
 292              		.type	SEVEN_Init, %function
 293              	SEVEN_Init:
 294              	.LFB110:
  98:source\bsw\LabBoard/seven.c **** {
 295              		.loc 1 98 0
 296              		.cfi_startproc
 297              		@ args = 0, pretend = 0, frame = 0
 298              		@ frame_needed = 0, uses_anonymous_args = 0
 299 0000 08B5     		push	{r3, lr}
 300              		.cfi_def_cfa_offset 8
 301              		.cfi_offset 3, -8
 302              		.cfi_offset 14, -4
 100:source\bsw\LabBoard/seven.c ****     SEVEN_Clear(SEVEN_0);
 303              		.loc 1 100 0
 304 0002 0020     		movs	r0, #0
 305 0004 FFF7FEFF 		bl	SEVEN_Clear
 306              	.LVL28:
 101:source\bsw\LabBoard/seven.c ****     SEVEN_Clear(SEVEN_1);
 307              		.loc 1 101 0
 308 0008 0120     		movs	r0, #1
 309 000a FFF7FEFF 		bl	SEVEN_Clear
 310              	.LVL29:
 104:source\bsw\LabBoard/seven.c **** }
 311              		.loc 1 104 0
 312 000e 0020     		movs	r0, #0
 313 0010 08BD     		pop	{r3, pc}
 314              		.cfi_endproc
 315              	.LFE110:
 316              		.size	SEVEN_Init, .-SEVEN_Init
 317 0012 00BF     		.section	.rodata
 318              		.align	2
 319              		.set	.LANCHOR0,. + 0
 320              		.type	SEVEN__BitPattern, %object
 321              		.size	SEVEN__BitPattern, 17
 322              	SEVEN__BitPattern:
 323 0000 FC       		.byte	-4
 324 0001 60       		.byte	96
 325 0002 DA       		.byte	-38
 326 0003 F2       		.byte	-14
 327 0004 66       		.byte	102
 328 0005 B6       		.byte	-74
 329 0006 BE       		.byte	-66
 330 0007 E0       		.byte	-32
 331 0008 FE       		.byte	-2
 332 0009 F6       		.byte	-10
 333 000a EE       		.byte	-18
 334 000b 3E       		.byte	62
 335 000c 9C       		.byte	-100
 336 000d 7A       		.byte	122
ARM GAS  C:\Users\acer\AppData\Local\Temp\ccxwd8Nf.s 			page 11


 337 000e 9E       		.byte	-98
 338 000f 8E       		.byte	-114
 339 0010 01       		.byte	1
 340              		.data
 341              		.align	2
 342              		.set	.LANCHOR1,. + 0
 343              		.type	SEVEN__latch_value, %object
 344              		.size	SEVEN__latch_value, 2
 345              	SEVEN__latch_value:
 346 0000 FF       		.byte	-1
 347 0001 FF       		.byte	-1
 348              		.bss
 349              		.align	2
 350              		.set	.LANCHOR2,. + 0
 351              		.type	SEVEN__latch_pattern, %object
 352              		.size	SEVEN__latch_pattern, 2
 353              	SEVEN__latch_pattern:
 354 0000 0000     		.space	2
 355              		.text
 356              	.Letext0:
 357              		.file 2 "c:\\program files (x86)\\cypress\\psoc creator\\4.4\\psoc creator\\import\\gnu\\arm\\5.4.
 358              		.file 3 "c:\\program files (x86)\\cypress\\psoc creator\\4.4\\psoc creator\\import\\gnu\\arm\\5.4.
 359              		.file 4 "Generated_Source\\PSoC5/ErikaOS_1_common_ee_types.inc"
 360              		.file 5 "Generated_Source\\PSoC5/ErikaOS_1_cortex_mx_ee_cpu.inc"
 361              		.file 6 ".\\source\\bsw/global.h"
 362              		.file 7 "source\\bsw\\LabBoard\\seven.h"
 363              		.file 8 "Generated_Source\\PSoC5/ErikaOS_1_ee_oo_intfunc.inc"
 364              		.file 9 "Generated_Source\\PSoC5/ErikaOS_1_cortex_mx_ee_context.inc"
 365              		.file 10 "Generated_Source\\PSoC5/ErikaOS_1_common_ee_primitives.inc"
 366              		.file 11 "Generated_Source\\PSoC5/core_cm3.h"
 367              		.file 12 "Generated_Source\\PSoC5/SEVEN_SELECT.h"
 368              		.file 13 "Generated_Source\\PSoC5/SEVEN_reg.h"
 369              		.file 14 "Generated_Source\\PSoC5/SEVEN_DP.h"
 370              		.section	.debug_info,"",%progbits
 371              	.Ldebug_info0:
 372 0000 DA040000 		.4byte	0x4da
 373 0004 0400     		.2byte	0x4
 374 0006 00000000 		.4byte	.Ldebug_abbrev0
 375 000a 04       		.byte	0x4
 376 000b 01       		.uleb128 0x1
 377 000c EB020000 		.4byte	.LASF75
 378 0010 0C       		.byte	0xc
 379 0011 1D020000 		.4byte	.LASF76
 380 0015 61040000 		.4byte	.LASF77
 381 0019 00000000 		.4byte	.Ldebug_ranges0+0
 382 001d 00000000 		.4byte	0
 383 0021 00000000 		.4byte	.Ldebug_line0
 384 0025 02       		.uleb128 0x2
 385 0026 01       		.byte	0x1
 386 0027 06       		.byte	0x6
 387 0028 11010000 		.4byte	.LASF0
 388 002c 03       		.uleb128 0x3
 389 002d C7010000 		.4byte	.LASF4
 390 0031 02       		.byte	0x2
 391 0032 1D       		.byte	0x1d
 392 0033 37000000 		.4byte	0x37
 393 0037 02       		.uleb128 0x2
ARM GAS  C:\Users\acer\AppData\Local\Temp\ccxwd8Nf.s 			page 12


 394 0038 01       		.byte	0x1
 395 0039 08       		.byte	0x8
 396 003a 51020000 		.4byte	.LASF1
 397 003e 02       		.uleb128 0x2
 398 003f 02       		.byte	0x2
 399 0040 05       		.byte	0x5
 400 0041 45000000 		.4byte	.LASF2
 401 0045 02       		.uleb128 0x2
 402 0046 02       		.byte	0x2
 403 0047 07       		.byte	0x7
 404 0048 D8020000 		.4byte	.LASF3
 405 004c 03       		.uleb128 0x3
 406 004d 48040000 		.4byte	.LASF5
 407 0051 02       		.byte	0x2
 408 0052 3F       		.byte	0x3f
 409 0053 57000000 		.4byte	0x57
 410 0057 02       		.uleb128 0x2
 411 0058 04       		.byte	0x4
 412 0059 05       		.byte	0x5
 413 005a 9E010000 		.4byte	.LASF6
 414 005e 02       		.uleb128 0x2
 415 005f 04       		.byte	0x4
 416 0060 07       		.byte	0x7
 417 0061 FB030000 		.4byte	.LASF7
 418 0065 02       		.uleb128 0x2
 419 0066 08       		.byte	0x8
 420 0067 05       		.byte	0x5
 421 0068 3C010000 		.4byte	.LASF8
 422 006c 02       		.uleb128 0x2
 423 006d 08       		.byte	0x8
 424 006e 07       		.byte	0x7
 425 006f 67020000 		.4byte	.LASF9
 426 0073 04       		.uleb128 0x4
 427 0074 04       		.byte	0x4
 428 0075 05       		.byte	0x5
 429 0076 696E7400 		.ascii	"int\000"
 430 007a 02       		.uleb128 0x2
 431 007b 04       		.byte	0x4
 432 007c 07       		.byte	0x7
 433 007d 7E020000 		.4byte	.LASF10
 434 0081 03       		.uleb128 0x3
 435 0082 C4000000 		.4byte	.LASF11
 436 0086 03       		.byte	0x3
 437 0087 18       		.byte	0x18
 438 0088 2C000000 		.4byte	0x2c
 439 008c 03       		.uleb128 0x3
 440 008d AF030000 		.4byte	.LASF12
 441 0091 03       		.byte	0x3
 442 0092 2C       		.byte	0x2c
 443 0093 4C000000 		.4byte	0x4c
 444 0097 02       		.uleb128 0x2
 445 0098 04       		.byte	0x4
 446 0099 04       		.byte	0x4
 447 009a 1D010000 		.4byte	.LASF13
 448 009e 02       		.uleb128 0x2
 449 009f 08       		.byte	0x8
 450 00a0 04       		.byte	0x4
ARM GAS  C:\Users\acer\AppData\Local\Temp\ccxwd8Nf.s 			page 13


 451 00a1 0D040000 		.4byte	.LASF14
 452 00a5 02       		.uleb128 0x2
 453 00a6 01       		.byte	0x1
 454 00a7 08       		.byte	0x8
 455 00a8 89030000 		.4byte	.LASF15
 456 00ac 02       		.uleb128 0x2
 457 00ad 08       		.byte	0x8
 458 00ae 04       		.byte	0x4
 459 00af 45020000 		.4byte	.LASF16
 460 00b3 03       		.uleb128 0x3
 461 00b4 CF020000 		.4byte	.LASF17
 462 00b8 04       		.byte	0x4
 463 00b9 53       		.byte	0x53
 464 00ba 73000000 		.4byte	0x73
 465 00be 03       		.uleb128 0x3
 466 00bf AD000000 		.4byte	.LASF18
 467 00c3 04       		.byte	0x4
 468 00c4 54       		.byte	0x54
 469 00c5 7A000000 		.4byte	0x7a
 470 00c9 03       		.uleb128 0x3
 471 00ca 31040000 		.4byte	.LASF19
 472 00ce 05       		.byte	0x5
 473 00cf 4D       		.byte	0x4d
 474 00d0 BE000000 		.4byte	0xbe
 475 00d4 03       		.uleb128 0x3
 476 00d5 94000000 		.4byte	.LASF20
 477 00d9 05       		.byte	0x5
 478 00da 4F       		.byte	0x4f
 479 00db BE000000 		.4byte	0xbe
 480 00df 03       		.uleb128 0x3
 481 00e0 B7000000 		.4byte	.LASF21
 482 00e4 05       		.byte	0x5
 483 00e5 78       		.byte	0x78
 484 00e6 B3000000 		.4byte	0xb3
 485 00ea 02       		.uleb128 0x2
 486 00eb 04       		.byte	0x4
 487 00ec 07       		.byte	0x7
 488 00ed 75000000 		.4byte	.LASF22
 489 00f1 03       		.uleb128 0x3
 490 00f2 04050000 		.4byte	.LASF23
 491 00f6 06       		.byte	0x6
 492 00f7 90       		.byte	0x90
 493 00f8 25000000 		.4byte	0x25
 494 00fc 05       		.uleb128 0x5
 495 00fd 01       		.byte	0x1
 496 00fe 25000000 		.4byte	0x25
 497 0102 06       		.byte	0x6
 498 0103 CF       		.byte	0xcf
 499 0104 A5010000 		.4byte	0x1a5
 500 0108 06       		.uleb128 0x6
 501 0109 26000000 		.4byte	.LASF24
 502 010d 00       		.byte	0
 503 010e 07       		.uleb128 0x7
 504 010f CE040000 		.4byte	.LASF25
 505 0113 7F       		.sleb128 -1
 506 0114 07       		.uleb128 0x7
 507 0115 AB020000 		.4byte	.LASF26
ARM GAS  C:\Users\acer\AppData\Local\Temp\ccxwd8Nf.s 			page 14


 508 0119 7E       		.sleb128 -2
 509 011a 07       		.uleb128 0x7
 510 011b 86000000 		.4byte	.LASF27
 511 011f 7D       		.sleb128 -3
 512 0120 07       		.uleb128 0x7
 513 0121 D7040000 		.4byte	.LASF28
 514 0125 7C       		.sleb128 -4
 515 0126 07       		.uleb128 0x7
 516 0127 39040000 		.4byte	.LASF29
 517 012b 7B       		.sleb128 -5
 518 012c 07       		.uleb128 0x7
 519 012d 4F000000 		.4byte	.LASF30
 520 0131 7A       		.sleb128 -6
 521 0132 07       		.uleb128 0x7
 522 0133 A7010000 		.4byte	.LASF31
 523 0137 79       		.sleb128 -7
 524 0138 07       		.uleb128 0x7
 525 0139 9A030000 		.4byte	.LASF32
 526 013d 78       		.sleb128 -8
 527 013e 07       		.uleb128 0x7
 528 013f B9020000 		.4byte	.LASF33
 529 0143 77       		.sleb128 -9
 530 0144 07       		.uleb128 0x7
 531 0145 B9010000 		.4byte	.LASF34
 532 0149 76       		.sleb128 -10
 533 014a 07       		.uleb128 0x7
 534 014b 0C050000 		.4byte	.LASF35
 535 014f 75       		.sleb128 -11
 536 0150 07       		.uleb128 0x7
 537 0151 8B020000 		.4byte	.LASF36
 538 0155 74       		.sleb128 -12
 539 0156 07       		.uleb128 0x7
 540 0157 1F040000 		.4byte	.LASF37
 541 015b 73       		.sleb128 -13
 542 015c 07       		.uleb128 0x7
 543 015d 13000000 		.4byte	.LASF38
 544 0161 72       		.sleb128 -14
 545 0162 07       		.uleb128 0x7
 546 0163 31000000 		.4byte	.LASF39
 547 0167 71       		.sleb128 -15
 548 0168 07       		.uleb128 0x7
 549 0169 9C000000 		.4byte	.LASF40
 550 016d 70       		.sleb128 -16
 551 016e 07       		.uleb128 0x7
 552 016f C1030000 		.4byte	.LASF41
 553 0173 6F       		.sleb128 -17
 554 0174 07       		.uleb128 0x7
 555 0175 60000000 		.4byte	.LASF42
 556 0179 6E       		.sleb128 -18
 557 017a 07       		.uleb128 0x7
 558 017b 70010000 		.4byte	.LASF43
 559 017f 6D       		.sleb128 -19
 560 0180 07       		.uleb128 0x7
 561 0181 D5030000 		.4byte	.LASF44
 562 0185 6C       		.sleb128 -20
 563 0186 07       		.uleb128 0x7
 564 0187 03020000 		.4byte	.LASF45
ARM GAS  C:\Users\acer\AppData\Local\Temp\ccxwd8Nf.s 			page 15


 565 018b 6B       		.sleb128 -21
 566 018c 07       		.uleb128 0x7
 567 018d 9C040000 		.4byte	.LASF46
 568 0191 6A       		.sleb128 -22
 569 0192 07       		.uleb128 0x7
 570 0193 CC000000 		.4byte	.LASF47
 571 0197 69       		.sleb128 -23
 572 0198 07       		.uleb128 0x7
 573 0199 83010000 		.4byte	.LASF48
 574 019d 68       		.sleb128 -24
 575 019e 07       		.uleb128 0x7
 576 019f 23010000 		.4byte	.LASF49
 577 01a3 67       		.sleb128 -25
 578 01a4 00       		.byte	0
 579 01a5 03       		.uleb128 0x3
 580 01a6 FF040000 		.4byte	.LASF50
 581 01aa 06       		.byte	0x6
 582 01ab EA       		.byte	0xea
 583 01ac FC000000 		.4byte	0xfc
 584 01b0 05       		.uleb128 0x5
 585 01b1 01       		.byte	0x1
 586 01b2 37000000 		.4byte	0x37
 587 01b6 07       		.byte	0x7
 588 01b7 5F       		.byte	0x5f
 589 01b8 C9010000 		.4byte	0x1c9
 590 01bc 06       		.uleb128 0x6
 591 01bd 7E000000 		.4byte	.LASF51
 592 01c1 00       		.byte	0
 593 01c2 06       		.uleb128 0x6
 594 01c3 5F020000 		.4byte	.LASF52
 595 01c7 01       		.byte	0x1
 596 01c8 00       		.byte	0
 597 01c9 03       		.uleb128 0x3
 598 01ca 14040000 		.4byte	.LASF53
 599 01ce 07       		.byte	0x7
 600 01cf 62       		.byte	0x62
 601 01d0 B0010000 		.4byte	0x1b0
 602 01d4 08       		.uleb128 0x8
 603 01d5 94010000 		.4byte	.LASF56
 604 01d9 01       		.byte	0x1
 605 01da 71       		.byte	0x71
 606 01db A5010000 		.4byte	0x1a5
 607 01df 00000000 		.4byte	.LFB111
 608 01e3 34000000 		.4byte	.LFE111-.LFB111
 609 01e7 01       		.uleb128 0x1
 610 01e8 9C       		.byte	0x9c
 611 01e9 47020000 		.4byte	0x247
 612 01ed 09       		.uleb128 0x9
 613 01ee 15020000 		.4byte	.LASF54
 614 01f2 01       		.byte	0x1
 615 01f3 71       		.byte	0x71
 616 01f4 C9010000 		.4byte	0x1c9
 617 01f8 00000000 		.4byte	.LLST0
 618 01fc 09       		.uleb128 0x9
 619 01fd BE000000 		.4byte	.LASF55
 620 0201 01       		.byte	0x1
 621 0202 71       		.byte	0x71
ARM GAS  C:\Users\acer\AppData\Local\Temp\ccxwd8Nf.s 			page 16


 622 0203 81000000 		.4byte	0x81
 623 0207 3A000000 		.4byte	.LLST1
 624 020b 0A       		.uleb128 0xa
 625 020c 0B000000 		.4byte	.LASF59
 626 0210 01       		.byte	0x1
 627 0211 7E       		.byte	0x7e
 628 0212 81000000 		.4byte	0x81
 629 0216 66000000 		.4byte	.LLST2
 630 021a 0B       		.uleb128 0xb
 631 021b 0E000000 		.4byte	.LVL1
 632 021f BC040000 		.4byte	0x4bc
 633 0223 2E020000 		.4byte	0x22e
 634 0227 0C       		.uleb128 0xc
 635 0228 01       		.uleb128 0x1
 636 0229 50       		.byte	0x50
 637 022a 02       		.uleb128 0x2
 638 022b 75       		.byte	0x75
 639 022c 00       		.sleb128 0
 640 022d 00       		.byte	0
 641 022e 0D       		.uleb128 0xd
 642 022f 1E000000 		.4byte	.LVL3
 643 0233 C7040000 		.4byte	0x4c7
 644 0237 0C       		.uleb128 0xc
 645 0238 01       		.uleb128 0x1
 646 0239 50       		.byte	0x50
 647 023a 0A       		.uleb128 0xa
 648 023b 74       		.byte	0x74
 649 023c 00       		.sleb128 0
 650 023d 03       		.byte	0x3
 651 023e 00000000 		.4byte	.LANCHOR0
 652 0242 22       		.byte	0x22
 653 0243 94       		.byte	0x94
 654 0244 01       		.byte	0x1
 655 0245 00       		.byte	0
 656 0246 00       		.byte	0
 657 0247 08       		.uleb128 0x8
 658 0248 B7030000 		.4byte	.LASF57
 659 024c 01       		.byte	0x1
 660 024d 8F       		.byte	0x8f
 661 024e A5010000 		.4byte	0x1a5
 662 0252 00000000 		.4byte	.LFB112
 663 0256 10000000 		.4byte	.LFE112-.LFB112
 664 025a 01       		.uleb128 0x1
 665 025b 9C       		.byte	0x9c
 666 025c 7D020000 		.4byte	0x27d
 667 0260 09       		.uleb128 0x9
 668 0261 15020000 		.4byte	.LASF54
 669 0265 01       		.byte	0x1
 670 0266 8F       		.byte	0x8f
 671 0267 C9010000 		.4byte	0x1c9
 672 026b 8B000000 		.4byte	.LLST3
 673 026f 0E       		.uleb128 0xe
 674 0270 BE000000 		.4byte	.LASF55
 675 0274 01       		.byte	0x1
 676 0275 8F       		.byte	0x8f
 677 0276 7D020000 		.4byte	0x27d
 678 027a 01       		.uleb128 0x1
ARM GAS  C:\Users\acer\AppData\Local\Temp\ccxwd8Nf.s 			page 17


 679 027b 51       		.byte	0x51
 680 027c 00       		.byte	0
 681 027d 0F       		.uleb128 0xf
 682 027e 04       		.byte	0x4
 683 027f F1000000 		.4byte	0xf1
 684 0283 08       		.uleb128 0x8
 685 0284 E4010000 		.4byte	.LASF58
 686 0288 01       		.byte	0x1
 687 0289 9B       		.byte	0x9b
 688 028a 81000000 		.4byte	0x81
 689 028e 00000000 		.4byte	.LFB113
 690 0292 0C000000 		.4byte	.LFE113-.LFB113
 691 0296 01       		.uleb128 0x1
 692 0297 9C       		.byte	0x9c
 693 0298 BB020000 		.4byte	0x2bb
 694 029c 09       		.uleb128 0x9
 695 029d 15020000 		.4byte	.LASF54
 696 02a1 01       		.byte	0x1
 697 02a2 9B       		.byte	0x9b
 698 02a3 C9010000 		.4byte	0x1c9
 699 02a7 AC000000 		.4byte	.LLST4
 700 02ab 0A       		.uleb128 0xa
 701 02ac BE000000 		.4byte	.LASF55
 702 02b0 01       		.byte	0x1
 703 02b1 9D       		.byte	0x9d
 704 02b2 81000000 		.4byte	0x81
 705 02b6 CD000000 		.4byte	.LLST5
 706 02ba 00       		.byte	0
 707 02bb 08       		.uleb128 0x8
 708 02bc 63010000 		.4byte	.LASF60
 709 02c0 01       		.byte	0x1
 710 02c1 A7       		.byte	0xa7
 711 02c2 A5010000 		.4byte	0x1a5
 712 02c6 00000000 		.4byte	.LFB114
 713 02ca 1A000000 		.4byte	.LFE114-.LFB114
 714 02ce 01       		.uleb128 0x1
 715 02cf 9C       		.byte	0x9c
 716 02d0 16030000 		.4byte	0x316
 717 02d4 09       		.uleb128 0x9
 718 02d5 BE000000 		.4byte	.LASF55
 719 02d9 01       		.byte	0x1
 720 02da A7       		.byte	0xa7
 721 02db 81000000 		.4byte	0x81
 722 02df F2000000 		.4byte	.LLST6
 723 02e3 0B       		.uleb128 0xb
 724 02e4 0C000000 		.4byte	.LVL12
 725 02e8 D4010000 		.4byte	0x1d4
 726 02ec FE020000 		.4byte	0x2fe
 727 02f0 0C       		.uleb128 0xc
 728 02f1 01       		.uleb128 0x1
 729 02f2 50       		.byte	0x50
 730 02f3 01       		.uleb128 0x1
 731 02f4 31       		.byte	0x31
 732 02f5 0C       		.uleb128 0xc
 733 02f6 01       		.uleb128 0x1
 734 02f7 51       		.byte	0x51
 735 02f8 04       		.uleb128 0x4
ARM GAS  C:\Users\acer\AppData\Local\Temp\ccxwd8Nf.s 			page 18


 736 02f9 74       		.byte	0x74
 737 02fa 00       		.sleb128 0
 738 02fb 34       		.byte	0x34
 739 02fc 25       		.byte	0x25
 740 02fd 00       		.byte	0
 741 02fe 0D       		.uleb128 0xd
 742 02ff 16000000 		.4byte	.LVL13
 743 0303 D4010000 		.4byte	0x1d4
 744 0307 0C       		.uleb128 0xc
 745 0308 01       		.uleb128 0x1
 746 0309 50       		.byte	0x50
 747 030a 01       		.uleb128 0x1
 748 030b 30       		.byte	0x30
 749 030c 0C       		.uleb128 0xc
 750 030d 01       		.uleb128 0x1
 751 030e 51       		.byte	0x51
 752 030f 04       		.uleb128 0x4
 753 0310 74       		.byte	0x74
 754 0311 00       		.sleb128 0
 755 0312 3F       		.byte	0x3f
 756 0313 1A       		.byte	0x1a
 757 0314 00       		.byte	0
 758 0315 00       		.byte	0
 759 0316 08       		.uleb128 0x8
 760 0317 8E030000 		.4byte	.LASF61
 761 031b 01       		.byte	0x1
 762 031c B5       		.byte	0xb5
 763 031d A5010000 		.4byte	0x1a5
 764 0321 00000000 		.4byte	.LFB115
 765 0325 3C000000 		.4byte	.LFE115-.LFB115
 766 0329 01       		.uleb128 0x1
 767 032a 9C       		.byte	0x9c
 768 032b 8A030000 		.4byte	0x38a
 769 032f 09       		.uleb128 0x9
 770 0330 15020000 		.4byte	.LASF54
 771 0334 01       		.byte	0x1
 772 0335 B5       		.byte	0xb5
 773 0336 C9010000 		.4byte	0x1c9
 774 033a 13010000 		.4byte	.LLST7
 775 033e 09       		.uleb128 0x9
 776 033f BE000000 		.4byte	.LASF55
 777 0343 01       		.byte	0x1
 778 0344 B5       		.byte	0xb5
 779 0345 81000000 		.4byte	0x81
 780 0349 4D010000 		.4byte	.LLST8
 781 034d 0A       		.uleb128 0xa
 782 034e 0B000000 		.4byte	.LASF59
 783 0352 01       		.byte	0x1
 784 0353 BE       		.byte	0xbe
 785 0354 81000000 		.4byte	0x81
 786 0358 79010000 		.4byte	.LLST9
 787 035c 10       		.uleb128 0x10
 788 035d 1E000000 		.4byte	.LVL20
 789 0361 BC040000 		.4byte	0x4bc
 790 0365 0B       		.uleb128 0xb
 791 0366 24000000 		.4byte	.LVL21
 792 036a C7040000 		.4byte	0x4c7
ARM GAS  C:\Users\acer\AppData\Local\Temp\ccxwd8Nf.s 			page 19


 793 036e 79030000 		.4byte	0x379
 794 0372 0C       		.uleb128 0xc
 795 0373 01       		.uleb128 0x1
 796 0374 50       		.byte	0x50
 797 0375 02       		.uleb128 0x2
 798 0376 75       		.byte	0x75
 799 0377 00       		.sleb128 0
 800 0378 00       		.byte	0
 801 0379 0D       		.uleb128 0xd
 802 037a 2A000000 		.4byte	.LVL22
 803 037e D2040000 		.4byte	0x4d2
 804 0382 0C       		.uleb128 0xc
 805 0383 01       		.uleb128 0x1
 806 0384 50       		.byte	0x50
 807 0385 02       		.uleb128 0x2
 808 0386 74       		.byte	0x74
 809 0387 00       		.sleb128 0
 810 0388 00       		.byte	0
 811 0389 00       		.byte	0
 812 038a 08       		.uleb128 0x8
 813 038b 39020000 		.4byte	.LASF62
 814 038f 01       		.byte	0x1
 815 0390 D5       		.byte	0xd5
 816 0391 A5010000 		.4byte	0x1a5
 817 0395 00000000 		.4byte	.LFB116
 818 0399 1C000000 		.4byte	.LFE116-.LFB116
 819 039d 01       		.uleb128 0x1
 820 039e 9C       		.byte	0x9c
 821 039f CB030000 		.4byte	0x3cb
 822 03a3 09       		.uleb128 0x9
 823 03a4 15020000 		.4byte	.LASF54
 824 03a8 01       		.byte	0x1
 825 03a9 D5       		.byte	0xd5
 826 03aa C9010000 		.4byte	0x1c9
 827 03ae AF010000 		.4byte	.LLST10
 828 03b2 10       		.uleb128 0x10
 829 03b3 0C000000 		.4byte	.LVL26
 830 03b7 BC040000 		.4byte	0x4bc
 831 03bb 0D       		.uleb128 0xd
 832 03bc 12000000 		.4byte	.LVL27
 833 03c0 C7040000 		.4byte	0x4c7
 834 03c4 0C       		.uleb128 0xc
 835 03c5 01       		.uleb128 0x1
 836 03c6 50       		.byte	0x50
 837 03c7 01       		.uleb128 0x1
 838 03c8 30       		.byte	0x30
 839 03c9 00       		.byte	0
 840 03ca 00       		.byte	0
 841 03cb 11       		.uleb128 0x11
 842 03cc 00000000 		.4byte	.LASF78
 843 03d0 01       		.byte	0x1
 844 03d1 61       		.byte	0x61
 845 03d2 A5010000 		.4byte	0x1a5
 846 03d6 00000000 		.4byte	.LFB110
 847 03da 12000000 		.4byte	.LFE110-.LFB110
 848 03de 01       		.uleb128 0x1
 849 03df 9C       		.byte	0x9c
ARM GAS  C:\Users\acer\AppData\Local\Temp\ccxwd8Nf.s 			page 20


 850 03e0 07040000 		.4byte	0x407
 851 03e4 0B       		.uleb128 0xb
 852 03e5 08000000 		.4byte	.LVL28
 853 03e9 8A030000 		.4byte	0x38a
 854 03ed F7030000 		.4byte	0x3f7
 855 03f1 0C       		.uleb128 0xc
 856 03f2 01       		.uleb128 0x1
 857 03f3 50       		.byte	0x50
 858 03f4 01       		.uleb128 0x1
 859 03f5 30       		.byte	0x30
 860 03f6 00       		.byte	0
 861 03f7 0D       		.uleb128 0xd
 862 03f8 0E000000 		.4byte	.LVL29
 863 03fc 8A030000 		.4byte	0x38a
 864 0400 0C       		.uleb128 0xc
 865 0401 01       		.uleb128 0x1
 866 0402 50       		.byte	0x50
 867 0403 01       		.uleb128 0x1
 868 0404 31       		.byte	0x31
 869 0405 00       		.byte	0
 870 0406 00       		.byte	0
 871 0407 12       		.uleb128 0x12
 872 0408 17040000 		.4byte	0x417
 873 040c 17040000 		.4byte	0x417
 874 0410 13       		.uleb128 0x13
 875 0411 EA000000 		.4byte	0xea
 876 0415 10       		.byte	0x10
 877 0416 00       		.byte	0
 878 0417 14       		.uleb128 0x14
 879 0418 81000000 		.4byte	0x81
 880 041c 15       		.uleb128 0x15
 881 041d 99020000 		.4byte	.LASF63
 882 0421 01       		.byte	0x1
 883 0422 38       		.byte	0x38
 884 0423 2D040000 		.4byte	0x42d
 885 0427 05       		.uleb128 0x5
 886 0428 03       		.byte	0x3
 887 0429 00000000 		.4byte	SEVEN__BitPattern
 888 042d 14       		.uleb128 0x14
 889 042e 07040000 		.4byte	0x407
 890 0432 12       		.uleb128 0x12
 891 0433 F1000000 		.4byte	0xf1
 892 0437 42040000 		.4byte	0x442
 893 043b 13       		.uleb128 0x13
 894 043c EA000000 		.4byte	0xea
 895 0440 01       		.byte	0x1
 896 0441 00       		.byte	0
 897 0442 15       		.uleb128 0x15
 898 0443 D1010000 		.4byte	.LASF64
 899 0447 01       		.byte	0x1
 900 0448 4F       		.byte	0x4f
 901 0449 32040000 		.4byte	0x432
 902 044d 05       		.uleb128 0x5
 903 044e 03       		.byte	0x3
 904 044f 00000000 		.4byte	SEVEN__latch_value
 905 0453 12       		.uleb128 0x12
 906 0454 81000000 		.4byte	0x81
ARM GAS  C:\Users\acer\AppData\Local\Temp\ccxwd8Nf.s 			page 21


 907 0458 63040000 		.4byte	0x463
 908 045c 13       		.uleb128 0x13
 909 045d EA000000 		.4byte	0xea
 910 0461 01       		.byte	0x1
 911 0462 00       		.byte	0
 912 0463 15       		.uleb128 0x15
 913 0464 EE010000 		.4byte	.LASF65
 914 0468 01       		.byte	0x1
 915 0469 50       		.byte	0x50
 916 046a 53040000 		.4byte	0x453
 917 046e 05       		.uleb128 0x5
 918 046f 03       		.byte	0x3
 919 0470 00000000 		.4byte	SEVEN__latch_pattern
 920 0474 16       		.uleb128 0x16
 921 0475 E7040000 		.4byte	.LASF66
 922 0479 08       		.byte	0x8
 923 047a 40       		.byte	0x40
 924 047b C9000000 		.4byte	0xc9
 925 047f 16       		.uleb128 0x16
 926 0480 4A010000 		.4byte	.LASF67
 927 0484 08       		.byte	0x8
 928 0485 47       		.byte	0x47
 929 0486 D4000000 		.4byte	0xd4
 930 048a 16       		.uleb128 0x16
 931 048b E8030000 		.4byte	.LASF68
 932 048f 08       		.byte	0x8
 933 0490 4A       		.byte	0x4a
 934 0491 C9000000 		.4byte	0xc9
 935 0495 16       		.uleb128 0x16
 936 0496 F8000000 		.4byte	.LASF69
 937 049a 09       		.byte	0x9
 938 049b 48       		.byte	0x48
 939 049c DF000000 		.4byte	0xdf
 940 04a0 16       		.uleb128 0x16
 941 04a1 E3000000 		.4byte	.LASF70
 942 04a5 0A       		.byte	0xa
 943 04a6 44       		.byte	0x44
 944 04a7 C9000000 		.4byte	0xc9
 945 04ab 17       		.uleb128 0x17
 946 04ac C1040000 		.4byte	.LASF71
 947 04b0 0B       		.byte	0xb
 948 04b1 1207     		.2byte	0x712
 949 04b3 B7040000 		.4byte	0x4b7
 950 04b7 18       		.uleb128 0x18
 951 04b8 8C000000 		.4byte	0x8c
 952 04bc 19       		.uleb128 0x19
 953 04bd AE040000 		.4byte	.LASF72
 954 04c1 AE040000 		.4byte	.LASF72
 955 04c5 0C       		.byte	0xc
 956 04c6 26       		.byte	0x26
 957 04c7 19       		.uleb128 0x19
 958 04c8 79030000 		.4byte	.LASF73
 959 04cc 79030000 		.4byte	.LASF73
 960 04d0 0D       		.byte	0xd
 961 04d1 2F       		.byte	0x2f
 962 04d2 19       		.uleb128 0x19
 963 04d3 52040000 		.4byte	.LASF74
ARM GAS  C:\Users\acer\AppData\Local\Temp\ccxwd8Nf.s 			page 22


 964 04d7 52040000 		.4byte	.LASF74
 965 04db 0E       		.byte	0xe
 966 04dc 26       		.byte	0x26
 967 04dd 00       		.byte	0
 968              		.section	.debug_abbrev,"",%progbits
 969              	.Ldebug_abbrev0:
 970 0000 01       		.uleb128 0x1
 971 0001 11       		.uleb128 0x11
 972 0002 01       		.byte	0x1
 973 0003 25       		.uleb128 0x25
 974 0004 0E       		.uleb128 0xe
 975 0005 13       		.uleb128 0x13
 976 0006 0B       		.uleb128 0xb
 977 0007 03       		.uleb128 0x3
 978 0008 0E       		.uleb128 0xe
 979 0009 1B       		.uleb128 0x1b
 980 000a 0E       		.uleb128 0xe
 981 000b 55       		.uleb128 0x55
 982 000c 17       		.uleb128 0x17
 983 000d 11       		.uleb128 0x11
 984 000e 01       		.uleb128 0x1
 985 000f 10       		.uleb128 0x10
 986 0010 17       		.uleb128 0x17
 987 0011 00       		.byte	0
 988 0012 00       		.byte	0
 989 0013 02       		.uleb128 0x2
 990 0014 24       		.uleb128 0x24
 991 0015 00       		.byte	0
 992 0016 0B       		.uleb128 0xb
 993 0017 0B       		.uleb128 0xb
 994 0018 3E       		.uleb128 0x3e
 995 0019 0B       		.uleb128 0xb
 996 001a 03       		.uleb128 0x3
 997 001b 0E       		.uleb128 0xe
 998 001c 00       		.byte	0
 999 001d 00       		.byte	0
 1000 001e 03       		.uleb128 0x3
 1001 001f 16       		.uleb128 0x16
 1002 0020 00       		.byte	0
 1003 0021 03       		.uleb128 0x3
 1004 0022 0E       		.uleb128 0xe
 1005 0023 3A       		.uleb128 0x3a
 1006 0024 0B       		.uleb128 0xb
 1007 0025 3B       		.uleb128 0x3b
 1008 0026 0B       		.uleb128 0xb
 1009 0027 49       		.uleb128 0x49
 1010 0028 13       		.uleb128 0x13
 1011 0029 00       		.byte	0
 1012 002a 00       		.byte	0
 1013 002b 04       		.uleb128 0x4
 1014 002c 24       		.uleb128 0x24
 1015 002d 00       		.byte	0
 1016 002e 0B       		.uleb128 0xb
 1017 002f 0B       		.uleb128 0xb
 1018 0030 3E       		.uleb128 0x3e
 1019 0031 0B       		.uleb128 0xb
 1020 0032 03       		.uleb128 0x3
ARM GAS  C:\Users\acer\AppData\Local\Temp\ccxwd8Nf.s 			page 23


 1021 0033 08       		.uleb128 0x8
 1022 0034 00       		.byte	0
 1023 0035 00       		.byte	0
 1024 0036 05       		.uleb128 0x5
 1025 0037 04       		.uleb128 0x4
 1026 0038 01       		.byte	0x1
 1027 0039 0B       		.uleb128 0xb
 1028 003a 0B       		.uleb128 0xb
 1029 003b 49       		.uleb128 0x49
 1030 003c 13       		.uleb128 0x13
 1031 003d 3A       		.uleb128 0x3a
 1032 003e 0B       		.uleb128 0xb
 1033 003f 3B       		.uleb128 0x3b
 1034 0040 0B       		.uleb128 0xb
 1035 0041 01       		.uleb128 0x1
 1036 0042 13       		.uleb128 0x13
 1037 0043 00       		.byte	0
 1038 0044 00       		.byte	0
 1039 0045 06       		.uleb128 0x6
 1040 0046 28       		.uleb128 0x28
 1041 0047 00       		.byte	0
 1042 0048 03       		.uleb128 0x3
 1043 0049 0E       		.uleb128 0xe
 1044 004a 1C       		.uleb128 0x1c
 1045 004b 0B       		.uleb128 0xb
 1046 004c 00       		.byte	0
 1047 004d 00       		.byte	0
 1048 004e 07       		.uleb128 0x7
 1049 004f 28       		.uleb128 0x28
 1050 0050 00       		.byte	0
 1051 0051 03       		.uleb128 0x3
 1052 0052 0E       		.uleb128 0xe
 1053 0053 1C       		.uleb128 0x1c
 1054 0054 0D       		.uleb128 0xd
 1055 0055 00       		.byte	0
 1056 0056 00       		.byte	0
 1057 0057 08       		.uleb128 0x8
 1058 0058 2E       		.uleb128 0x2e
 1059 0059 01       		.byte	0x1
 1060 005a 3F       		.uleb128 0x3f
 1061 005b 19       		.uleb128 0x19
 1062 005c 03       		.uleb128 0x3
 1063 005d 0E       		.uleb128 0xe
 1064 005e 3A       		.uleb128 0x3a
 1065 005f 0B       		.uleb128 0xb
 1066 0060 3B       		.uleb128 0x3b
 1067 0061 0B       		.uleb128 0xb
 1068 0062 27       		.uleb128 0x27
 1069 0063 19       		.uleb128 0x19
 1070 0064 49       		.uleb128 0x49
 1071 0065 13       		.uleb128 0x13
 1072 0066 11       		.uleb128 0x11
 1073 0067 01       		.uleb128 0x1
 1074 0068 12       		.uleb128 0x12
 1075 0069 06       		.uleb128 0x6
 1076 006a 40       		.uleb128 0x40
 1077 006b 18       		.uleb128 0x18
ARM GAS  C:\Users\acer\AppData\Local\Temp\ccxwd8Nf.s 			page 24


 1078 006c 9742     		.uleb128 0x2117
 1079 006e 19       		.uleb128 0x19
 1080 006f 01       		.uleb128 0x1
 1081 0070 13       		.uleb128 0x13
 1082 0071 00       		.byte	0
 1083 0072 00       		.byte	0
 1084 0073 09       		.uleb128 0x9
 1085 0074 05       		.uleb128 0x5
 1086 0075 00       		.byte	0
 1087 0076 03       		.uleb128 0x3
 1088 0077 0E       		.uleb128 0xe
 1089 0078 3A       		.uleb128 0x3a
 1090 0079 0B       		.uleb128 0xb
 1091 007a 3B       		.uleb128 0x3b
 1092 007b 0B       		.uleb128 0xb
 1093 007c 49       		.uleb128 0x49
 1094 007d 13       		.uleb128 0x13
 1095 007e 02       		.uleb128 0x2
 1096 007f 17       		.uleb128 0x17
 1097 0080 00       		.byte	0
 1098 0081 00       		.byte	0
 1099 0082 0A       		.uleb128 0xa
 1100 0083 34       		.uleb128 0x34
 1101 0084 00       		.byte	0
 1102 0085 03       		.uleb128 0x3
 1103 0086 0E       		.uleb128 0xe
 1104 0087 3A       		.uleb128 0x3a
 1105 0088 0B       		.uleb128 0xb
 1106 0089 3B       		.uleb128 0x3b
 1107 008a 0B       		.uleb128 0xb
 1108 008b 49       		.uleb128 0x49
 1109 008c 13       		.uleb128 0x13
 1110 008d 02       		.uleb128 0x2
 1111 008e 17       		.uleb128 0x17
 1112 008f 00       		.byte	0
 1113 0090 00       		.byte	0
 1114 0091 0B       		.uleb128 0xb
 1115 0092 898201   		.uleb128 0x4109
 1116 0095 01       		.byte	0x1
 1117 0096 11       		.uleb128 0x11
 1118 0097 01       		.uleb128 0x1
 1119 0098 31       		.uleb128 0x31
 1120 0099 13       		.uleb128 0x13
 1121 009a 01       		.uleb128 0x1
 1122 009b 13       		.uleb128 0x13
 1123 009c 00       		.byte	0
 1124 009d 00       		.byte	0
 1125 009e 0C       		.uleb128 0xc
 1126 009f 8A8201   		.uleb128 0x410a
 1127 00a2 00       		.byte	0
 1128 00a3 02       		.uleb128 0x2
 1129 00a4 18       		.uleb128 0x18
 1130 00a5 9142     		.uleb128 0x2111
 1131 00a7 18       		.uleb128 0x18
 1132 00a8 00       		.byte	0
 1133 00a9 00       		.byte	0
 1134 00aa 0D       		.uleb128 0xd
ARM GAS  C:\Users\acer\AppData\Local\Temp\ccxwd8Nf.s 			page 25


 1135 00ab 898201   		.uleb128 0x4109
 1136 00ae 01       		.byte	0x1
 1137 00af 11       		.uleb128 0x11
 1138 00b0 01       		.uleb128 0x1
 1139 00b1 31       		.uleb128 0x31
 1140 00b2 13       		.uleb128 0x13
 1141 00b3 00       		.byte	0
 1142 00b4 00       		.byte	0
 1143 00b5 0E       		.uleb128 0xe
 1144 00b6 05       		.uleb128 0x5
 1145 00b7 00       		.byte	0
 1146 00b8 03       		.uleb128 0x3
 1147 00b9 0E       		.uleb128 0xe
 1148 00ba 3A       		.uleb128 0x3a
 1149 00bb 0B       		.uleb128 0xb
 1150 00bc 3B       		.uleb128 0x3b
 1151 00bd 0B       		.uleb128 0xb
 1152 00be 49       		.uleb128 0x49
 1153 00bf 13       		.uleb128 0x13
 1154 00c0 02       		.uleb128 0x2
 1155 00c1 18       		.uleb128 0x18
 1156 00c2 00       		.byte	0
 1157 00c3 00       		.byte	0
 1158 00c4 0F       		.uleb128 0xf
 1159 00c5 0F       		.uleb128 0xf
 1160 00c6 00       		.byte	0
 1161 00c7 0B       		.uleb128 0xb
 1162 00c8 0B       		.uleb128 0xb
 1163 00c9 49       		.uleb128 0x49
 1164 00ca 13       		.uleb128 0x13
 1165 00cb 00       		.byte	0
 1166 00cc 00       		.byte	0
 1167 00cd 10       		.uleb128 0x10
 1168 00ce 898201   		.uleb128 0x4109
 1169 00d1 00       		.byte	0
 1170 00d2 11       		.uleb128 0x11
 1171 00d3 01       		.uleb128 0x1
 1172 00d4 31       		.uleb128 0x31
 1173 00d5 13       		.uleb128 0x13
 1174 00d6 00       		.byte	0
 1175 00d7 00       		.byte	0
 1176 00d8 11       		.uleb128 0x11
 1177 00d9 2E       		.uleb128 0x2e
 1178 00da 01       		.byte	0x1
 1179 00db 3F       		.uleb128 0x3f
 1180 00dc 19       		.uleb128 0x19
 1181 00dd 03       		.uleb128 0x3
 1182 00de 0E       		.uleb128 0xe
 1183 00df 3A       		.uleb128 0x3a
 1184 00e0 0B       		.uleb128 0xb
 1185 00e1 3B       		.uleb128 0x3b
 1186 00e2 0B       		.uleb128 0xb
 1187 00e3 49       		.uleb128 0x49
 1188 00e4 13       		.uleb128 0x13
 1189 00e5 11       		.uleb128 0x11
 1190 00e6 01       		.uleb128 0x1
 1191 00e7 12       		.uleb128 0x12
ARM GAS  C:\Users\acer\AppData\Local\Temp\ccxwd8Nf.s 			page 26


 1192 00e8 06       		.uleb128 0x6
 1193 00e9 40       		.uleb128 0x40
 1194 00ea 18       		.uleb128 0x18
 1195 00eb 9742     		.uleb128 0x2117
 1196 00ed 19       		.uleb128 0x19
 1197 00ee 01       		.uleb128 0x1
 1198 00ef 13       		.uleb128 0x13
 1199 00f0 00       		.byte	0
 1200 00f1 00       		.byte	0
 1201 00f2 12       		.uleb128 0x12
 1202 00f3 01       		.uleb128 0x1
 1203 00f4 01       		.byte	0x1
 1204 00f5 49       		.uleb128 0x49
 1205 00f6 13       		.uleb128 0x13
 1206 00f7 01       		.uleb128 0x1
 1207 00f8 13       		.uleb128 0x13
 1208 00f9 00       		.byte	0
 1209 00fa 00       		.byte	0
 1210 00fb 13       		.uleb128 0x13
 1211 00fc 21       		.uleb128 0x21
 1212 00fd 00       		.byte	0
 1213 00fe 49       		.uleb128 0x49
 1214 00ff 13       		.uleb128 0x13
 1215 0100 2F       		.uleb128 0x2f
 1216 0101 0B       		.uleb128 0xb
 1217 0102 00       		.byte	0
 1218 0103 00       		.byte	0
 1219 0104 14       		.uleb128 0x14
 1220 0105 26       		.uleb128 0x26
 1221 0106 00       		.byte	0
 1222 0107 49       		.uleb128 0x49
 1223 0108 13       		.uleb128 0x13
 1224 0109 00       		.byte	0
 1225 010a 00       		.byte	0
 1226 010b 15       		.uleb128 0x15
 1227 010c 34       		.uleb128 0x34
 1228 010d 00       		.byte	0
 1229 010e 03       		.uleb128 0x3
 1230 010f 0E       		.uleb128 0xe
 1231 0110 3A       		.uleb128 0x3a
 1232 0111 0B       		.uleb128 0xb
 1233 0112 3B       		.uleb128 0x3b
 1234 0113 0B       		.uleb128 0xb
 1235 0114 49       		.uleb128 0x49
 1236 0115 13       		.uleb128 0x13
 1237 0116 02       		.uleb128 0x2
 1238 0117 18       		.uleb128 0x18
 1239 0118 00       		.byte	0
 1240 0119 00       		.byte	0
 1241 011a 16       		.uleb128 0x16
 1242 011b 34       		.uleb128 0x34
 1243 011c 00       		.byte	0
 1244 011d 03       		.uleb128 0x3
 1245 011e 0E       		.uleb128 0xe
 1246 011f 3A       		.uleb128 0x3a
 1247 0120 0B       		.uleb128 0xb
 1248 0121 3B       		.uleb128 0x3b
ARM GAS  C:\Users\acer\AppData\Local\Temp\ccxwd8Nf.s 			page 27


 1249 0122 0B       		.uleb128 0xb
 1250 0123 49       		.uleb128 0x49
 1251 0124 13       		.uleb128 0x13
 1252 0125 3F       		.uleb128 0x3f
 1253 0126 19       		.uleb128 0x19
 1254 0127 3C       		.uleb128 0x3c
 1255 0128 19       		.uleb128 0x19
 1256 0129 00       		.byte	0
 1257 012a 00       		.byte	0
 1258 012b 17       		.uleb128 0x17
 1259 012c 34       		.uleb128 0x34
 1260 012d 00       		.byte	0
 1261 012e 03       		.uleb128 0x3
 1262 012f 0E       		.uleb128 0xe
 1263 0130 3A       		.uleb128 0x3a
 1264 0131 0B       		.uleb128 0xb
 1265 0132 3B       		.uleb128 0x3b
 1266 0133 05       		.uleb128 0x5
 1267 0134 49       		.uleb128 0x49
 1268 0135 13       		.uleb128 0x13
 1269 0136 3F       		.uleb128 0x3f
 1270 0137 19       		.uleb128 0x19
 1271 0138 3C       		.uleb128 0x3c
 1272 0139 19       		.uleb128 0x19
 1273 013a 00       		.byte	0
 1274 013b 00       		.byte	0
 1275 013c 18       		.uleb128 0x18
 1276 013d 35       		.uleb128 0x35
 1277 013e 00       		.byte	0
 1278 013f 49       		.uleb128 0x49
 1279 0140 13       		.uleb128 0x13
 1280 0141 00       		.byte	0
 1281 0142 00       		.byte	0
 1282 0143 19       		.uleb128 0x19
 1283 0144 2E       		.uleb128 0x2e
 1284 0145 00       		.byte	0
 1285 0146 3F       		.uleb128 0x3f
 1286 0147 19       		.uleb128 0x19
 1287 0148 3C       		.uleb128 0x3c
 1288 0149 19       		.uleb128 0x19
 1289 014a 6E       		.uleb128 0x6e
 1290 014b 0E       		.uleb128 0xe
 1291 014c 03       		.uleb128 0x3
 1292 014d 0E       		.uleb128 0xe
 1293 014e 3A       		.uleb128 0x3a
 1294 014f 0B       		.uleb128 0xb
 1295 0150 3B       		.uleb128 0x3b
 1296 0151 0B       		.uleb128 0xb
 1297 0152 00       		.byte	0
 1298 0153 00       		.byte	0
 1299 0154 00       		.byte	0
 1300              		.section	.debug_loc,"",%progbits
 1301              	.Ldebug_loc0:
 1302              	.LLST0:
 1303 0000 00000000 		.4byte	.LVL0
 1304 0004 0D000000 		.4byte	.LVL1-1
 1305 0008 0100     		.2byte	0x1
ARM GAS  C:\Users\acer\AppData\Local\Temp\ccxwd8Nf.s 			page 28


 1306 000a 50       		.byte	0x50
 1307 000b 0D000000 		.4byte	.LVL1-1
 1308 000f 22000000 		.4byte	.LVL4
 1309 0013 0400     		.2byte	0x4
 1310 0015 F3       		.byte	0xf3
 1311 0016 01       		.uleb128 0x1
 1312 0017 50       		.byte	0x50
 1313 0018 9F       		.byte	0x9f
 1314 0019 22000000 		.4byte	.LVL4
 1315 001d 26000000 		.4byte	.LVL5
 1316 0021 0100     		.2byte	0x1
 1317 0023 50       		.byte	0x50
 1318 0024 26000000 		.4byte	.LVL5
 1319 0028 34000000 		.4byte	.LFE111
 1320 002c 0400     		.2byte	0x4
 1321 002e F3       		.byte	0xf3
 1322 002f 01       		.uleb128 0x1
 1323 0030 50       		.byte	0x50
 1324 0031 9F       		.byte	0x9f
 1325 0032 00000000 		.4byte	0
 1326 0036 00000000 		.4byte	0
 1327              	.LLST1:
 1328 003a 00000000 		.4byte	.LVL0
 1329 003e 0D000000 		.4byte	.LVL1-1
 1330 0042 0100     		.2byte	0x1
 1331 0044 51       		.byte	0x51
 1332 0045 0D000000 		.4byte	.LVL1-1
 1333 0049 22000000 		.4byte	.LVL4
 1334 004d 0400     		.2byte	0x4
 1335 004f F3       		.byte	0xf3
 1336 0050 01       		.uleb128 0x1
 1337 0051 51       		.byte	0x51
 1338 0052 9F       		.byte	0x9f
 1339 0053 22000000 		.4byte	.LVL4
 1340 0057 34000000 		.4byte	.LFE111
 1341 005b 0100     		.2byte	0x1
 1342 005d 51       		.byte	0x51
 1343 005e 00000000 		.4byte	0
 1344 0062 00000000 		.4byte	0
 1345              	.LLST2:
 1346 0066 12000000 		.4byte	.LVL2
 1347 006a 1D000000 		.4byte	.LVL3-1
 1348 006e 0100     		.2byte	0x1
 1349 0070 50       		.byte	0x50
 1350 0071 1D000000 		.4byte	.LVL3-1
 1351 0075 22000000 		.4byte	.LVL4
 1352 0079 0800     		.2byte	0x8
 1353 007b 74       		.byte	0x74
 1354 007c 00       		.sleb128 0
 1355 007d 03       		.byte	0x3
 1356 007e 00000000 		.4byte	.LANCHOR0
 1357 0082 22       		.byte	0x22
 1358 0083 00000000 		.4byte	0
 1359 0087 00000000 		.4byte	0
 1360              	.LLST3:
 1361 008b 00000000 		.4byte	.LVL6
 1362 008f 08000000 		.4byte	.LVL7
ARM GAS  C:\Users\acer\AppData\Local\Temp\ccxwd8Nf.s 			page 29


 1363 0093 0100     		.2byte	0x1
 1364 0095 50       		.byte	0x50
 1365 0096 08000000 		.4byte	.LVL7
 1366 009a 10000000 		.4byte	.LFE112
 1367 009e 0400     		.2byte	0x4
 1368 00a0 F3       		.byte	0xf3
 1369 00a1 01       		.uleb128 0x1
 1370 00a2 50       		.byte	0x50
 1371 00a3 9F       		.byte	0x9f
 1372 00a4 00000000 		.4byte	0
 1373 00a8 00000000 		.4byte	0
 1374              	.LLST4:
 1375 00ac 00000000 		.4byte	.LVL8
 1376 00b0 04000000 		.4byte	.LVL9
 1377 00b4 0100     		.2byte	0x1
 1378 00b6 50       		.byte	0x50
 1379 00b7 04000000 		.4byte	.LVL9
 1380 00bb 0C000000 		.4byte	.LFE113
 1381 00bf 0400     		.2byte	0x4
 1382 00c1 F3       		.byte	0xf3
 1383 00c2 01       		.uleb128 0x1
 1384 00c3 50       		.byte	0x50
 1385 00c4 9F       		.byte	0x9f
 1386 00c5 00000000 		.4byte	0
 1387 00c9 00000000 		.4byte	0
 1388              	.LLST5:
 1389 00cd 00000000 		.4byte	.LVL8
 1390 00d1 04000000 		.4byte	.LVL9
 1391 00d5 0800     		.2byte	0x8
 1392 00d7 70       		.byte	0x70
 1393 00d8 00       		.sleb128 0
 1394 00d9 03       		.byte	0x3
 1395 00da 00000000 		.4byte	.LANCHOR1
 1396 00de 22       		.byte	0x22
 1397 00df 04000000 		.4byte	.LVL9
 1398 00e3 0C000000 		.4byte	.LFE113
 1399 00e7 0100     		.2byte	0x1
 1400 00e9 50       		.byte	0x50
 1401 00ea 00000000 		.4byte	0
 1402 00ee 00000000 		.4byte	0
 1403              	.LLST6:
 1404 00f2 00000000 		.4byte	.LVL10
 1405 00f6 08000000 		.4byte	.LVL11
 1406 00fa 0100     		.2byte	0x1
 1407 00fc 50       		.byte	0x50
 1408 00fd 08000000 		.4byte	.LVL11
 1409 0101 1A000000 		.4byte	.LFE114
 1410 0105 0400     		.2byte	0x4
 1411 0107 F3       		.byte	0xf3
 1412 0108 01       		.uleb128 0x1
 1413 0109 50       		.byte	0x50
 1414 010a 9F       		.byte	0x9f
 1415 010b 00000000 		.4byte	0
 1416 010f 00000000 		.4byte	0
 1417              	.LLST7:
 1418 0113 00000000 		.4byte	.LVL14
 1419 0117 1D000000 		.4byte	.LVL20-1
ARM GAS  C:\Users\acer\AppData\Local\Temp\ccxwd8Nf.s 			page 30


 1420 011b 0100     		.2byte	0x1
 1421 011d 50       		.byte	0x50
 1422 011e 1D000000 		.4byte	.LVL20-1
 1423 0122 2E000000 		.4byte	.LVL23
 1424 0126 0400     		.2byte	0x4
 1425 0128 F3       		.byte	0xf3
 1426 0129 01       		.uleb128 0x1
 1427 012a 50       		.byte	0x50
 1428 012b 9F       		.byte	0x9f
 1429 012c 2E000000 		.4byte	.LVL23
 1430 0130 32000000 		.4byte	.LVL24
 1431 0134 0100     		.2byte	0x1
 1432 0136 50       		.byte	0x50
 1433 0137 32000000 		.4byte	.LVL24
 1434 013b 3C000000 		.4byte	.LFE115
 1435 013f 0400     		.2byte	0x4
 1436 0141 F3       		.byte	0xf3
 1437 0142 01       		.uleb128 0x1
 1438 0143 50       		.byte	0x50
 1439 0144 9F       		.byte	0x9f
 1440 0145 00000000 		.4byte	0
 1441 0149 00000000 		.4byte	0
 1442              	.LLST8:
 1443 014d 00000000 		.4byte	.LVL14
 1444 0151 1D000000 		.4byte	.LVL20-1
 1445 0155 0100     		.2byte	0x1
 1446 0157 51       		.byte	0x51
 1447 0158 1D000000 		.4byte	.LVL20-1
 1448 015c 2E000000 		.4byte	.LVL23
 1449 0160 0400     		.2byte	0x4
 1450 0162 F3       		.byte	0xf3
 1451 0163 01       		.uleb128 0x1
 1452 0164 51       		.byte	0x51
 1453 0165 9F       		.byte	0x9f
 1454 0166 2E000000 		.4byte	.LVL23
 1455 016a 3C000000 		.4byte	.LFE115
 1456 016e 0100     		.2byte	0x1
 1457 0170 51       		.byte	0x51
 1458 0171 00000000 		.4byte	0
 1459 0175 00000000 		.4byte	0
 1460              	.LLST9:
 1461 0179 06000000 		.4byte	.LVL15
 1462 017d 14000000 		.4byte	.LVL16
 1463 0181 0200     		.2byte	0x2
 1464 0183 30       		.byte	0x30
 1465 0184 9F       		.byte	0x9f
 1466 0185 14000000 		.4byte	.LVL16
 1467 0189 16000000 		.4byte	.LVL17
 1468 018d 0100     		.2byte	0x1
 1469 018f 55       		.byte	0x55
 1470 0190 16000000 		.4byte	.LVL17
 1471 0194 18000000 		.4byte	.LVL18
 1472 0198 0200     		.2byte	0x2
 1473 019a 30       		.byte	0x30
 1474 019b 9F       		.byte	0x9f
 1475 019c 1A000000 		.4byte	.LVL19
 1476 01a0 2E000000 		.4byte	.LVL23
ARM GAS  C:\Users\acer\AppData\Local\Temp\ccxwd8Nf.s 			page 31


 1477 01a4 0100     		.2byte	0x1
 1478 01a6 55       		.byte	0x55
 1479 01a7 00000000 		.4byte	0
 1480 01ab 00000000 		.4byte	0
 1481              	.LLST10:
 1482 01af 00000000 		.4byte	.LVL25
 1483 01b3 0B000000 		.4byte	.LVL26-1
 1484 01b7 0100     		.2byte	0x1
 1485 01b9 50       		.byte	0x50
 1486 01ba 0B000000 		.4byte	.LVL26-1
 1487 01be 1C000000 		.4byte	.LFE116
 1488 01c2 0400     		.2byte	0x4
 1489 01c4 F3       		.byte	0xf3
 1490 01c5 01       		.uleb128 0x1
 1491 01c6 50       		.byte	0x50
 1492 01c7 9F       		.byte	0x9f
 1493 01c8 00000000 		.4byte	0
 1494 01cc 00000000 		.4byte	0
 1495              		.section	.debug_aranges,"",%progbits
 1496 0000 4C000000 		.4byte	0x4c
 1497 0004 0200     		.2byte	0x2
 1498 0006 00000000 		.4byte	.Ldebug_info0
 1499 000a 04       		.byte	0x4
 1500 000b 00       		.byte	0
 1501 000c 0000     		.2byte	0
 1502 000e 0000     		.2byte	0
 1503 0010 00000000 		.4byte	.LFB111
 1504 0014 34000000 		.4byte	.LFE111-.LFB111
 1505 0018 00000000 		.4byte	.LFB112
 1506 001c 10000000 		.4byte	.LFE112-.LFB112
 1507 0020 00000000 		.4byte	.LFB113
 1508 0024 0C000000 		.4byte	.LFE113-.LFB113
 1509 0028 00000000 		.4byte	.LFB114
 1510 002c 1A000000 		.4byte	.LFE114-.LFB114
 1511 0030 00000000 		.4byte	.LFB115
 1512 0034 3C000000 		.4byte	.LFE115-.LFB115
 1513 0038 00000000 		.4byte	.LFB116
 1514 003c 1C000000 		.4byte	.LFE116-.LFB116
 1515 0040 00000000 		.4byte	.LFB110
 1516 0044 12000000 		.4byte	.LFE110-.LFB110
 1517 0048 00000000 		.4byte	0
 1518 004c 00000000 		.4byte	0
 1519              		.section	.debug_ranges,"",%progbits
 1520              	.Ldebug_ranges0:
 1521 0000 00000000 		.4byte	.LFB111
 1522 0004 34000000 		.4byte	.LFE111
 1523 0008 00000000 		.4byte	.LFB112
 1524 000c 10000000 		.4byte	.LFE112
 1525 0010 00000000 		.4byte	.LFB113
 1526 0014 0C000000 		.4byte	.LFE113
 1527 0018 00000000 		.4byte	.LFB114
 1528 001c 1A000000 		.4byte	.LFE114
 1529 0020 00000000 		.4byte	.LFB115
 1530 0024 3C000000 		.4byte	.LFE115
 1531 0028 00000000 		.4byte	.LFB116
 1532 002c 1C000000 		.4byte	.LFE116
 1533 0030 00000000 		.4byte	.LFB110
ARM GAS  C:\Users\acer\AppData\Local\Temp\ccxwd8Nf.s 			page 32


 1534 0034 12000000 		.4byte	.LFE110
 1535 0038 00000000 		.4byte	0
 1536 003c 00000000 		.4byte	0
 1537              		.section	.debug_line,"",%progbits
 1538              	.Ldebug_line0:
 1539 0000 F1020000 		.section	.debug_str,"MS",%progbits,1
 1539      02005502 
 1539      00000201 
 1539      FB0E0D00 
 1539      01010101 
 1540              	.LASF78:
 1541 0000 53455645 		.ascii	"SEVEN_Init\000"
 1541      4E5F496E 
 1541      697400
 1542              	.LASF59:
 1543 000b 70617474 		.ascii	"pattern\000"
 1543      65726E00 
 1544              	.LASF38:
 1545 0013 52435F45 		.ascii	"RC_ERROR_READ_ONLY\000"
 1545      52524F52 
 1545      5F524541 
 1545      445F4F4E 
 1545      4C5900
 1546              	.LASF24:
 1547 0026 52435F53 		.ascii	"RC_SUCCESS\000"
 1547      55434345 
 1547      535300
 1548              	.LASF39:
 1549 0031 52435F45 		.ascii	"RC_ERROR_WRITE_ONLY\000"
 1549      52524F52 
 1549      5F575249 
 1549      54455F4F 
 1549      4E4C5900 
 1550              	.LASF2:
 1551 0045 73686F72 		.ascii	"short int\000"
 1551      7420696E 
 1551      7400
 1552              	.LASF30:
 1553 004f 52435F45 		.ascii	"RC_ERROR_OVERRUN\000"
 1553      52524F52 
 1553      5F4F5645 
 1553      5252554E 
 1553      00
 1554              	.LASF42:
 1555 0060 52435F45 		.ascii	"RC_ERROR_WRITE_FAILS\000"
 1555      52524F52 
 1555      5F575249 
 1555      54455F46 
 1555      41494C53 
 1556              	.LASF22:
 1557 0075 73697A65 		.ascii	"sizetype\000"
 1557      74797065 
 1557      00
 1558              	.LASF51:
 1559 007e 53455645 		.ascii	"SEVEN_0\000"
 1559      4E5F3000 
 1560              	.LASF27:
ARM GAS  C:\Users\acer\AppData\Local\Temp\ccxwd8Nf.s 			page 33


 1561 0086 52435F45 		.ascii	"RC_ERROR_ZERO\000"
 1561      52524F52 
 1561      5F5A4552 
 1561      4F00
 1562              	.LASF20:
 1563 0094 45455F46 		.ascii	"EE_FREG\000"
 1563      52454700 
 1564              	.LASF40:
 1565 009c 52435F45 		.ascii	"RC_ERROR_INVALID\000"
 1565      52524F52 
 1565      5F494E56 
 1565      414C4944 
 1565      00
 1566              	.LASF18:
 1567 00ad 45455F55 		.ascii	"EE_UINT32\000"
 1567      494E5433 
 1567      3200
 1568              	.LASF21:
 1569 00b7 45455F54 		.ascii	"EE_TID\000"
 1569      494400
 1570              	.LASF55:
 1571 00be 76616C75 		.ascii	"value\000"
 1571      6500
 1572              	.LASF11:
 1573 00c4 75696E74 		.ascii	"uint8_t\000"
 1573      385F7400 
 1574              	.LASF47:
 1575 00cc 52435F45 		.ascii	"RC_ERROR_INVALID_STATE\000"
 1575      52524F52 
 1575      5F494E56 
 1575      414C4944 
 1575      5F535441 
 1576              	.LASF70:
 1577 00e3 45455F49 		.ascii	"EE_IRQ_nesting_level\000"
 1577      52515F6E 
 1577      65737469 
 1577      6E675F6C 
 1577      6576656C 
 1578              	.LASF69:
 1579 00f8 45455F73 		.ascii	"EE_std_endcycle_next_tid\000"
 1579      74645F65 
 1579      6E646379 
 1579      636C655F 
 1579      6E657874 
 1580              	.LASF0:
 1581 0111 7369676E 		.ascii	"signed char\000"
 1581      65642063 
 1581      68617200 
 1582              	.LASF13:
 1583 011d 666C6F61 		.ascii	"float\000"
 1583      7400
 1584              	.LASF49:
 1585 0123 52435F45 		.ascii	"RC_ERROR_NOT_IMPLEMENTED\000"
 1585      52524F52 
 1585      5F4E4F54 
 1585      5F494D50 
 1585      4C454D45 
ARM GAS  C:\Users\acer\AppData\Local\Temp\ccxwd8Nf.s 			page 34


 1586              	.LASF8:
 1587 013c 6C6F6E67 		.ascii	"long long int\000"
 1587      206C6F6E 
 1587      6720696E 
 1587      7400
 1588              	.LASF67:
 1589 014a 45455F6F 		.ascii	"EE_oo_IRQ_suspend_status\000"
 1589      6F5F4952 
 1589      515F7375 
 1589      7370656E 
 1589      645F7374 
 1590              	.LASF60:
 1591 0163 53455645 		.ascii	"SEVEN_SetHex\000"
 1591      4E5F5365 
 1591      74486578 
 1591      00
 1592              	.LASF43:
 1593 0170 52435F45 		.ascii	"RC_ERROR_NOT_MATCH\000"
 1593      52524F52 
 1593      5F4E4F54 
 1593      5F4D4154 
 1593      434800
 1594              	.LASF48:
 1595 0183 52435F45 		.ascii	"RC_ERROR_UNKNOWN\000"
 1595      52524F52 
 1595      5F554E4B 
 1595      4E4F574E 
 1595      00
 1596              	.LASF56:
 1597 0194 53455645 		.ascii	"SEVEN_Set\000"
 1597      4E5F5365 
 1597      7400
 1598              	.LASF6:
 1599 019e 6C6F6E67 		.ascii	"long int\000"
 1599      20696E74 
 1599      00
 1600              	.LASF31:
 1601 01a7 52435F45 		.ascii	"RC_ERROR_UNDERRUN\000"
 1601      52524F52 
 1601      5F554E44 
 1601      45525255 
 1601      4E00
 1602              	.LASF34:
 1603 01b9 52435F45 		.ascii	"RC_ERROR_BUSY\000"
 1603      52524F52 
 1603      5F425553 
 1603      5900
 1604              	.LASF4:
 1605 01c7 5F5F7569 		.ascii	"__uint8_t\000"
 1605      6E74385F 
 1605      7400
 1606              	.LASF64:
 1607 01d1 53455645 		.ascii	"SEVEN__latch_value\000"
 1607      4E5F5F6C 
 1607      61746368 
 1607      5F76616C 
 1607      756500
ARM GAS  C:\Users\acer\AppData\Local\Temp\ccxwd8Nf.s 			page 35


 1608              	.LASF58:
 1609 01e4 53455645 		.ascii	"SEVEN_Ret\000"
 1609      4E5F5265 
 1609      7400
 1610              	.LASF65:
 1611 01ee 53455645 		.ascii	"SEVEN__latch_pattern\000"
 1611      4E5F5F6C 
 1611      61746368 
 1611      5F706174 
 1611      7465726E 
 1612              	.LASF45:
 1613 0203 52435F45 		.ascii	"RC_ERROR_BAD_DATA\000"
 1613      52524F52 
 1613      5F424144 
 1613      5F444154 
 1613      4100
 1614              	.LASF54:
 1615 0215 73657665 		.ascii	"sevenId\000"
 1615      6E496400 
 1616              	.LASF76:
 1617 021d 736F7572 		.ascii	"source\\bsw\\LabBoard\\seven.c\000"
 1617      63655C62 
 1617      73775C4C 
 1617      6162426F 
 1617      6172645C 
 1618              	.LASF62:
 1619 0239 53455645 		.ascii	"SEVEN_Clear\000"
 1619      4E5F436C 
 1619      65617200 
 1620              	.LASF16:
 1621 0245 6C6F6E67 		.ascii	"long double\000"
 1621      20646F75 
 1621      626C6500 
 1622              	.LASF1:
 1623 0251 756E7369 		.ascii	"unsigned char\000"
 1623      676E6564 
 1623      20636861 
 1623      7200
 1624              	.LASF52:
 1625 025f 53455645 		.ascii	"SEVEN_1\000"
 1625      4E5F3100 
 1626              	.LASF9:
 1627 0267 6C6F6E67 		.ascii	"long long unsigned int\000"
 1627      206C6F6E 
 1627      6720756E 
 1627      7369676E 
 1627      65642069 
 1628              	.LASF10:
 1629 027e 756E7369 		.ascii	"unsigned int\000"
 1629      676E6564 
 1629      20696E74 
 1629      00
 1630              	.LASF36:
 1631 028b 52435F45 		.ascii	"RC_ERROR_OPEN\000"
 1631      52524F52 
 1631      5F4F5045 
 1631      4E00
ARM GAS  C:\Users\acer\AppData\Local\Temp\ccxwd8Nf.s 			page 36


 1632              	.LASF63:
 1633 0299 53455645 		.ascii	"SEVEN__BitPattern\000"
 1633      4E5F5F42 
 1633      69745061 
 1633      74746572 
 1633      6E00
 1634              	.LASF26:
 1635 02ab 52435F45 		.ascii	"RC_ERROR_NULL\000"
 1635      52524F52 
 1635      5F4E554C 
 1635      4C00
 1636              	.LASF33:
 1637 02b9 52435F45 		.ascii	"RC_ERROR_BUFFER_EMTPY\000"
 1637      52524F52 
 1637      5F425546 
 1637      4645525F 
 1637      454D5450 
 1638              	.LASF17:
 1639 02cf 45455F49 		.ascii	"EE_INT32\000"
 1639      4E543332 
 1639      00
 1640              	.LASF3:
 1641 02d8 73686F72 		.ascii	"short unsigned int\000"
 1641      7420756E 
 1641      7369676E 
 1641      65642069 
 1641      6E7400
 1642              	.LASF75:
 1643 02eb 474E5520 		.ascii	"GNU C11 5.4.1 20160609 (release) [ARM/embedded-5-br"
 1643      43313120 
 1643      352E342E 
 1643      31203230 
 1643      31363036 
 1644 031e 616E6368 		.ascii	"anch revision 237715] -mcpu=cortex-m3 -mthumb -g -O"
 1644      20726576 
 1644      6973696F 
 1644      6E203233 
 1644      37373135 
 1645 0351 67202D66 		.ascii	"g -ffunction-sections -ffat-lto-objects\000"
 1645      66756E63 
 1645      74696F6E 
 1645      2D736563 
 1645      74696F6E 
 1646              	.LASF73:
 1647 0379 53455645 		.ascii	"SEVEN_reg_Write\000"
 1647      4E5F7265 
 1647      675F5772 
 1647      69746500 
 1648              	.LASF15:
 1649 0389 63686172 		.ascii	"char\000"
 1649      00
 1650              	.LASF61:
 1651 038e 53455645 		.ascii	"SEVEN_SetDP\000"
 1651      4E5F5365 
 1651      74445000 
 1652              	.LASF32:
 1653 039a 52435F45 		.ascii	"RC_ERROR_BUFFER_FULL\000"
ARM GAS  C:\Users\acer\AppData\Local\Temp\ccxwd8Nf.s 			page 37


 1653      52524F52 
 1653      5F425546 
 1653      4645525F 
 1653      46554C4C 
 1654              	.LASF12:
 1655 03af 696E7433 		.ascii	"int32_t\000"
 1655      325F7400 
 1656              	.LASF57:
 1657 03b7 53455645 		.ascii	"SEVEN_Get\000"
 1657      4E5F4765 
 1657      7400
 1658              	.LASF41:
 1659 03c1 52435F45 		.ascii	"RC_ERROR_READ_FAILS\000"
 1659      52524F52 
 1659      5F524541 
 1659      445F4641 
 1659      494C5300 
 1660              	.LASF44:
 1661 03d5 52435F45 		.ascii	"RC_ERROR_BAD_PARAM\000"
 1661      52524F52 
 1661      5F424144 
 1661      5F504152 
 1661      414D00
 1662              	.LASF68:
 1663 03e8 45455F41 		.ascii	"EE_ApplicationMode\000"
 1663      70706C69 
 1663      63617469 
 1663      6F6E4D6F 
 1663      646500
 1664              	.LASF7:
 1665 03fb 6C6F6E67 		.ascii	"long unsigned int\000"
 1665      20756E73 
 1665      69676E65 
 1665      6420696E 
 1665      7400
 1666              	.LASF14:
 1667 040d 646F7562 		.ascii	"double\000"
 1667      6C6500
 1668              	.LASF53:
 1669 0414 53455645 		.ascii	"SEVEN_id_t\000"
 1669      4E5F6964 
 1669      5F7400
 1670              	.LASF37:
 1671 041f 52435F45 		.ascii	"RC_ERROR_CHECKSUM\000"
 1671      52524F52 
 1671      5F434845 
 1671      434B5355 
 1671      4D00
 1672              	.LASF19:
 1673 0431 45455F55 		.ascii	"EE_UREG\000"
 1673      52454700 
 1674              	.LASF29:
 1675 0439 52435F45 		.ascii	"RC_ERROR_RANGE\000"
 1675      52524F52 
 1675      5F52414E 
 1675      474500
 1676              	.LASF5:
ARM GAS  C:\Users\acer\AppData\Local\Temp\ccxwd8Nf.s 			page 38


 1677 0448 5F5F696E 		.ascii	"__int32_t\000"
 1677      7433325F 
 1677      7400
 1678              	.LASF74:
 1679 0452 53455645 		.ascii	"SEVEN_DP_Write\000"
 1679      4E5F4450 
 1679      5F577269 
 1679      746500
 1680              	.LASF77:
 1681 0461 433A5C53 		.ascii	"C:\\Sandbox\\AMA_EOS\\Lab1\\Lab1_Final\\Lab1\\React"
 1681      616E6462 
 1681      6F785C41 
 1681      4D415F45 
 1681      4F535C4C 
 1682 048e 696F6E47 		.ascii	"ionGame.cydsn\000"
 1682      616D652E 
 1682      63796473 
 1682      6E00
 1683              	.LASF46:
 1684 049c 52435F45 		.ascii	"RC_ERROR_CANCELED\000"
 1684      52524F52 
 1684      5F43414E 
 1684      43454C45 
 1684      4400
 1685              	.LASF72:
 1686 04ae 53455645 		.ascii	"SEVEN_SELECT_Write\000"
 1686      4E5F5345 
 1686      4C454354 
 1686      5F577269 
 1686      746500
 1687              	.LASF71:
 1688 04c1 49544D5F 		.ascii	"ITM_RxBuffer\000"
 1688      52784275 
 1688      66666572 
 1688      00
 1689              	.LASF25:
 1690 04ce 52435F45 		.ascii	"RC_ERROR\000"
 1690      52524F52 
 1690      00
 1691              	.LASF28:
 1692 04d7 52435F45 		.ascii	"RC_ERROR_MEMORY\000"
 1692      52524F52 
 1692      5F4D454D 
 1692      4F525900 
 1693              	.LASF66:
 1694 04e7 45455F6F 		.ascii	"EE_oo_IRQ_disable_count\000"
 1694      6F5F4952 
 1694      515F6469 
 1694      7361626C 
 1694      655F636F 
 1695              	.LASF50:
 1696 04ff 52435F74 		.ascii	"RC_t\000"
 1696      00
 1697              	.LASF23:
 1698 0504 73696E74 		.ascii	"sint8_t\000"
 1698      385F7400 
 1699              	.LASF35:
ARM GAS  C:\Users\acer\AppData\Local\Temp\ccxwd8Nf.s 			page 39


 1700 050c 52435F45 		.ascii	"RC_ERROR_TIME_OUT\000"
 1700      52524F52 
 1700      5F54494D 
 1700      455F4F55 
 1700      5400
 1701              		.ident	"GCC: (GNU Tools for ARM Embedded Processors) 5.4.1 20160609 (release) [ARM/embedded-5-bran
